        -:    0:Source:/home/mateusz/repos/tinycc/ir/opt_dce.c
        -:    0:Graph:build/ir/opt_dce.gcno
        -:    0:Data:build/ir/opt_dce.gcda
        -:    0:Runs:1
        -:    1:/*
        -:    2: *  TCC IR - Dead Code & Cleanup Passes
        -:    3: *
        -:    4: *  Copyright (c) 2025 Mateusz Stadnik
        -:    5: *
        -:    6: * This library is free software; you can redistribute it and/or
        -:    7: * modify it under the terms of the GNU Lesser General Public
        -:    8: * License as published by the Free Software Foundation.
        -:    9: */
        -:   10:
        -:   11:#define USING_GLOBALS
        -:   12:
        -:   13:#include "ir.h"
        -:   14:#include "opt.h"
        -:   15:#include "opt_engine.h"
        -:   16:#include "opt_xform.h"
        -:   17:#include "opt_alias.h"
        -:   18:#include "opt_utils.h"
        -:   19:#include "opt_du.h"
        -:   20:#include "opt_loop_utils.h"
        -:   21:#include "cfg.h"
        -:   22:#include "licm.h"
        -:   23:
       24:   24:int tcc_ir_callee_is_noreturn(Sym *callee)
        -:   25:{
       24:   26:  if (!callee)
        2:   27:    return 0;
       22:   28:  if (callee->type.ref && callee->type.ref->f.func_noreturn)
        5:   29:    return 1;
        -:   30:
       17:   31:  ElfSym *esym = elfsym(callee);
      17*:   32:  if (esym && esym->st_shndx != SHN_UNDEF)
    #####:   33:    return 0;
        -:   34:
      17*:   35:  const char *name = get_tok_str(callee->asm_label ? callee->asm_label : callee->v, NULL);
       23:   36:  return name && (!strcmp(name, "abort") || !strcmp(name, "exit") || !strcmp(name, "_Exit") ||
        6:   37:                  !strcmp(name, "quick_exit"));
        -:   38:}
        -:   39:
        -:   40:/* Dead Code Elimination pass
        -:   41: * Removes unreachable instructions by following control flow from entry.
        -:   42: * Returns 1 if any instructions were eliminated, 0 otherwise.
        -:   43: */
        -:   44:static int tcc_ir_opt_dce__timed(TCCIRState *ir);
       58:   45:int tcc_ir_opt_dce(TCCIRState *ir)
        -:   46:{
       58:   47:  tcc_pass_timing_init();
       58:   48:  if (!tcc_pass_timing_on) return tcc_ir_opt_dce__timed(ir);
        1:   49:  unsigned long _t = tcc_pass_clk_us();
        1:   50:  int _r = tcc_ir_opt_dce__timed(ir);
        1:   51:  tcc_pass_timing_add("dce", tcc_pass_clk_us() - _t);
        1:   52:  return _r;
        -:   53:}
       58:   54:static int tcc_ir_opt_dce__timed(TCCIRState *ir)
        -:   55:{
       58:   56:  int n = ir->next_instruction_index;
       58:   57:  if (n == 0)
        1:   58:    return 0;
        -:   59:
        -:   60:  /* If the function contains any IJUMP (computed goto / indirect jump),
        -:   61:   * skip DCE entirely.  The targets of an IJUMP are determined at runtime
        -:   62:   * (typically via labels-as-values stored in arrays), so we cannot
        -:   63:   * statically determine which basic blocks are reachable from them.
        -:   64:   * Attempting to do DCE would incorrectly eliminate label target blocks
        -:   65:   * that are only reachable through the computed goto. */
      310:   66:  for (int i = 0; i < n; i++)
        -:   67:  {
      254:   68:    if (ir->compact_instructions[i].op == TCCIR_OP_IJUMP)
        1:   69:      return 0;
        -:   70:  }
        -:   71:
       56:   72:  uint8_t *reachable = tcc_mallocz((n + 7) / 8);
       56:   73:  int *worklist = tcc_malloc(n * sizeof(int));
       56:   74:  int worklist_head = 0, worklist_tail = 0;
        -:   75:
        -:   76:/* Mark instruction as reachable if not already marked */
        -:   77:#define MARK_REACHABLE(idx)                                                                                            \
        -:   78:  do                                                                                                                   \
        -:   79:  {                                                                                                                    \
        -:   80:    if ((idx) >= 0 && (idx) < n && !(reachable[(idx) / 8] & (1 << ((idx) % 8))))                                       \
        -:   81:    {                                                                                                                  \
        -:   82:      reachable[(idx) / 8] |= (1 << ((idx) % 8));                                                                      \
        -:   83:      worklist[worklist_tail++] = (idx);                                                                               \
        -:   84:    }                                                                                                                  \
        -:   85:  } while (0)
        -:   86:
        -:   87:  /* Start from instruction 0 */
       56:   88:  MARK_REACHABLE(0);
        -:   89:
      264:   90:  while (worklist_head < worklist_tail)
        -:   91:  {
      208:   92:    int i = worklist[worklist_head++];
      208:   93:    IRQuadCompact *q = &ir->compact_instructions[i];
      208:   94:    IROperand dest = tcc_ir_op_get_dest(ir, q);
      208:   95:    switch (q->op)
        -:   96:    {
       32:   97:    case TCCIR_OP_JUMP:
        -:   98:      /* Unconditional jump - only the target is reachable */
       32:   99:      MARK_REACHABLE((int)dest.u.imm32);
       32:  100:      break;
        6:  101:    case TCCIR_OP_JUMPIF:
        -:  102:      /* Conditional jump - both target and fall-through are reachable */
        6:  103:      MARK_REACHABLE((int)dest.u.imm32);
        6:  104:      MARK_REACHABLE(i + 1);
        6:  105:      break;
        1:  106:    case TCCIR_OP_SWITCH_TABLE:
        -:  107:    {
        -:  108:      /* Switch table - all targets are reachable */
        1:  109:      IROperand src2 = tcc_ir_op_get_src2(ir, q);
        1:  110:      int table_id = (int)irop_get_imm64_ex(ir, src2);
        1:  111:      if (table_id >= 0 && table_id < ir->num_switch_tables)
        -:  112:      {
        1:  113:        TCCIRSwitchTable *table = &ir->switch_tables[table_id];
        3:  114:        for (int j = 0; j < table->num_entries; j++)
        2:  115:          MARK_REACHABLE(table->targets[j]);
        -:  116:        /* Also mark the default target */
        1:  117:        MARK_REACHABLE(table->default_target);
        -:  118:      }
        -:  119:      /* SWITCH_TABLE is a terminator - no fall-through */
        1:  120:      break;
        -:  121:    }
    #####:  122:    case TCCIR_OP_IJUMP:
        -:  123:      /* Indirect jump (computed goto).
        -:  124:         The successor set is not statically known, but in typical patterns
        -:  125:         (like GCC's labels-as-values jump tables) targets are within the same
        -:  126:         function and code continues at/after those labels.
        -:  127:         Conservatively keep fall-through reachable to avoid deleting label
        -:  128:         blocks and subsequent code. */
    #####:  129:      MARK_REACHABLE(i + 1);
    #####:  130:      break;
       44:  131:    case TCCIR_OP_RETURNVALUE:
        -:  132:    case TCCIR_OP_RETURNVOID:
        -:  133:    case TCCIR_OP_TRAP:
        -:  134:      /* Return/trap - no successor (epilogue is implicit, trap never returns) */
       44:  135:      break;
        9:  136:    case TCCIR_OP_FUNCCALLVAL:
        -:  137:    case TCCIR_OP_FUNCCALLVOID:
        -:  138:    {
        -:  139:      /* If the callee is provably noreturn (either attributed or inferred by
        -:  140:       * the inter-procedural noreturn_collapse / infinite_self_recursion /
        -:  141:       * uninit_dom_return passes — they set sym->f.func_noreturn at end of
        -:  142:       * gen_function), the call never returns and code after it is dead. */
        9:  143:      Sym *callee = irop_get_sym_ex(ir, tcc_ir_op_get_src1(ir, q));
        9:  144:      if (tcc_ir_callee_is_noreturn(callee))
        2:  145:        break; /* terminator: no fall-through */
        7:  146:      MARK_REACHABLE(i + 1);
        7:  147:      break;
        -:  148:    }
      116:  149:    default:
        -:  150:      /* All other instructions fall through to the next */
      116:  151:      MARK_REACHABLE(i + 1);
      116:  152:      break;
        -:  153:    }
        -:  154:  }
        -:  155:
        -:  156:#undef MARK_REACHABLE
        -:  157:
        -:  158:  /* Mark unreachable instructions as NOP (no array compaction needed) */
       56:  159:  int changes = 0;
      309:  160:  for (int i = 0; i < n; i++)
        -:  161:  {
      253:  162:    if (!(reachable[i / 8] & (1 << (i % 8))))
        -:  163:    {
       45:  164:      ir->compact_instructions[i].op = TCCIR_OP_NOP;
       45:  165:      changes++;
        -:  166:    }
        -:  167:  }
        -:  168:
       56:  169:  tcc_free(reachable);
       56:  170:  tcc_free(worklist);
        -:  171:
       56:  172:  return changes;
        -:  173:}
        -:  174:
        1:  175:int tcc_ir_opt_dce_ex(IROptCtx *ctx)
        -:  176:{
        1:  177:  return tcc_ir_opt_dce(ctx->ir);
        -:  178:}
        -:  179:
        -:  180:/* Orphan CMP elimination - NOP CMP/TEST_ZERO (and FUNCCALLVOID to flag-setting
        -:  181: * soft-float compare helpers __aeabi_cfcmple / __aeabi_cdcmple) whose flag
        -:  182: * result is not consumed by a SETIF or JUMPIF before the next flag-clobbering
        -:  183: * op or basic-block boundary.  Various folding passes can leave orphan flag
        -:  184: * setters behind when their SETIF/JUMPIF consumers get folded into constants
        -:  185: * or get NOPed by degenerate-branch elimination — the flag setter itself
        -:  186: * looks "essential" to plain DCE (it sets flags as a side effect) but is
        -:  187: * observably dead.
        -:  188: *
        -:  189: * Flag semantics on ARM (and modeled in this IR): JUMP does not clobber
        -:  190: * flags; an unconditional JUMP after a CMP propagates the flags to the
        -:  191: * target block, where they may be consumed by a SETIF.  We follow JUMPs
        -:  192: * (with a visited bitmap to bound work) but stop at JUMPIF on the safe
        -:  193: * side — it consumes our flags so the CMP is live anyway. */
       17:  194:static int orphan_cmp_scan(TCCIRState *ir, int from_idx, uint8_t *visited)
        -:  195:{
       17:  196:  int n = ir->next_instruction_index;
       17:  197:  int j = from_idx;
       20:  198:  while (j < n)
        -:  199:  {
       20:  200:    if (visited[j / 8] & (1 << (j % 8)))
        1:  201:      return 0; /* loop — conservatively LIVE */
       19:  202:    visited[j / 8] |= (1 << (j % 8));
        -:  203:
       19:  204:    IRQuadCompact *nq = &ir->compact_instructions[j];
      19*:  205:    if (nq->op == TCCIR_OP_NOP)
        -:  206:    {
    #####:  207:      j++;
    #####:  208:      continue;
        -:  209:    }
        -:  210:    /* A join point (jump_target) is reached by alternate predecessors that
        -:  211:     * may not have executed our flag setter.  We still continue scanning:
        -:  212:     * if no SETIF/JUMPIF consumer is found before the next flag clobber or
        -:  213:     * function exit, our flag setter is observably dead.  (Finding a
        -:  214:     * consumer downstream means our setter IS read on our path, regardless
        -:  215:     * of what alternate predecessors did.) */
        -:  216:
       19:  217:    switch (nq->op)
        -:  218:    {
        5:  219:    case TCCIR_OP_SETIF:
        -:  220:    case TCCIR_OP_JUMPIF:
        -:  221:    case TCCIR_OP_SELECT:
        -:  222:      /* Consumer of our flags - CMP is live.  (SELECT reads the CMP flags via
        -:  223:       * its ITE block, exactly like SETIF/JUMPIF.) */
        5:  224:      return 0;
        3:  225:    case TCCIR_OP_JUMP:
        3:  226:    {
        -:  227:      /* Flags propagate across unconditional JUMPs.  Follow the target. */
        3:  228:      IROperand dest = tcc_ir_op_get_dest(ir, nq);
        3:  229:      int target = (int)dest.u.imm32;
        3:  230:      if (target < 0)
    #####:  231:        return 0; /* defensive: malformed JUMP — keep CMP */
        3:  232:      if (target >= n)
    #####:  233:        return 1; /* JUMP past end (implicit return) — no consumer */
        3:  234:      j = target;
        3:  235:      continue;
        -:  236:    }
       11:  237:    case TCCIR_OP_CMP:
        -:  238:    case TCCIR_OP_TEST_ZERO:
        -:  239:    case TCCIR_OP_RETURNVALUE:
        -:  240:    case TCCIR_OP_RETURNVOID:
        -:  241:    case TCCIR_OP_TRAP:
        -:  242:    case TCCIR_OP_IJUMP:
        -:  243:    case TCCIR_OP_SWITCH_TABLE:
        -:  244:    case TCCIR_OP_FUNCCALLVAL:
        -:  245:    case TCCIR_OP_FUNCCALLVOID:
        -:  246:      /* Flag-clobbering or terminator before any consumer. */
       11:  247:      return 1;
    #####:  248:    default:
    #####:  249:      break;
        -:  250:    }
    #####:  251:    j++;
        -:  252:  }
        -:  253:  /* End of function with no consumer found. */
    #####:  254:  return 1;
        -:  255:}
        -:  256:
       19:  257:int tcc_ir_opt_orphan_cmp_elim(TCCIRState *ir)
        -:  258:{
       19:  259:  int n = ir->next_instruction_index;
       19:  260:  if (n == 0)
    #####:  261:    return 0;
        -:  262:
       19:  263:  int changes = 0;
       19:  264:  int bytes = (n + 7) / 8;
       19:  265:  uint8_t *visited = tcc_mallocz(bytes);
       75:  266:  for (int i = 0; i < n; i++)
        -:  267:  {
       56:  268:    IRQuadCompact *q = &ir->compact_instructions[i];
       56:  269:    int is_flag_cmp_call = 0;
        -:  270:
       56:  271:    if (q->op == TCCIR_OP_FUNCCALLVOID)
        -:  272:    {
        3:  273:      Sym *callee = irop_get_sym_ex(ir, tcc_ir_op_get_src1(ir, q));
       3*:  274:      const char *name = callee ? get_tok_str(callee->v, NULL) : NULL;
       3*:  275:      if (!ir_opt_is_flag_cmp_helper_name(name))
    #####:  276:        continue;
        3:  277:      is_flag_cmp_call = 1;
        -:  278:    }
       53:  279:    else if (q->op != TCCIR_OP_CMP && q->op != TCCIR_OP_TEST_ZERO)
       38:  280:      continue;
        -:  281:
       18:  282:    if (q->is_jump_target)
        1:  283:      continue;
        -:  284:
       34:  285:    for (int b = 0; b < bytes; b++)
       17:  286:      visited[b] = 0;
        -:  287:
       17:  288:    if (orphan_cmp_scan(ir, i + 1, visited))
        -:  289:    {
       11:  290:      if (is_flag_cmp_call)
        2:  291:        ir_opt_nop_call_params(ir, i);
       11:  292:      q->op = TCCIR_OP_NOP;
       11:  293:      changes++;
        -:  294:    }
        -:  295:  }
       19:  296:  tcc_free(visited);
       19:  297:  return changes;
        -:  298:}
        -:  299:
    #####:  300:int tcc_ir_opt_orphan_cmp_elim_ex(IROptCtx *ctx)
        -:  301:{
    #####:  302:  return tcc_ir_opt_orphan_cmp_elim(ctx->ir);
        -:  303:}
        -:  304:
        -:  305:/* ============================================================================
        -:  306: * Useless Function Body - if no instruction in the function has an observable
        -:  307: * side effect, NOP the entire body.
        -:  308: * ============================================================================
        -:  309: *
        -:  310: * After all the data-flow folds (const prop, store-load fwd, DCE/DSE) run,
        -:  311: * a function body can be reduced to a forest of LOAD/CMP/JUMPIF chains whose
        -:  312: * eventual consumer (a STORE, CALL, RETURNVALUE, ...) has been killed.  None
        -:  313: * of the surviving ops can be eliminated individually:
        -:  314: *   - LOAD/ASSIGN from a non-volatile sym: still has a "use" via the temp
        -:  315: *   - CMP: uses the temp from the LOAD
        -:  316: *   - JUMPIF: keeps the CMP alive (control op, no temp dest)
        -:  317: * Each link of the chain is alive because the next link reads it, but the
        -:  318: * tail of the chain (the JUMPIF) leads nowhere observable.
        -:  319: *
        -:  320: * If we can prove the *entire function* has no observable side effect, we
        -:  321: * can drop the whole body.  This is the GCC -O2 behavior for things like
        -:  322: * compile/20040304-2.c — a void function whose only "work" is comparing
        -:  323: * cast-folded zeros and conditionally storing into a dead path.
        -:  324: *
        -:  325: * Essential ops (function has observable behavior; skip the pass):
        -:  326: *   - STORE / STORE_INDEXED / STORE_POSTINC, except late-reopt direct writes
        -:  327: *     to non-volatile PARAM vregs after their caller-visible consumers died
        -:  328: *   - FUNCCALLVAL / FUNCCALLVOID unless the callee is a curated pure aeabi helper
        -:  329: *   - FUNCPARAMVAL / FUNCPARAMVOID unless it belongs to such a pure call
        -:  330: *   - RETURNVALUE / TRAP / IJUMP
        -:  331: *   - INLINE_ASM / ASM_INPUT / ASM_OUTPUT
        -:  332: *   - CALLSEQ_BEGIN / CALLARG_REG / CALLARG_STACK / CALLSEQ_END
        -:  333: *   - INIT_CHAIN_SLOT (writes nested-fn chain slot)
        -:  334: *   - PREFETCH (architectural hint — keep conservatively)
        -:  335: *   - SETJMP / LONGJMP / NL_SETJMP / NL_LONGJMP
        -:  336: *   - BUILTIN_APPLY_ARGS / BUILTIN_APPLY / BUILTIN_RETURN
        -:  337: *   - VLA_ALLOC / VLA_SP_SAVE / VLA_SP_RESTORE (stack manipulation)
        -:  338: *   - BLOCK_COPY (memory write)
        -:  339: *   - SWITCH_TABLE / SWITCH_LOAD (jumps + loads)
        -:  340: *   - any LOAD/ASSIGN/CMP/... whose src1/src2 references a sym with VT_VOLATILE
        -:  341: *
        -:  342: * Everything else is "non-essential": pure arithmetic, comparisons, jumps,
        -:  343: * loads from non-volatile memory, etc.  When the entire body is non-essential,
        -:  344: * the function is observationally a no-op and we NOP everything.
        -:  345: */
        1:  346:static int ir_opt_pure_call_id_test(const uint8_t *pure_call_ids, int pure_call_id_bytes, int call_id)
        -:  347:{
       2*:  348:  return call_id >= 0 && call_id / 8 < pure_call_id_bytes &&
        1:  349:         (pure_call_ids[call_id / 8] & (uint8_t)(1u << (call_id & 7)));
        -:  350:}
        -:  351:
        1:  352:static void ir_opt_pure_call_id_mark(uint8_t **pure_call_ids, int *pure_call_id_bytes, int call_id)
        -:  353:{
        1:  354:  if (call_id < 0)
    #####:  355:    return;
        -:  356:
        1:  357:  int needed_bytes = call_id / 8 + 1;
        1:  358:  if (needed_bytes > *pure_call_id_bytes)
        -:  359:  {
        1:  360:    int old_bytes = *pure_call_id_bytes;
       1*:  361:    int new_bytes = old_bytes ? old_bytes * 2 : 32;
        1:  362:    while (new_bytes < needed_bytes)
    #####:  363:      new_bytes *= 2;
        1:  364:    *pure_call_ids = tcc_realloc(*pure_call_ids, new_bytes);
        1:  365:    memset(*pure_call_ids + old_bytes, 0, new_bytes - old_bytes);
        1:  366:    *pure_call_id_bytes = new_bytes;
        -:  367:  }
        -:  368:
        1:  369:  (*pure_call_ids)[call_id / 8] |= (uint8_t)(1u << (call_id & 7));
        -:  370:}
        -:  371:
        4:  372:static int ir_opt_callee_is_body_elidable(TCCIRState *ir, Sym *callee)
        -:  373:{
        4:  374:  if (!callee)
    #####:  375:    return 0;
        -:  376:
        4:  377:  const char *name = get_tok_str(callee->v, NULL);
        4:  378:  if (name && tcc_ir_is_pure_aeabi(name))
        2:  379:    return 1;
        -:  380:
        -:  381:  /* Flag-setting soft-float compares (__aeabi_cfcmple / __aeabi_cdcmple) and
        -:  382:   * float negation helpers (__aeabi_fneg / __aeabi_dneg) have no observable
        -:  383:   * side effects beyond their result (CPSR flags or return value), so they
        -:  384:   * are elidable when the surrounding body is otherwise side-effect-free. */
        2:  385:  if (name && ir_opt_is_flag_cmp_helper_name(name))
    #####:  386:    return 1;
        2:  387:  if (name && (strcmp(name, "__aeabi_fneg") == 0 || strcmp(name, "__aeabi_dneg") == 0))
    #####:  388:    return 1;
        -:  389:
        2:  390:  return tcc_ir_get_func_purity(ir, callee) >= TCC_FUNC_PURITY_PURE;
        -:  391:}
        -:  392:
    #####:  393:static int ir_opt_param_vreg_is_volatile(int param_pos)
        -:  394:{
    #####:  395:  int32_t param_vreg = TCCIR_ENCODE_VREG(TCCIR_VREG_TYPE_PARAM, param_pos);
    #####:  396:  if (tcc_state && tcc_state->ir && tcc_ir_vreg_is_valid(tcc_state->ir, param_vreg))
        -:  397:  {
    #####:  398:    IRLiveInterval *iv = tcc_ir_vreg_live_interval(tcc_state->ir, param_vreg);
    #####:  399:    if (iv)
    #####:  400:      return iv->is_volatile != 0;
        -:  401:  }
        -:  402:
    #####:  403:  for (Sym *sym = local_stack; sym; sym = sym->prev)
        -:  404:  {
    #####:  405:    if (sym->vreg == param_vreg)
    #####:  406:      return (sym->type.t & VT_VOLATILE) != 0;
        -:  407:  }
        -:  408:
    #####:  409:  if (!tcc_state || !tcc_state->cur_func_sym || !tcc_state->cur_func_sym->type.ref)
    #####:  410:    return 1;
        -:  411:
    #####:  412:  Sym *param = tcc_state->cur_func_sym->type.ref->next;
    #####:  413:  for (int i = 0; param && i < param_pos; i++)
    #####:  414:    param = param->next;
        -:  415:
    #####:  416:  if (!param)
    #####:  417:    return 1;
    #####:  418:  return (param->type.t & VT_VOLATILE) != 0;
        -:  419:}
        -:  420:
    #####:  421:static int ir_opt_vreg_sym_is_volatile(int32_t vr)
        -:  422:{
    #####:  423:  if (tcc_state && tcc_state->ir && tcc_ir_vreg_is_valid(tcc_state->ir, vr))
        -:  424:  {
    #####:  425:    IRLiveInterval *iv = tcc_ir_vreg_live_interval(tcc_state->ir, vr);
    #####:  426:    if (iv)
    #####:  427:      return iv->is_volatile != 0;
        -:  428:  }
        -:  429:
    #####:  430:  for (Sym *sym = local_stack; sym; sym = sym->prev)
        -:  431:  {
    #####:  432:    if (sym->vreg == vr)
    #####:  433:      return (sym->type.t & VT_VOLATILE) != 0;
        -:  434:  }
    #####:  435:  return 0;
        -:  436:}
        -:  437:
    #####:  438:static int ir_opt_direct_auto_vreg_store_is_local(IROperand op)
        -:  439:{
        -:  440:  int32_t vr;
        -:  441:  int vt;
        -:  442:
    #####:  443:  if (op.is_lval || op.is_sym || op.is_llocal)
    #####:  444:    return 0;
        -:  445:
    #####:  446:  vr = irop_get_vreg(op);
    #####:  447:  if (vr < 0)
    #####:  448:    return 0;
        -:  449:
    #####:  450:  vt = TCCIR_DECODE_VREG_TYPE(vr);
    #####:  451:  if (vt == TCCIR_VREG_TYPE_VAR)
    #####:  452:    return !ir_opt_vreg_sym_is_volatile(vr);
    #####:  453:  if (vt == TCCIR_VREG_TYPE_PARAM)
    #####:  454:    return !ir_opt_param_vreg_is_volatile(TCCIR_DECODE_VREG_POSITION(vr));
    #####:  455:  return 0;
        -:  456:}
        -:  457:
       19:  458:static int ir_dce_addrof_var_pos(TCCIRState *ir, IRQuadCompact *q)
        -:  459:{
       19:  460:  if (q->op != TCCIR_OP_LEA && q->op != TCCIR_OP_ASSIGN)
        4:  461:    return -1;
       15:  462:  if (!irop_config[q->op].has_src1)
    #####:  463:    return -1;
        -:  464:
       15:  465:  IROperand s = tcc_ir_op_get_src1(ir, q);
       15:  466:  int32_t vr = irop_get_vreg(s);
       15:  467:  if (vr < 0 || TCCIR_DECODE_VREG_TYPE(vr) != TCCIR_VREG_TYPE_VAR)
       13:  468:    return -1;
       2*:  469:  if (q->op == TCCIR_OP_ASSIGN && !(s.is_local && !s.is_lval))
        2:  470:    return -1;
    #####:  471:  return TCCIR_DECODE_VREG_POSITION(vr);
        -:  472:}
        -:  473:
       12:  474:static int ir_opt_op_is_essential(TCCIRState *ir, IRQuadCompact *q, int idx,
        -:  475:                                  const uint8_t *pure_call_ids, int pure_call_id_bytes)
        -:  476:{
       12:  477:  switch (q->op)
        -:  478:  {
    #####:  479:  case TCCIR_OP_JUMP:
        -:  480:  case TCCIR_OP_JUMPIF:
        -:  481:  {
        -:  482:    /* Backward / self-targeting jumps form loops whose non-termination is
        -:  483:     * itself observable.  uninit_local_ub deliberately collapses functions
        -:  484:     * that read uninit locals to a single JUMP-to-self ("b ."); forward
        -:  485:     * jumps just route over NOPs and can be safely dropped. */
    #####:  486:    IROperand dest = tcc_ir_op_get_dest(ir, q);
    #####:  487:    int target = (int)dest.u.imm32;
    #####:  488:    if (target >= 0 && target <= idx)
    #####:  489:      return 1;
    #####:  490:    return 0;
        -:  491:  }
        3:  492:  case TCCIR_OP_RETURNVALUE:
        -:  493:  case TCCIR_OP_TRAP:
        -:  494:  case TCCIR_OP_IJUMP:
        -:  495:  case TCCIR_OP_INLINE_ASM:
        -:  496:  case TCCIR_OP_ASM_INPUT:
        -:  497:  case TCCIR_OP_ASM_OUTPUT:
        -:  498:  case TCCIR_OP_CALLSEQ_BEGIN:
        -:  499:  case TCCIR_OP_CALLARG_REG:
        -:  500:  case TCCIR_OP_CALLARG_STACK:
        -:  501:  case TCCIR_OP_CALLSEQ_END:
        -:  502:  case TCCIR_OP_INIT_CHAIN_SLOT:
        -:  503:  case TCCIR_OP_PREFETCH:
        -:  504:  case TCCIR_OP_SETJMP:
        -:  505:  case TCCIR_OP_LONGJMP:
        -:  506:  case TCCIR_OP_NL_SETJMP:
        -:  507:  case TCCIR_OP_NL_LONGJMP:
        -:  508:  case TCCIR_OP_BUILTIN_APPLY_ARGS:
        -:  509:  case TCCIR_OP_BUILTIN_APPLY:
        -:  510:  case TCCIR_OP_BUILTIN_RETURN:
        -:  511:  case TCCIR_OP_VLA_ALLOC:
        -:  512:  case TCCIR_OP_VLA_SP_SAVE:
        -:  513:  case TCCIR_OP_VLA_SP_RESTORE:
        -:  514:  case TCCIR_OP_BLOCK_COPY:
        -:  515:  case TCCIR_OP_SWITCH_TABLE:
        -:  516:  case TCCIR_OP_SWITCH_LOAD:
        3:  517:    return 1;
    #####:  518:  case TCCIR_OP_STORE:
        -:  519:  {
    #####:  520:    IROperand dest = tcc_ir_op_get_dest(ir, q);
    #####:  521:    int32_t dest_vr = irop_get_vreg(dest);
    #####:  522:    int dest_vt = TCCIR_DECODE_VREG_TYPE(dest_vr);
        -:  523:    /* A direct write to a non-volatile parameter is not observable once the
        -:  524:     * whole body is otherwise side-effect-free.  Pointer writes, volatile
        -:  525:     * parameter writes, and parent-frame writes remain essential. */
    #####:  526:    if (tcc_state && tcc_state->ir_late_reopt_phase &&
    #####:  527:        !dest.is_lval && !dest.is_sym && !dest.is_llocal &&
    #####:  528:        dest_vt == TCCIR_VREG_TYPE_PARAM &&
    #####:  529:        !ir_opt_param_vreg_is_volatile(TCCIR_DECODE_VREG_POSITION(dest_vr)))
    #####:  530:      return 0;
    #####:  531:    return 1;
        -:  532:  }
    #####:  533:  case TCCIR_OP_STORE_INDEXED:
        -:  534:  case TCCIR_OP_STORE_POSTINC:
    #####:  535:    return 1;
        2:  536:  case TCCIR_OP_FUNCCALLVAL:
        -:  537:  case TCCIR_OP_FUNCCALLVOID:
        -:  538:  {
        2:  539:    Sym *callee = irop_get_sym_ex(ir, tcc_ir_op_get_src1(ir, q));
        2:  540:    return !ir_opt_callee_is_body_elidable(ir, callee);
        -:  541:  }
        1:  542:  case TCCIR_OP_FUNCPARAMVAL:
        -:  543:  case TCCIR_OP_FUNCPARAMVOID:
        -:  544:  {
        1:  545:    IROperand src2 = tcc_ir_op_get_src2(ir, q);
        1:  546:    int call_id = TCCIR_DECODE_CALL_ID((uint32_t)irop_get_imm64_ex(ir, src2));
        1:  547:    return !ir_opt_pure_call_id_test(pure_call_ids, pure_call_id_bytes, call_id);
        -:  548:  }
        6:  549:  default:
        6:  550:    break;
        -:  551:  }
        -:  552:
        -:  553:  /* Volatile sym read on any source: keep the function alive. */
        6:  554:  if (irop_config[q->op].has_src1)
        -:  555:  {
        5:  556:    IROperand s = tcc_ir_op_get_src1(ir, q);
        5:  557:    if (s.is_sym)
        -:  558:    {
    #####:  559:      Sym *sym = irop_get_sym_ex(ir, s);
    #####:  560:      if (sym && (sym->type.t & VT_VOLATILE))
    #####:  561:        return 1;
        -:  562:    }
        -:  563:  }
        6:  564:  if (irop_config[q->op].has_src2)
        -:  565:  {
        5:  566:    IROperand s = tcc_ir_op_get_src2(ir, q);
        5:  567:    if (s.is_sym)
        -:  568:    {
    #####:  569:      Sym *sym = irop_get_sym_ex(ir, s);
    #####:  570:      if (sym && (sym->type.t & VT_VOLATILE))
    #####:  571:        return 1;
        -:  572:    }
        -:  573:  }
        6:  574:  return 0;
        -:  575:}
        -:  576:
    #####:  577:static int ir_opt_vreg_has_def_in_range(TCCIRState *ir, int32_t vreg, int start, int end)
        -:  578:{
    #####:  579:  if (vreg < 0)
    #####:  580:    return 0;
    #####:  581:  for (int i = start; i <= end; i++)
        -:  582:  {
    #####:  583:    IRQuadCompact *q = &ir->compact_instructions[i];
    #####:  584:    if (q->op == TCCIR_OP_NOP || !irop_config[q->op].has_dest)
    #####:  585:      continue;
    #####:  586:    IROperand dest = tcc_ir_op_get_dest(ir, q);
    #####:  587:    if (!dest.is_lval && irop_get_vreg(dest) == vreg)
    #####:  588:      return 1;
        -:  589:  }
    #####:  590:  return 0;
        -:  591:}
        -:  592:
    #####:  593:static int ir_opt_vreg_has_iv_update_in_range(TCCIRState *ir, int32_t vreg, int start, int end, int depth)
        -:  594:{
    #####:  595:  if (vreg < 0 || depth > 2)
    #####:  596:    return 0;
        -:  597:
    #####:  598:  for (int i = start; i <= end; i++)
        -:  599:  {
    #####:  600:    IRQuadCompact *q = &ir->compact_instructions[i];
    #####:  601:    if (q->op == TCCIR_OP_NOP || !irop_config[q->op].has_dest)
    #####:  602:      continue;
        -:  603:
    #####:  604:    IROperand dest = tcc_ir_op_get_dest(ir, q);
    #####:  605:    if (dest.is_lval || irop_get_vreg(dest) != vreg)
    #####:  606:      continue;
        -:  607:
    #####:  608:    if ((q->op == TCCIR_OP_ADD || q->op == TCCIR_OP_SUB) &&
    #####:  609:        irop_config[q->op].has_src1 && irop_config[q->op].has_src2 &&
    #####:  610:        irop_is_immediate(tcc_ir_op_get_src2(ir, q)))
        -:  611:    {
    #####:  612:      int32_t s1 = irop_get_vreg(tcc_ir_op_get_src1(ir, q));
    #####:  613:      if (ir_opt_vreg_has_def_in_range(ir, s1, start, end))
    #####:  614:        return 1;
        -:  615:    }
        -:  616:
    #####:  617:    if (q->op == TCCIR_OP_ASSIGN && irop_config[q->op].has_src1)
        -:  618:    {
    #####:  619:      int32_t src = irop_get_vreg(tcc_ir_op_get_src1(ir, q));
    #####:  620:      if (ir_opt_vreg_has_iv_update_in_range(ir, src, start, end, depth + 1))
    #####:  621:        return 1;
        -:  622:    }
        -:  623:  }
        -:  624:
    #####:  625:  return 0;
        -:  626:}
        -:  627:
    #####:  628:static int ir_opt_jumpif_uses_iv_update(TCCIRState *ir, int jif_idx, int start, int end)
        -:  629:{
    #####:  630:  int scan_floor = start < jif_idx ? start : 0;
    #####:  631:  for (int i = jif_idx - 1; i >= scan_floor; i--)
        -:  632:  {
    #####:  633:    IRQuadCompact *q = &ir->compact_instructions[i];
    #####:  634:    if (q->op == TCCIR_OP_NOP)
    #####:  635:      continue;
    #####:  636:    if (q->op == TCCIR_OP_JUMP || q->op == TCCIR_OP_JUMPIF)
        -:  637:      break;
    #####:  638:    if (q->op != TCCIR_OP_CMP && q->op != TCCIR_OP_TEST_ZERO)
    #####:  639:      continue;
        -:  640:
    #####:  641:    if (irop_config[q->op].has_src1)
        -:  642:    {
    #####:  643:      int32_t s1 = irop_get_vreg(tcc_ir_op_get_src1(ir, q));
    #####:  644:      if (ir_opt_vreg_has_iv_update_in_range(ir, s1, start, end, 0))
    #####:  645:        return 1;
        -:  646:    }
    #####:  647:    if (irop_config[q->op].has_src2)
        -:  648:    {
    #####:  649:      int32_t s2 = irop_get_vreg(tcc_ir_op_get_src2(ir, q));
    #####:  650:      if (ir_opt_vreg_has_iv_update_in_range(ir, s2, start, end, 0))
    #####:  651:        return 1;
        -:  652:    }
    #####:  653:    return 0;
        -:  654:  }
        -:  655:
    #####:  656:  return 0;
        -:  657:}
        -:  658:
    #####:  659:static int ir_opt_range_has_iv_update(TCCIRState *ir, int start, int end)
        -:  660:{
    #####:  661:  for (int i = start; i <= end; i++)
        -:  662:  {
    #####:  663:    IRQuadCompact *q = &ir->compact_instructions[i];
    #####:  664:    if (q->op == TCCIR_OP_NOP || !irop_config[q->op].has_dest)
    #####:  665:      continue;
    #####:  666:    if (q->op != TCCIR_OP_ADD && q->op != TCCIR_OP_SUB)
    #####:  667:      continue;
    #####:  668:    if (!irop_config[q->op].has_src2 || !irop_is_immediate(tcc_ir_op_get_src2(ir, q)))
    #####:  669:      continue;
        -:  670:
    #####:  671:    IROperand dest = tcc_ir_op_get_dest(ir, q);
    #####:  672:    if (dest.is_lval)
    #####:  673:      continue;
        -:  674:
    #####:  675:    int32_t dest_vr = irop_get_vreg(dest);
    #####:  676:    int dest_vt = TCCIR_DECODE_VREG_TYPE(dest_vr);
    #####:  677:    if (dest_vt != TCCIR_VREG_TYPE_TEMP && dest_vt != TCCIR_VREG_TYPE_VAR)
    #####:  678:      continue;
        -:  679:
    #####:  680:    int32_t src_vr = irop_get_vreg(tcc_ir_op_get_src1(ir, q));
    #####:  681:    if (ir_opt_vreg_has_def_in_range(ir, src_vr, start, end))
    #####:  682:      return 1;
        -:  683:  }
    #####:  684:  return 0;
        -:  685:}
        -:  686:
        -:  687:/* True when the region [start,end] contains both a conditional branch and a
        -:  688: * control transfer that leaves the region.  That distinguishes a
        -:  689: * conditionally-terminating loop from an unconditional `for(;;)` whose only
        -:  690: * edge is the back-edge: the latter has no JUMPIF and no out-of-region edge,
        -:  691: * so it returns 0 and stays essential.  Combined with a monotonic IV in the
        -:  692: * region (ir_opt_range_has_iv_update), a true result identifies a loop that,
        -:  693: * per C11 6.8.5p6, may be assumed to terminate when the surrounding body is
        -:  694: * side-effect-free — and is therefore elidable by useless_function_body. */
    #####:  695:static int ir_opt_region_has_conditional_exit(TCCIRState *ir, int start, int end)
        -:  696:{
    #####:  697:  int has_cond = 0;
    #####:  698:  int has_exit = 0;
    #####:  699:  for (int i = start; i <= end; i++)
        -:  700:  {
    #####:  701:    IRQuadCompact *q = &ir->compact_instructions[i];
    #####:  702:    if (q->op != TCCIR_OP_JUMP && q->op != TCCIR_OP_JUMPIF)
    #####:  703:      continue;
    #####:  704:    int t = (int)irop_get_imm64_ex(ir, tcc_ir_op_get_dest(ir, q));
    #####:  705:    if (q->op == TCCIR_OP_JUMPIF)
    #####:  706:      has_cond = 1;
    #####:  707:    if (t < start || t > end)
    #####:  708:      has_exit = 1; /* edge leaves the loop body */
    #####:  709:    if (has_cond && has_exit)
    #####:  710:      return 1;
        -:  711:  }
    #####:  712:  return 0;
        -:  713:}
        -:  714:
    #####:  715:static int ir_opt_successor_enters_range(TCCIRState *ir, int succ, int start, int end)
        -:  716:{
    #####:  717:  int n = ir->next_instruction_index;
    #####:  718:  if (succ >= start && succ <= end)
    #####:  719:    return 1;
    #####:  720:  while (succ >= 0 && succ < n && ir->compact_instructions[succ].op == TCCIR_OP_NOP)
    #####:  721:    succ++;
    #####:  722:  if (succ >= start && succ <= end)
    #####:  723:    return 1;
    #####:  724:  if (succ >= 0 && succ < n && ir->compact_instructions[succ].op == TCCIR_OP_JUMP)
        -:  725:  {
    #####:  726:    IROperand dest = tcc_ir_op_get_dest(ir, &ir->compact_instructions[succ]);
    #####:  727:    int target = (int)irop_get_imm64_ex(ir, dest);
    #####:  728:    return target >= start && target <= end;
        -:  729:  }
    #####:  730:  return 0;
        -:  731:}
        -:  732:
    #####:  733:static int ir_opt_backward_jump_has_cond_exit(TCCIRState *ir, int idx)
        -:  734:{
    #####:  735:  IRQuadCompact *q = &ir->compact_instructions[idx];
    #####:  736:  IROperand dest = tcc_ir_op_get_dest(ir, q);
    #####:  737:  int target = (int)irop_get_imm64_ex(ir, dest);
        -:  738:
    #####:  739:  if (target < 0 || target > idx)
    #####:  740:    return 0;
        -:  741:
        -:  742:  /* A conditional back-edge driven by an in-loop IV update is a finite
        -:  743:   * side-effect-free loop for our late whole-body elision purposes.
        -:  744:   * Unconditional infinite loops (`for (;;)` lowered to a bare self/back
        -:  745:   * jump), and loops whose only exit depends on an unchanged parameter/load,
        -:  746:   * remain essential. */
    #####:  747:  if (q->op == TCCIR_OP_JUMPIF)
        -:  748:  {
    #####:  749:    if (ir_opt_jumpif_uses_iv_update(ir, idx, target, idx))
    #####:  750:      return 1;
        -:  751:    /* Secondary conditional back-edges can be driven by pure work inside
        -:  752:     * an otherwise finite IV loop.  Once the whole function is proven
        -:  753:     * non-observable, those edges should not keep the body alive. */
    #####:  754:    return ir_opt_range_has_iv_update(ir, target, idx);
        -:  755:  }
        -:  756:
    #####:  757:  if (q->op != TCCIR_OP_JUMP)
    #####:  758:    return 0;
        -:  759:
        -:  760:  /* Forward-progress (C11 6.8.5p6): in an otherwise side-effect-free body, a
        -:  761:   * loop with a monotonic induction variable and a genuine conditional exit
        -:  762:   * may be assumed to terminate.  The structured JUMPIF scan below only
        -:  763:   * recognises loops whose IV exit test directly brackets the back-edge range;
        -:  764:   * this catches loops whose exit branch is indirected through extra blocks —
        -:  765:   * e.g. the inner `for(i=0; op && i<*num_operands && !mismatch; i++)` of
        -:  766:   * gcc.c-torture compile/pr26833.c, whose `i<*num_operands` exit falls through
        -:  767:   * to a separate JMP out of the body, so neither successor of the test leaves
        -:  768:   * the [header,back-edge] range. */
    #####:  769:  if (ir_opt_range_has_iv_update(ir, target, idx) &&
    #####:  770:      ir_opt_region_has_conditional_exit(ir, target, idx))
    #####:  771:    return 1;
        -:  772:
    #####:  773:  for (int i = 0; i <= idx; i++)
        -:  774:  {
    #####:  775:    IRQuadCompact *iq = &ir->compact_instructions[i];
    #####:  776:    if (iq->op != TCCIR_OP_JUMPIF)
    #####:  777:      continue;
        -:  778:
    #####:  779:    IROperand idest = tcc_ir_op_get_dest(ir, iq);
    #####:  780:    int itarget = (int)irop_get_imm64_ex(ir, idest);
    #####:  781:    int target_enters = ir_opt_successor_enters_range(ir, itarget, target, idx);
    #####:  782:    int fallthrough_enters = ir_opt_successor_enters_range(ir, i + 1, target, idx);
    #####:  783:    if (!target_enters && fallthrough_enters &&
    #####:  784:        ir_opt_jumpif_uses_iv_update(ir, i, target, idx))
    #####:  785:      return 1;
    #####:  786:    if (target_enters && !fallthrough_enters &&
    #####:  787:        ir_opt_jumpif_uses_iv_update(ir, i, target, idx))
    #####:  788:      return 1;
        -:  789:  }
        -:  790:
    #####:  791:  return 0;
        -:  792:}
        -:  793:
        6:  794:int tcc_ir_opt_useless_function_body(TCCIRState *ir)
        -:  795:{
        6:  796:  int n = ir->next_instruction_index;
        6:  797:  if (n == 0)
    #####:  798:    return 0;
        -:  799:
        6:  800:  uint8_t *pure_call_ids = NULL;
        6:  801:  int pure_call_id_bytes = 0;
        -:  802:
       16:  803:  for (int i = 0; i < n; i++)
        -:  804:  {
       10:  805:    IRQuadCompact *q = &ir->compact_instructions[i];
       10:  806:    if (q->op != TCCIR_OP_FUNCCALLVAL && q->op != TCCIR_OP_FUNCCALLVOID)
        9:  807:      continue;
        -:  808:
        2:  809:    Sym *callee = irop_get_sym_ex(ir, tcc_ir_op_get_src1(ir, q));
        2:  810:    if (!ir_opt_callee_is_body_elidable(ir, callee))
        1:  811:      continue;
        -:  812:
        1:  813:    IROperand src2 = tcc_ir_op_get_src2(ir, q);
        1:  814:    int call_id = TCCIR_DECODE_CALL_ID((uint32_t)irop_get_imm64_ex(ir, src2));
        1:  815:    ir_opt_pure_call_id_mark(&pure_call_ids, &pure_call_id_bytes, call_id);
        -:  816:  }
        -:  817:
       12:  818:  for (int i = 0; i < n; i++)
        -:  819:  {
        9:  820:    IRQuadCompact *q = &ir->compact_instructions[i];
       9*:  821:    if (q->op == TCCIR_OP_NOP)
    #####:  822:      continue;
        9:  823:    if (ir_opt_op_is_essential(ir, q, i, pure_call_ids, pure_call_id_bytes))
        -:  824:    {
       3*:  825:      if ((q->op == TCCIR_OP_JUMP || q->op == TCCIR_OP_JUMPIF) &&
    #####:  826:          ir_opt_backward_jump_has_cond_exit(ir, i))
    #####:  827:        continue;
        3:  828:      if (pure_call_ids)
    #####:  829:        tcc_free(pure_call_ids);
        3:  830:      return 0;
        -:  831:    }
        -:  832:  }
        -:  833:
        3:  834:  if (pure_call_ids)
        1:  835:    tcc_free(pure_call_ids);
        -:  836:
        3:  837:  int changes = 0;
        7:  838:  for (int i = 0; i < n; i++)
        -:  839:  {
        4:  840:    if (ir->compact_instructions[i].op != TCCIR_OP_NOP)
        -:  841:    {
        4:  842:      ir->compact_instructions[i].op = TCCIR_OP_NOP;
        4:  843:      changes++;
        -:  844:    }
        -:  845:  }
        -:  846:
        -:  847:  /* Regalloc has already run by the time this pass fires, so the dirty
        -:  848:   * register bitmap reflects the pre-NOP IR.  With every op now NOP, no
        -:  849:   * register is actually live — clearing the bitmap (and per-instruction
        -:  850:   * live-reg map, if any) lets the prologue skip the otherwise-spurious
        -:  851:   * `push/pop {rN}` for a "saved" register the body never touches.  Also
        -:  852:   * mark the function as a leaf so save_lr drops away. */
        3:  853:  ir->ls.dirty_registers = 0;
        3:  854:  ir->ls.dirty_float_registers = 0;
       3*:  855:  if (ir->ls.live_regs_by_instruction && ir->ls.live_regs_by_instruction_size > 0)
    #####:  856:    memset(ir->ls.live_regs_by_instruction, 0,
    #####:  857:           ir->ls.live_regs_by_instruction_size * sizeof(ir->ls.live_regs_by_instruction[0]));
        3:  858:  ir->leaffunc = 1;
       3*:  859:  for (int p = 0; p < ir->next_parameter; p++)
        -:  860:  {
    #####:  861:    IRLiveInterval *iv = &ir->parameters_live_intervals[p];
    #####:  862:    iv->allocation.r0 = PREG_NONE;
    #####:  863:    iv->allocation.r1 = PREG_NONE;
    #####:  864:    iv->allocation.offset = 0;
        -:  865:  }
        -:  866:  /* The body had every essential-op already NOPed away (e.g. dead_vla_struct
        -:  867:   * removed the VLA dance for a never-read local).  Drop the frame-pointer
        -:  868:   * forcing so the prologue collapses to a single `bx lr` rather than the
        -:  869:   * VLA-era push/setup/sub/teardown. */
        3:  870:  tcc_state->need_frame_pointer = 0;
        3:  871:  tcc_state->force_frame_pointer = 0;
        -:  872:
        -:  873:  LOG_IR_GEN("USELESS-BODY: NOPed %d instructions (no observable side effects)", changes);
        -:  874:  /* Always return 1 once we've proved the body is observationally empty —
        -:  875:   * even when an earlier pass already NOPed everything (changes == 0), the
        -:  876:   * caller still needs to reset `loc` so the prologue doesn't allocate
        -:  877:   * frame space for now-dead locals. */
        3:  878:  return changes > 0 ? changes : 1;
        -:  879:}
        -:  880:
    #####:  881:int tcc_ir_opt_useless_function_body_ex(IROptCtx *ctx)
        -:  882:{
    #####:  883:  return tcc_ir_opt_useless_function_body(ctx->ir);
        -:  884:}
        -:  885:
        -:  886:/* No-Return Function Collapse
        -:  887: *
        -:  888: * If a function provably never returns (no RETURNVALUE/RETURNVOID anywhere)
        -:  889: * and has no other observable-from-outside effects (no FUNCCALL whose callee
        -:  890: * could publish state, no inline asm, no volatile sym access, no setjmp/
        -:  891: * longjmp/trap/VLA primitives, no computed goto), then no caller can observe
        -:  892: * any of its writes — the function's effect is indistinguishable from
        -:  893: * `b .`.  Collapse the whole body to a single self-jump, matching GCC's
        -:  894: * -O2 behavior on patterns like gcc.c-torture/compile/pr70916.c where every
        -:  895: * path bottoms out in an infinite loop.
        -:  896: *
        -:  897: * Pre-condition: useless_function_body left this body alone because it
        -:  898: * contains STOREs (or other essential-but-elidable ops); we accept those
        -:  899: * here because the function's non-return makes them unobservable.
        -:  900: */
        8:  901:int tcc_ir_opt_noreturn_collapse(TCCIRState *ir)
        -:  902:{
        8:  903:  int n = ir->next_instruction_index;
        8:  904:  if (n == 0)
    #####:  905:    return 0;
        -:  906:  /* O2-only: aggressive elision of observable-but-unreachable side effects
        -:  907:   * (caller can't see them because we never return).  Matches the gating
        -:  908:   * philosophy of uninit_local_ub. */
        8:  909:  if (!tcc_state || tcc_state->optimize < 2)
        1:  910:    return 0;
        -:  911:
        7:  912:  int has_jump = 0;
        7:  913:  int has_store = 0; /* observable work — gate for publishing func_noreturn */
       21:  914:  for (int i = 0; i < n; i++)
        -:  915:  {
       17:  916:    IRQuadCompact *q = &ir->compact_instructions[i];
       17:  917:    if (q->op == TCCIR_OP_NOP)
        3:  918:      continue;
       14:  919:    if (q->op == TCCIR_OP_STORE || q->op == TCCIR_OP_STORE_INDEXED ||
       11:  920:        q->op == TCCIR_OP_STORE_POSTINC || q->op == TCCIR_OP_BLOCK_COPY)
        3:  921:      has_store = 1;
        -:  922:
       14:  923:    switch (q->op)
        -:  924:    {
        -:  925:    /* Any return op means the function CAN return; collapse would change
        -:  926:     * semantics by skipping the side effects on the returning path. */
        3:  927:    case TCCIR_OP_RETURNVALUE:
        -:  928:    case TCCIR_OP_RETURNVOID:
        -:  929:    /* Calls publish state we can't elide: the callee may write through
        -:  930:     * pointers we passed, run signal handlers, etc. */
        -:  931:    case TCCIR_OP_FUNCCALLVAL:
        -:  932:    case TCCIR_OP_FUNCCALLVOID:
        -:  933:    case TCCIR_OP_CALLSEQ_BEGIN:
        -:  934:    case TCCIR_OP_CALLARG_REG:
        -:  935:    case TCCIR_OP_CALLARG_STACK:
        -:  936:    case TCCIR_OP_CALLSEQ_END:
        -:  937:    /* Inline asm could do anything (including exit / sync). */
        -:  938:    case TCCIR_OP_INLINE_ASM:
        -:  939:    case TCCIR_OP_ASM_INPUT:
        -:  940:    case TCCIR_OP_ASM_OUTPUT:
        -:  941:    /* Non-local control flow can return to the caller through a longjmp. */
        -:  942:    case TCCIR_OP_SETJMP:
        -:  943:    case TCCIR_OP_LONGJMP:
        -:  944:    case TCCIR_OP_NL_SETJMP:
        -:  945:    case TCCIR_OP_NL_LONGJMP:
        -:  946:    case TCCIR_OP_BUILTIN_APPLY_ARGS:
        -:  947:    case TCCIR_OP_BUILTIN_APPLY:
        -:  948:    case TCCIR_OP_BUILTIN_RETURN:
        -:  949:    /* Trap may dispatch to a fault/signal handler that observes state. */
        -:  950:    case TCCIR_OP_TRAP:
        -:  951:    /* VLA / SP juggling: stack-pointer side effects the prologue tracks. */
        -:  952:    case TCCIR_OP_VLA_ALLOC:
        -:  953:    case TCCIR_OP_VLA_SP_SAVE:
        -:  954:    case TCCIR_OP_VLA_SP_RESTORE:
        -:  955:    /* Computed goto: unknown-at-compile-time target — defensive bail. */
        -:  956:    case TCCIR_OP_IJUMP:
        3:  957:      return 0;
        6:  958:    case TCCIR_OP_JUMP:
        -:  959:    case TCCIR_OP_JUMPIF:
        -:  960:    case TCCIR_OP_SWITCH_TABLE:
        -:  961:    case TCCIR_OP_SWITCH_LOAD:
        6:  962:      has_jump = 1;
        6:  963:      break;
        5:  964:    default:
        5:  965:      break;
        -:  966:    }
        -:  967:
        -:  968:    /* Volatile sym read/write on any operand: keep the function alive — the
        -:  969:     * write is observable through the volatile memory model regardless of
        -:  970:     * whether we return. */
       44:  971:    for (int k = 0; k <= 2; k++)
        -:  972:    {
        -:  973:      IROperand op;
       33:  974:      if (k == 0)
        -:  975:      {
      11*:  976:        if (!irop_config[q->op].has_dest)
      14*:  977:          continue;
       11:  978:        op = tcc_ir_op_get_dest(ir, q);
        -:  979:      }
       22:  980:      else if (k == 1)
        -:  981:      {
       11:  982:        if (!irop_config[q->op].has_src1)
        5:  983:          continue;
        6:  984:        op = tcc_ir_op_get_src1(ir, q);
        -:  985:      }
        -:  986:      else
        -:  987:      {
       11:  988:        if (!irop_config[q->op].has_src2)
        9:  989:          continue;
        2:  990:        op = tcc_ir_op_get_src2(ir, q);
        -:  991:      }
       19:  992:      if (op.is_sym)
        -:  993:      {
        2:  994:        Sym *sym = irop_get_sym_ex(ir, op);
        2:  995:        if (sym && (sym->type.t & VT_VOLATILE))
    #####:  996:          return 0;
        -:  997:      }
        -:  998:    }
        -:  999:  }
        -: 1000:
        -: 1001:  /* Need at least one JUMP — otherwise the function would fall off the end,
        -: 1002:   * which is an implicit return. */
        4: 1003:  if (!has_jump)
    #####: 1004:    return 0;
        -: 1005:
        -: 1006:  /* Implicit-return detection: TCC does not always emit an explicit
        -: 1007:   * RETURNVOID for void functions — control simply falls off the end of the
        -: 1008:   * IR, and the backend emits a `bx lr` after the last op.  If the last
        -: 1009:   * non-NOP instruction can fall through (anything other than an
        -: 1010:   * unconditional JUMP), the function still returns and we must not
        -: 1011:   * collapse.  SWITCH_TABLE / IJUMP could in principle exit cleanly, but
        -: 1012:   * have unknown-at-this-pass targets; we already bailed on IJUMP above,
        -: 1013:   * and we conservatively also refuse to collapse when the last op is
        -: 1014:   * SWITCH_TABLE. */
        4: 1015:  int last_idx = -1;
        5: 1016:  for (int i = n - 1; i >= 0; i--)
        -: 1017:  {
        5: 1018:    if (ir->compact_instructions[i].op != TCCIR_OP_NOP)
        -: 1019:    {
        4: 1020:      last_idx = i;
        4: 1021:      break;
        -: 1022:    }
        -: 1023:  }
        4: 1024:  if (last_idx < 0)
    #####: 1025:    return 0;
        4: 1026:  if (ir->compact_instructions[last_idx].op != TCCIR_OP_JUMP)
    #####: 1027:    return 0;
        -: 1028:
        -: 1029:  /* If the final JUMP targets past-end (n) or any NOP at/after last_idx, the
        -: 1030:   * function actually returns implicitly — the backend will emit `bx lr` at
        -: 1031:   * the epilogue.  Only collapse when the JUMP demonstrably loops back to a
        -: 1032:   * live earlier instruction. */
        -: 1033:  {
        4: 1034:    IROperand jdest = tcc_ir_op_get_dest(ir, &ir->compact_instructions[last_idx]);
        4: 1035:    int jt = (int)irop_get_imm64_ex(ir, jdest);
        4: 1036:    if (jt < 0 || jt >= n || jt > last_idx)
    #####: 1037:      return 0;
        -: 1038:    /* Target could also land on a NOP that compaction would push past the end. */
        4: 1039:    int t = jt;
        4: 1040:    while (t < n && ir->compact_instructions[t].op == TCCIR_OP_NOP)
    #####: 1041:      t++;
        4: 1042:    if (t >= n || t > last_idx)
    #####: 1043:      return 0;
        -: 1044:  }
        -: 1045:
        -: 1046:  /* The last op looping back is not enough: an *earlier* conditional branch
        -: 1047:   * can still exit the loop to the epilogue.  Scan every JUMP/JUMPIF — if any
        -: 1048:   * targets past the last live instruction (i.e. the implicit `bx lr`
        -: 1049:   * epilogue), the function has a reachable return path and must not be
        -: 1050:   * collapsed.  Without this, a bottom-tested loop like
        -: 1051:   *   for (...; --i < ~0u; ) ...   // exit branch jumps to past-end
        -: 1052:   * whose body ends in an unconditional back-edge JUMP was wrongly treated as
        -: 1053:   * noreturn and replaced with `b .` (miscompile: loop-2d/pr27073 spun
        -: 1054:   * forever).  Branches that stay within the body (target <= last_idx) are
        -: 1055:   * internal control flow and don't count as exits. */
       10: 1056:  for (int i = 0; i < n; i++)
        -: 1057:  {
        7: 1058:    IRQuadCompact *q = &ir->compact_instructions[i];
        7: 1059:    if (q->op != TCCIR_OP_JUMP && q->op != TCCIR_OP_JUMPIF)
        2: 1060:      continue;
        5: 1061:    int jt = (int)irop_get_imm64_ex(ir, tcc_ir_op_get_dest(ir, q));
       5*: 1062:    if (jt < 0)
    #####: 1063:      continue;
        5: 1064:    int t = jt;
        6: 1065:    while (t < n && ir->compact_instructions[t].op == TCCIR_OP_NOP)
        1: 1066:      t++;
        5: 1067:    if (t >= n || t > last_idx)
        1: 1068:      return 0;
        -: 1069:  }
        -: 1070:
        -: 1071:  LOG_IR_GEN("NORETURN-COLLAPSE: collapsing function body to infinite loop "
        -: 1072:             "(no RETURN, no calls/asm/volatile — side effects unobservable)");
        -: 1073:
        8: 1074:  for (int i = 0; i < n; i++)
        -: 1075:  {
        5: 1076:    ir->compact_instructions[i].op = TCCIR_OP_NOP;
        5: 1077:    ir->compact_instructions[i].is_jump_target = 0;
        -: 1078:  }
        -: 1079:
        3: 1080:  ir->compact_instructions[0].op = TCCIR_OP_JUMP;
        3: 1081:  ir->compact_instructions[0].is_jump_target = 1;
        3: 1082:  IROperand self = irop_make_imm32(-1, 0, IROP_BTYPE_INT32);
        3: 1083:  tcc_ir_set_dest(ir, 0, self);
        3: 1084:  tcc_ir_set_src1(ir, 0, IROP_NONE);
        3: 1085:  tcc_ir_set_src2(ir, 0, IROP_NONE);
        -: 1086:
        3: 1087:  ir->ls.dirty_registers = 0;
        3: 1088:  ir->ls.dirty_float_registers = 0;
       3*: 1089:  if (ir->ls.live_regs_by_instruction && ir->ls.live_regs_by_instruction_size > 0)
    #####: 1090:    memset(ir->ls.live_regs_by_instruction, 0,
    #####: 1091:           ir->ls.live_regs_by_instruction_size * sizeof(ir->ls.live_regs_by_instruction[0]));
        3: 1092:  ir->leaffunc = 1;
        -: 1093:  /* Suppress the unreachable `bx lr` after the self-jump: control never
        -: 1094:   * reaches the epilogue, so emitting it just wastes 2 bytes. */
        3: 1095:  ir->noreturn = 1;
        -: 1096:  /* Publish func_noreturn to callers ONLY when the body had at least one
        -: 1097:   * STORE — that's our heuristic for "this function was doing genuine work
        -: 1098:   * in an infinite loop" (e.g. gcc.c-torture pc44485.c::func_21).  Without
        -: 1099:   * the gate we also publish for bodies that were effectively no-ops the
        -: 1100:   * other opts NOP'd down to a trailing self-JUMP (e.g. string-opt-18's
        -: 1101:   * test1, where memcpy(p,p,8) self-copy folds away, leaving nothing).
        -: 1102:   * Publishing for those mislabels regular helpers as noreturn and breaks
        -: 1103:   * downstream purity/LICM/inlining analyses. */
        3: 1104:  if (has_store && tcc_state && tcc_state->cur_func_sym &&
        2: 1105:      tcc_state->cur_func_sym->type.ref)
        2: 1106:    tcc_state->cur_func_sym->type.ref->f.func_noreturn = 1;
        -: 1107:
        3: 1108:  return 1;
        -: 1109:}
        -: 1110:
    #####: 1111:int tcc_ir_opt_noreturn_collapse_ex(IROptCtx *ctx)
        -: 1112:{
    #####: 1113:  return tcc_ir_opt_noreturn_collapse(ctx->ir);
        -: 1114:}
        -: 1115:
        -: 1116:/* ============================================================================
        -: 1117: * Infinite Loop Body Simplification
        -: 1118: * ============================================================================
        -: 1119: *
        -: 1120: * Detect infinite loops (no exit) whose body has no externally-observable side
        -: 1121: * effects, and collapse them to a tight self-jump.
        -: 1122: *
        -: 1123: * A store is considered dead within an infinite loop when:
        -: 1124: *   - It writes to a local/parameter whose address is not taken, OR
        -: 1125: *   - It writes a loop-invariant constant to a non-volatile global (hoisted)
        -: 1126: *
        -: 1127: * The pass also hoists constant global stores to a preheader position so
        -: 1128: * the store executes once rather than being eliminated entirely.
        -: 1129: */
        2: 1130:int tcc_ir_opt_infinite_loop_simplify(TCCIRState *ir)
        -: 1131:{
        2: 1132:  int n = ir->next_instruction_index;
        2: 1133:  if (n < 3)
    #####: 1134:    return 0;
        2: 1135:  if (!tcc_state || tcc_state->optimize < 2)
    #####: 1136:    return 0;
        -: 1137:
        2: 1138:  IRLoops *loops = tcc_ir_detect_loops(ir);
        2: 1139:  if (!loops || loops->num_loops == 0)
        -: 1140:  {
    #####: 1141:    tcc_ir_free_loops(loops);
    #####: 1142:    return 0;
        -: 1143:  }
        -: 1144:
        2: 1145:  int changes = 0;
        -: 1146:
        4: 1147:  for (int li = 0; li < loops->num_loops; li++)
        -: 1148:  {
        2: 1149:    IRLoop *loop = &loops->loops[li];
        -: 1150:
        2: 1151:    int back_edge_idx = -1;
        2: 1152:    int is_infinite = 1;
        2: 1153:    int has_call = 0;
        2: 1154:    int has_volatile = 0;
        -: 1155:
        6: 1156:    for (int bi = 0; bi < loop->num_body_instrs; bi++)
        -: 1157:    {
        4: 1158:      int idx = loop->body_instrs[bi];
        4: 1159:      IRQuadCompact *q = &ir->compact_instructions[idx];
       4*: 1160:      if (q->op == TCCIR_OP_NOP)
    #####: 1161:        continue;
        -: 1162:
        4: 1163:      if (q->op == TCCIR_OP_FUNCCALLVAL || q->op == TCCIR_OP_FUNCCALLVOID ||
        4: 1164:          q->op == TCCIR_OP_CALLSEQ_BEGIN || q->op == TCCIR_OP_INLINE_ASM)
        -: 1165:      {
    #####: 1166:        has_call = 1;
    #####: 1167:        break;
        -: 1168:      }
        4: 1169:      if (q->op == TCCIR_OP_RETURNVALUE || q->op == TCCIR_OP_RETURNVOID)
        -: 1170:      {
    #####: 1171:        is_infinite = 0;
    #####: 1172:        break;
        -: 1173:      }
        4: 1174:      if (q->op == TCCIR_OP_IJUMP || q->op == TCCIR_OP_SWITCH_TABLE)
        -: 1175:      {
    #####: 1176:        is_infinite = 0;
    #####: 1177:        break;
        -: 1178:      }
        -: 1179:
        -: 1180:      /* Check for volatile operands */
       16: 1181:      for (int k = 0; k <= 2; k++)
        -: 1182:      {
        -: 1183:        IROperand op;
       12: 1184:        if (k == 0 && irop_config[q->op].has_dest)
        4: 1185:          op = tcc_ir_op_get_dest(ir, q);
        8: 1186:        else if (k == 1 && irop_config[q->op].has_src1)
        2: 1187:          op = tcc_ir_op_get_src1(ir, q);
        6: 1188:        else if (k == 2 && irop_config[q->op].has_src2)
        1: 1189:          op = tcc_ir_op_get_src2(ir, q);
        -: 1190:        else
        5: 1191:          continue;
        7: 1192:        if (op.is_sym)
        -: 1193:        {
        1: 1194:          Sym *sym = irop_get_sym_ex(ir, op);
        1: 1195:          if (sym && (sym->type.t & VT_VOLATILE))
    #####: 1196:            has_volatile = 1;
        -: 1197:        }
        -: 1198:      }
        -: 1199:
        4: 1200:      if (q->op == TCCIR_OP_JUMPIF)
        -: 1201:      {
    #####: 1202:        IROperand dest = tcc_ir_op_get_dest(ir, q);
    #####: 1203:        int target = (int)dest.u.imm32;
    #####: 1204:        if (target < loop->start_idx || target > loop->end_idx)
        -: 1205:        {
    #####: 1206:          is_infinite = 0;
    #####: 1207:          break;
        -: 1208:        }
        -: 1209:      }
        4: 1210:      if (q->op == TCCIR_OP_JUMP)
        -: 1211:      {
        2: 1212:        IROperand dest = tcc_ir_op_get_dest(ir, q);
        2: 1213:        int target = (int)dest.u.imm32;
        2: 1214:        if (target == loop->header_idx)
        2: 1215:          back_edge_idx = idx;
    #####: 1216:        else if (target < loop->start_idx || target > loop->end_idx)
        -: 1217:        {
    #####: 1218:          is_infinite = 0;
    #####: 1219:          break;
        -: 1220:        }
        -: 1221:      }
        -: 1222:    }
        -: 1223:
       2*: 1224:    if (!is_infinite || has_call || has_volatile || back_edge_idx < 0)
       1*: 1225:      continue;
        -: 1226:
        -: 1227:    /* Analyze stores in the loop body. Check if all are dead or hoistable. */
        2: 1228:    int all_stores_dead = 1;
        -: 1229:
        -: 1230:    /* Track which globals get constant stores (for hoisting) */
        -: 1231:#define MAX_HOIST 8
        -: 1232:    struct { Sym *sym; int64_t addend; IROperand value; int store_idx; } hoist[MAX_HOIST];
        2: 1233:    int nhoist = 0;
        -: 1234:
        4: 1235:    for (int bi = 0; bi < loop->num_body_instrs; bi++)
        -: 1236:    {
        3: 1237:      int idx = loop->body_instrs[bi];
        3: 1238:      IRQuadCompact *q = &ir->compact_instructions[idx];
        -: 1239:
        3: 1240:      if (q->op != TCCIR_OP_STORE && q->op != TCCIR_OP_STORE_INDEXED &&
        1: 1241:          q->op != TCCIR_OP_STORE_POSTINC)
        2: 1242:        continue;
        -: 1243:
        2: 1244:      IROperand dest = tcc_ir_op_get_dest(ir, q);
        2: 1245:      int32_t dest_vr = irop_get_vreg(dest);
        -: 1246:
        -: 1247:      /* Store to a local or parameter (direct vreg store, not pointer deref) */
       2*: 1248:      if (q->op == TCCIR_OP_STORE && dest_vr >= 0 && !dest.is_lval && !dest.is_sym)
    #####: 1249:      {
    #####: 1250:        IRLiveInterval *interval = tcc_ir_get_live_interval(ir, dest_vr);
    #####: 1251:        if (interval && interval->addrtaken)
        -: 1252:          {
        -: 1253:            /* Address taken — check if the LEA is within the loop
        -: 1254:             * (reachable) or outside (unreachable from infinite loop). */
    #####: 1255:            int lea_in_loop = 0;
    #####: 1256:            for (int j = 0; j < n; j++)
        -: 1257:            {
    #####: 1258:              IRQuadCompact *lq = &ir->compact_instructions[j];
    #####: 1259:              if (lq->op == TCCIR_OP_LEA || lq->op == TCCIR_OP_ASSIGN)
        -: 1260:              {
    #####: 1261:                if (irop_config[lq->op].has_src1)
        -: 1262:                {
    #####: 1263:                  IROperand s1 = tcc_ir_op_get_src1(ir, lq);
    #####: 1264:                  if (!s1.is_lval && irop_get_vreg(s1) == dest_vr)
        -: 1265:                  {
        -: 1266:                    /* Check if this LEA is in the loop body */
    #####: 1267:                    for (int bk = 0; bk < loop->num_body_instrs; bk++)
        -: 1268:                    {
    #####: 1269:                      if (loop->body_instrs[bk] == j)
        -: 1270:                      {
    #####: 1271:                        lea_in_loop = 1;
    #####: 1272:                        break;
        -: 1273:                      }
        -: 1274:                    }
        -: 1275:                  }
        -: 1276:                }
        -: 1277:              }
        -: 1278:            }
    #####: 1279:            if (lea_in_loop)
        -: 1280:            {
    #####: 1281:              all_stores_dead = 0;
       1*: 1282:              break;
        -: 1283:            }
        -: 1284:          }
    #####: 1285:        continue;
        -: 1286:      }
        -: 1287:
        2: 1288:      if (q->op == TCCIR_OP_STORE && dest.is_sym && dest.is_lval)
    #####: 1289:      {
        -: 1290:        /* Store to global. Check if value is loop-invariant (constant). */
        1: 1291:        IROperand src1 = tcc_ir_op_get_src1(ir, q);
        1: 1292:        IRPoolSymref *sr = irop_get_symref_ex(ir, dest);
        1: 1293:        if (!sr || !sr->sym)
        -: 1294:        {
    #####: 1295:          all_stores_dead = 0;
    #####: 1296:          break;
        -: 1297:        }
        1: 1298:        if (sr->sym->type.t & VT_VOLATILE)
        -: 1299:        {
    #####: 1300:          all_stores_dead = 0;
    #####: 1301:          break;
        -: 1302:        }
        1: 1303:        if (irop_is_immediate(src1) && !src1.is_sym)
        -: 1304:        {
        -: 1305:          /* Constant store to non-volatile global → hoistable */
        1: 1306:          if (nhoist < MAX_HOIST)
        -: 1307:          {
        1: 1308:            hoist[nhoist].sym = sr->sym;
        1: 1309:            hoist[nhoist].addend = sr->addend;
        1: 1310:            hoist[nhoist].value = src1;
        1: 1311:            hoist[nhoist].store_idx = idx;
        1: 1312:            nhoist++;
        -: 1313:          }
        1: 1314:          continue;
        -: 1315:        }
        -: 1316:        /* Non-constant store: check if it's a signed int read-modify-write
        -: 1317:         * (++m pattern) where eventual overflow is UB → body can be removed. */
    #####: 1318:        int32_t val_vr = irop_get_vreg(src1);
    #####: 1319:        int is_signed_rmw = 0;
    #####: 1320:        int dbtype = irop_get_btype(dest);
    #####: 1321:        if (val_vr >= 0 && !src1.is_lval && !src1.is_sym &&
    #####: 1322:            (dbtype == IROP_BTYPE_INT32 || dbtype == IROP_BTYPE_INT16 ||
    #####: 1323:             dbtype == IROP_BTYPE_INT8) &&
    #####: 1324:            !dest.is_unsigned)
        -: 1325:        {
    #####: 1326:          for (int bj = 0; bj < loop->num_body_instrs; bj++)
        -: 1327:          {
    #####: 1328:            int didx = loop->body_instrs[bj];
    #####: 1329:            IRQuadCompact *dq = &ir->compact_instructions[didx];
    #####: 1330:            if (dq->op != TCCIR_OP_ADD && dq->op != TCCIR_OP_SUB)
    #####: 1331:              continue;
    #####: 1332:            if (!irop_config[dq->op].has_dest)
    #####: 1333:              continue;
    #####: 1334:            IROperand dd = tcc_ir_op_get_dest(ir, dq);
    #####: 1335:            if (irop_get_vreg(dd) != val_vr)
    #####: 1336:              continue;
    #####: 1337:            IROperand ds1 = tcc_ir_op_get_src1(ir, dq);
    #####: 1338:            IROperand ds2 = tcc_ir_op_get_src2(ir, dq);
    #####: 1339:            if (ds1.is_sym && ds1.is_lval && irop_is_immediate(ds2) && !ds2.is_sym)
        -: 1340:            {
    #####: 1341:              IRPoolSymref *dsr = irop_get_symref_ex(ir, ds1);
    #####: 1342:              if (dsr && dsr->sym == sr->sym && dsr->addend == sr->addend)
    #####: 1343:                is_signed_rmw = 1;
        -: 1344:            }
    #####: 1345:            break;
        -: 1346:          }
        -: 1347:        }
    #####: 1348:        if (!is_signed_rmw)
        -: 1349:        {
    #####: 1350:          all_stores_dead = 0;
    #####: 1351:          break;
        -: 1352:        }
    #####: 1353:        continue;
        -: 1354:      }
        -: 1355:
        -: 1356:      /* STORE_INDEXED, STORE_POSTINC, or unknown STORE pattern */
        1: 1357:      all_stores_dead = 0;
        1: 1358:      break;
        -: 1359:    }
        -: 1360:
        2: 1361:    if (!all_stores_dead)
        1: 1362:      continue;
        -: 1363:
        -: 1364:    /* All stores are dead or hoistable. Simplify the loop. */
        -: 1365:
        -: 1366:    /* Step 1: Convert hoisted constant stores to execute before the loop.
        -: 1367:     * We rewrite the store instructions in-place: move them to just before
        -: 1368:     * the loop header, and NOP the originals. */
        2: 1369:    for (int h = 0; h < nhoist; h++)
        -: 1370:    {
        -: 1371:      /* Find the preheader position: the instruction just before the loop
        -: 1372:       * header.  If the loop has a preheader_idx, use it. Otherwise,
        -: 1373:       * we can't safely hoist (would need to insert instructions). */
        1: 1374:      int preheader = loop->preheader_idx;
        1: 1375:      if (preheader < 0)
        -: 1376:      {
        -: 1377:        /* Try to find a NOP slot before the header */
        1: 1378:        for (int j = loop->header_idx - 1; j >= 0; j--)
        -: 1379:        {
    #####: 1380:          if (ir->compact_instructions[j].op == TCCIR_OP_NOP)
        -: 1381:          {
    #####: 1382:            preheader = j;
    #####: 1383:            break;
        -: 1384:          }
    #####: 1385:          break;
        -: 1386:        }
        -: 1387:      }
       1*: 1388:      if (preheader >= 0 && ir->compact_instructions[preheader].op == TCCIR_OP_NOP)
        -: 1389:      {
        -: 1390:        /* Copy the store to the preheader slot */
    #####: 1391:        ir->compact_instructions[preheader] = ir->compact_instructions[hoist[h].store_idx];
    #####: 1392:        ir->compact_instructions[preheader].is_jump_target =
    #####: 1393:          ir->compact_instructions[hoist[h].store_idx].is_jump_target ? 1 : 0;
        -: 1394:        /* Copy operands */
    #####: 1395:        int src_base = ir->compact_instructions[hoist[h].store_idx].operand_base;
    #####: 1396:        int dst_base = ir->compact_instructions[preheader].operand_base;
    #####: 1397:        int nops_count = (irop_config[TCCIR_OP_STORE].has_dest ? 1 : 0) +
    #####: 1398:                         (irop_config[TCCIR_OP_STORE].has_src1 ? 1 : 0) +
    #####: 1399:                         (irop_config[TCCIR_OP_STORE].has_src2 ? 1 : 0);
    #####: 1400:        for (int k = 0; k < nops_count; k++)
    #####: 1401:          ir->iroperand_pool[dst_base + k] = ir->iroperand_pool[src_base + k];
        -: 1402:      }
        -: 1403:      /* NOP the original store */
        1: 1404:      ir->compact_instructions[hoist[h].store_idx].op = TCCIR_OP_NOP;
        -: 1405:    }
        -: 1406:
        -: 1407:    /* Step 2: NOP all remaining non-NOP instructions in the loop body
        -: 1408:     * except the back-edge jump. Then convert the back-edge to a
        -: 1409:     * self-jump at the header. */
        3: 1410:    for (int bi = 0; bi < loop->num_body_instrs; bi++)
        -: 1411:    {
        2: 1412:      int idx = loop->body_instrs[bi];
        2: 1413:      IRQuadCompact *q = &ir->compact_instructions[idx];
        2: 1414:      if (q->op == TCCIR_OP_NOP)
        1: 1415:        continue;
        1: 1416:      if (idx == back_edge_idx)
        1: 1417:        continue;
    #####: 1418:      q->op = TCCIR_OP_NOP;
        -: 1419:    }
        -: 1420:
        -: 1421:    /* Convert the back-edge to a self-jump at the loop header */
        1: 1422:    ir->compact_instructions[loop->header_idx].op = TCCIR_OP_JUMP;
        1: 1423:    ir->compact_instructions[loop->header_idx].is_jump_target = 1;
        1: 1424:    IROperand self = irop_make_imm32(-1, loop->header_idx, IROP_BTYPE_INT32);
        1: 1425:    tcc_ir_set_dest(ir, loop->header_idx, self);
        1: 1426:    tcc_ir_set_src1(ir, loop->header_idx, IROP_NONE);
        1: 1427:    tcc_ir_set_src2(ir, loop->header_idx, IROP_NONE);
        -: 1428:
        -: 1429:    /* NOP the old back-edge if it's not the header */
        1: 1430:    if (back_edge_idx != loop->header_idx)
        1: 1431:      ir->compact_instructions[back_edge_idx].op = TCCIR_OP_NOP;
        -: 1432:
        1: 1433:    changes++;
        -: 1434:#undef MAX_HOIST
        -: 1435:  }
        -: 1436:
        2: 1437:  tcc_ir_free_loops(loops);
        2: 1438:  return changes;
        -: 1439:}
        -: 1440:
    #####: 1441:int tcc_ir_opt_infinite_loop_simplify_ex(IROptCtx *ctx)
        -: 1442:{
    #####: 1443:  return tcc_ir_opt_infinite_loop_simplify(ctx->ir);
        -: 1444:}
        -: 1445:
        -: 1446:/* ============================================================================
        -: 1447: * Dead-Code-Before-Infinite-Loop Elimination
        -: 1448: * ============================================================================
        -: 1449: *
        -: 1450: * After infinite_loop_simplify collapses a side-effect-free infinite loop to a
        -: 1451: * tight self-jump (`JMP to self`), the code that *precedes* the loop on the
        -: 1452: * never-returning path is still emitted: stores to globals, the address-take
        -: 1453: * that feeds them, the dominating `if` tests, etc.  GCC removes all of it.
        -: 1454: *
        -: 1455: * pr106433.c::bar is the motivating case:
        -: 1456: *
        -: 1457: *     if (x) {
        -: 1458: *       if (m < 1) for (m = 0; m < 1; ++m) ++x;
        -: 1459: *       p = &x;
        -: 1460: *       for (;;) ++m;          // never returns
        -: 1461: *     }
        -: 1462: *     return 0;
        -: 1463: *
        -: 1464: * Once control enters the non-terminating, side-effect-free `for(;;)`, the
        -: 1465: * function never resumes its caller, so the writes to m and p (and the
        -: 1466: * address-take of x that forces a stack spill) can never be observed.
        -: 1467: *
        -: 1468: * An instruction is dead under this rule when, following the CFG, it cannot
        -: 1469: * reach any observable program effect — a RETURN, a (non-pure) call, a
        -: 1470: * volatile access, inline asm, a trap, a longjmp, etc.  Its only destiny is to
        -: 1471: * spin forever in an empty loop.  A plain store to non-volatile memory is NOT
        -: 1472: * such an effect: it is observable only if the function eventually returns so
        -: 1473: * the value can be read, which on these paths never happens.
        -: 1474: *
        -: 1475: * We keep the self-jump sink itself (the program must still hang) and redirect
        -: 1476: * every edge entering the dead region straight to the loop, NOPing the rest.
        -: 1477: * DCE / jump-threading downstream cleans up the redirected hops.  Removing the
        -: 1478: * address-take of a parameter/local also lets us clear its now-stale
        -: 1479: * `addrtaken` flag, dropping the spill it would otherwise force. */
        -: 1480:
        -: 1481:/* An op is an "anchor": observable even if the function never returns.
        -: 1482: * Differs from ir_opt_op_is_essential only in that a store to non-volatile
        -: 1483: * memory is NOT an anchor (it needs a return to be observed) and plain
        -: 1484: * control flow (JUMP/JUMPIF) is not an anchor. */
        6: 1485:static int ir_opt_op_is_inf_dead_anchor(TCCIRState *ir, IRQuadCompact *q, int idx)
        -: 1486:{
        6: 1487:  switch (q->op)
        -: 1488:  {
        3: 1489:  case TCCIR_OP_JUMP:
        -: 1490:  case TCCIR_OP_JUMPIF:
        3: 1491:    return 0; /* pure control flow */
    #####: 1492:  case TCCIR_OP_STORE:
        -: 1493:  {
    #####: 1494:    IROperand dest = tcc_ir_op_get_dest(ir, q);
        -: 1495:    /* Store to a global (sym lval): observable-without-return only if volatile. */
    #####: 1496:    if (dest.is_sym && dest.is_lval)
        -: 1497:    {
    #####: 1498:      Sym *s = irop_get_sym_ex(ir, dest);
    #####: 1499:      return (s && (s->type.t & VT_VOLATILE)) ? 1 : 0;
        -: 1500:    }
        -: 1501:    /* Direct store to a local/param vreg: dead unless volatile. */
    #####: 1502:    if (!dest.is_lval && !dest.is_sym && !dest.is_llocal)
        -: 1503:    {
    #####: 1504:      int32_t dvr = irop_get_vreg(dest);
    #####: 1505:      int dvt = TCCIR_DECODE_VREG_TYPE(dvr);
    #####: 1506:      if (dvt == TCCIR_VREG_TYPE_VAR)
    #####: 1507:        return ir_opt_vreg_sym_is_volatile(dvr);
    #####: 1508:      if (dvt == TCCIR_VREG_TYPE_PARAM)
    #####: 1509:        return ir_opt_param_vreg_is_volatile(TCCIR_DECODE_VREG_POSITION(dvr));
        -: 1510:    }
        -: 1511:    /* Pointer / unknown store target: keep conservatively. */
    #####: 1512:    return 1;
        -: 1513:  }
        3: 1514:  default:
        3: 1515:    break;
        -: 1516:  }
        -: 1517:  /* Everything else (calls, asm, traps, returns, volatile reads, VLA, …) keeps
        -: 1518:   * its ir_opt_op_is_essential classification. */
        3: 1519:  return ir_opt_op_is_essential(ir, q, idx, NULL, 0);
        -: 1520:}
        -: 1521:
        -: 1522:/* Forward-walk from `start` over CFG successors, staying within the dead/sink
        -: 1523: * set, until an empty-infinite-loop sink is reached.  Returns its index, or -1
        -: 1524: * if no sink is reachable (the caller then leaves the region untouched). */
    #####: 1525:static int ir_inf_dead_find_sink(TCCIRState *ir, int start, const uint8_t *dead,
        -: 1526:                                 const uint8_t *is_sink, int n)
        -: 1527:{
    #####: 1528:  uint8_t *vis = tcc_mallocz((n + 7) / 8);
    #####: 1529:  int *stk = tcc_malloc(n * sizeof(int));
    #####: 1530:  int sp = 0, found = -1;
    #####: 1531:  stk[sp++] = start;
    #####: 1532:  vis[start / 8] |= (1 << (start % 8));
    #####: 1533:  while (sp > 0)
        -: 1534:  {
    #####: 1535:    int i = stk[--sp];
    #####: 1536:    if (is_sink[i / 8] & (1 << (i % 8)))
        -: 1537:    {
    #####: 1538:      found = i;
    #####: 1539:      break;
        -: 1540:    }
    #####: 1541:    IRQuadCompact *q = &ir->compact_instructions[i];
    #####: 1542:    int succ[2], ns = 0;
    #####: 1543:    switch (q->op)
        -: 1544:    {
    #####: 1545:    case TCCIR_OP_RETURNVALUE:
        -: 1546:    case TCCIR_OP_RETURNVOID:
        -: 1547:    case TCCIR_OP_TRAP:
    #####: 1548:      break;
    #####: 1549:    case TCCIR_OP_JUMP:
    #####: 1550:      succ[ns++] = (int)tcc_ir_op_get_dest(ir, q).u.imm32;
    #####: 1551:      break;
    #####: 1552:    case TCCIR_OP_JUMPIF:
    #####: 1553:      succ[ns++] = (int)tcc_ir_op_get_dest(ir, q).u.imm32;
    #####: 1554:      succ[ns++] = i + 1;
    #####: 1555:      break;
    #####: 1556:    default:
    #####: 1557:      succ[ns++] = i + 1;
    #####: 1558:      break;
        -: 1559:    }
    #####: 1560:    for (int k = 0; k < ns; k++)
        -: 1561:    {
    #####: 1562:      int s = succ[k];
    #####: 1563:      if (s < 0 || s >= n)
    #####: 1564:        continue;
    #####: 1565:      int sdead = dead[s / 8] & (1 << (s % 8));
    #####: 1566:      int ssink = is_sink[s / 8] & (1 << (s % 8));
    #####: 1567:      if (!sdead && !ssink)
    #####: 1568:        continue; /* escapes the dead region — cannot happen for a dead node */
    #####: 1569:      if (!(vis[s / 8] & (1 << (s % 8))))
[...]
    #####: 8134:  ir->leaffunc = 1;
        -: 8135:
        -: 8136:  /* Clear param allocations: the body no longer references any param, so
        -: 8137:   * the prologue's `mov r4, r0` (etc) parameter-setup should be skipped.
        -: 8138:   * Mirrors local_only_body_elide. */
    #####: 8139:  for (int p = 0; p < ir->next_parameter; p++)
        -: 8140:  {
    #####: 8141:    IRLiveInterval *iv = &ir->parameters_live_intervals[p];
    #####: 8142:    iv->allocation.r0 = PREG_NONE;
    #####: 8143:    iv->allocation.r1 = PREG_NONE;
    #####: 8144:    iv->allocation.offset = 0;
        -: 8145:  }
        -: 8146:
    #####: 8147:  return 1;
        -: 8148:}
        -: 8149:
    #####: 8150:int tcc_ir_opt_const_return_uninit_elide_ex(IROptCtx *ctx) { return tcc_ir_opt_const_return_uninit_elide(ctx->ir); }
        -: 8151:
        -: 8152:/* Null-Store Dominates Return — UB exploit for STORE through compile-time NULL.
        -: 8153: *
        -: 8154: * Detects functions where some STORE has its address operand provably equal to
        -: 8155: * a compile-time constant 0 (NULL pointer dereference) on at least one
        -: 8156: * execution path, and that STORE dominates every RETURNVOID.  Per C11 those
        -: 8157: * executions are UB and we may legally choose any behaviour; we pick
        -: 8158: * "collapse to bx lr", matching GCC -O2 on gcc.c-torture/compile/pr36817.c
        -: 8159: * where `unsigned *p=0; *p++=0;` reduces the entire body to a single return.
        -: 8160: *
        -: 8161: * Approach: linear forward scan from entry tracking which TEMPs / VARs hold
        -: 8162: * a compile-time-known zero (propagated through ASSIGN of #0 and ASSIGN of a
        -: 8163: * known-zero source).  Stop at any operation that breaks linear flow
        -: 8164: * (unconditional JUMP, RETURN, CALL, IJUMP, SWITCH_TABLE, asm).  When the
        -: 8165: * scan finds a STORE through a known-zero address, verify its block
        -: 8166: * dominates every RETURNVOID before collapsing.
        -: 8167: *
        -: 8168: * The linear-scan + dominator check is sound:
        -: 8169: *   - Stopping at unconditional JUMP ensures we never claim UB based on a
        -: 8170: *     hypothetical state at code skipped by the jump.
        -: 8171: *   - Killing known-zero on any non-zero write means the recorded "known
        -: 8172: *     zero" is the value seen on the LINEAR fall-through path from entry.
        -: 8173: *   - The dominator check ensures every actual execution reaches the STORE,
        -: 8174: *     so UB on the linear path implies UB on every execution.
        -: 8175: */
    #####: 8176:int tcc_ir_opt_null_store_dom_return(TCCIRState *ir)
        -: 8177:{
    #####: 8178:  int n = ir->next_instruction_index;
    #####: 8179:  if (n == 0)
    #####: 8180:    return 0;
        -: 8181:  /* O2-only: same gating philosophy as the other UB-exploit passes. */
    #####: 8182:  if (!tcc_state || tcc_state->optimize < 2)
    #####: 8183:    return 0;
        -: 8184:
        -: 8185:  /* Bail on unanalyzable ops + non-void returns.  Inline asm / IJUMP can hide
        -: 8186:   * writes through pointers we can't see; non-void returns would need a
        -: 8187:   * synthesized return value we don't have.  An explicit RETURNVOID is not
        -: 8188:   * required — TCC's IR often elides it and relies on the codegen epilogue. */
    #####: 8189:  for (int i = 0; i < n; i++)
        -: 8190:  {
    #####: 8191:    TccIrOp op = ir->compact_instructions[i].op;
    #####: 8192:    switch (op)
        -: 8193:    {
    #####: 8194:    case TCCIR_OP_ASM_INPUT:
        -: 8195:    case TCCIR_OP_ASM_OUTPUT:
        -: 8196:    case TCCIR_OP_INLINE_ASM:
        -: 8197:    case TCCIR_OP_IJUMP:
        -: 8198:    case TCCIR_OP_TRAP:
        -: 8199:    case TCCIR_OP_SETJMP:
        -: 8200:    case TCCIR_OP_LONGJMP:
        -: 8201:    case TCCIR_OP_NL_SETJMP:
        -: 8202:    case TCCIR_OP_NL_LONGJMP:
        -: 8203:    case TCCIR_OP_BUILTIN_APPLY_ARGS:
        -: 8204:    case TCCIR_OP_BUILTIN_APPLY:
        -: 8205:    case TCCIR_OP_BUILTIN_RETURN:
        -: 8206:    case TCCIR_OP_RETURNVALUE:
    #####: 8207:      return 0;
    #####: 8208:    default:
    #####: 8209:      break;
        -: 8210:    }
        -: 8211:    /* Volatile sym access on any operand is observable; can't elide. */
    #####: 8212:    IRQuadCompact *q = &ir->compact_instructions[i];
    #####: 8213:    for (int k = 0; k <= 2; k++)
        -: 8214:    {
        -: 8215:      IROperand op2;
    #####: 8216:      if (k == 0)
        -: 8217:      {
    #####: 8218:        if (!irop_config[q->op].has_dest)
    #####: 8219:          continue;
    #####: 8220:        op2 = tcc_ir_op_get_dest(ir, q);
        -: 8221:      }
    #####: 8222:      else if (k == 1)
        -: 8223:      {
    #####: 8224:        if (!irop_config[q->op].has_src1)
    #####: 8225:          continue;
    #####: 8226:        op2 = tcc_ir_op_get_src1(ir, q);
        -: 8227:      }
        -: 8228:      else
        -: 8229:      {
    #####: 8230:        if (!irop_config[q->op].has_src2)
    #####: 8231:          continue;
    #####: 8232:        op2 = tcc_ir_op_get_src2(ir, q);
        -: 8233:      }
    #####: 8234:      if (op2.is_sym)
        -: 8235:      {
    #####: 8236:        Sym *sym = irop_get_sym_ex(ir, op2);
    #####: 8237:        if (sym && (sym->type.t & VT_VOLATILE))
    #####: 8238:          return 0;
        -: 8239:      }
        -: 8240:    }
        -: 8241:  }
        -: 8242:#define NSDR_MAX_TEMP 8192
        -: 8243:#define NSDR_MAX_VAR 1024
    #####: 8244:  uint8_t temp_zero[(NSDR_MAX_TEMP + 7) / 8] = {0};
    #####: 8245:  uint8_t var_zero[(NSDR_MAX_VAR + 7) / 8] = {0};
    #####: 8246:  uint8_t var_addr_taken[(NSDR_MAX_VAR + 7) / 8] = {0};
        -: 8247:
        -: 8248:  /* Pre-scan: identify address-taken VARs (skip them — pointer writes could
        -: 8249:   * have initialized them invisibly). */
    #####: 8250:  for (int i = 0; i < n; i++)
        -: 8251:  {
    #####: 8252:    IRQuadCompact *q = &ir->compact_instructions[i];
    #####: 8253:    if (q->op == TCCIR_OP_NOP)
    #####: 8254:      continue;
    #####: 8255:    for (int k = 0; k <= 2; k++)
        -: 8256:    {
        -: 8257:      IROperand op;
    #####: 8258:      if (k == 0)
        -: 8259:      {
    #####: 8260:        if (!irop_config[q->op].has_dest)
    #####: 8261:          continue;
    #####: 8262:        op = tcc_ir_op_get_dest(ir, q);
        -: 8263:      }
    #####: 8264:      else if (k == 1)
        -: 8265:      {
    #####: 8266:        if (!irop_config[q->op].has_src1)
    #####: 8267:          continue;
    #####: 8268:        op = tcc_ir_op_get_src1(ir, q);
        -: 8269:      }
        -: 8270:      else
        -: 8271:      {
    #####: 8272:        if (!irop_config[q->op].has_src2)
    #####: 8273:          continue;
    #####: 8274:        op = tcc_ir_op_get_src2(ir, q);
        -: 8275:      }
    #####: 8276:      int32_t vr = irop_get_vreg(op);
    #####: 8277:      if (vr < 0)
    #####: 8278:        continue;
    #####: 8279:      if (TCCIR_DECODE_VREG_TYPE(vr) != TCCIR_VREG_TYPE_VAR)
    #####: 8280:        continue;
    #####: 8281:      if (op.is_local && !op.is_lval)
        -: 8282:      {
    #####: 8283:        int p = TCCIR_DECODE_VREG_POSITION(vr);
    #####: 8284:        if (p >= 0 && p < NSDR_MAX_VAR)
    #####: 8285:          var_addr_taken[p >> 3] |= (uint8_t)(1u << (p & 7));
        -: 8286:      }
        -: 8287:    }
    #####: 8288:    if (q->op == TCCIR_OP_LEA && irop_config[q->op].has_src1)
        -: 8289:    {
    #####: 8290:      IROperand op = tcc_ir_op_get_src1(ir, q);
    #####: 8291:      int32_t vr = irop_get_vreg(op);
    #####: 8292:      if (vr >= 0 && TCCIR_DECODE_VREG_TYPE(vr) == TCCIR_VREG_TYPE_VAR)
        -: 8293:      {
    #####: 8294:        int p = TCCIR_DECODE_VREG_POSITION(vr);
    #####: 8295:        if (p >= 0 && p < NSDR_MAX_VAR)
    #####: 8296:          var_addr_taken[p >> 3] |= (uint8_t)(1u << (p & 7));
        -: 8297:      }
        -: 8298:    }
        -: 8299:  }
        -: 8300:
        -: 8301:#define VREG_IS_KNOWN_ZERO(_op)                                                                                            \
        -: 8302:  ({                                                                                                                       \
        -: 8303:    int _r = 0;                                                                                                            \
        -: 8304:    int32_t _vr = irop_get_vreg(_op);                                                                                      \
        -: 8305:    if (_vr >= 0 && !(_op).is_lval)                                                                                        \
        -: 8306:    {                                                                                                                      \
        -: 8307:      int _t = TCCIR_DECODE_VREG_TYPE(_vr);                                                                                \
        -: 8308:      int _p = TCCIR_DECODE_VREG_POSITION(_vr);                                                                            \
        -: 8309:      if (_t == TCCIR_VREG_TYPE_TEMP && _p >= 0 && _p < NSDR_MAX_TEMP)                                                     \
        -: 8310:      {                                                                                                                    \
        -: 8311:        if (temp_zero[_p >> 3] & (uint8_t)(1u << (_p & 7)))                                                                \
        -: 8312:          _r = 1;                                                                                                          \
        -: 8313:      }                                                                                                                    \
        -: 8314:      else if (_t == TCCIR_VREG_TYPE_VAR && _p >= 0 && _p < NSDR_MAX_VAR &&                                                \
        -: 8315:               !(var_addr_taken[_p >> 3] & (uint8_t)(1u << (_p & 7))))                                                     \
        -: 8316:      {                                                                                                                    \
        -: 8317:        if (var_zero[_p >> 3] & (uint8_t)(1u << (_p & 7)))                                                                 \
        -: 8318:          _r = 1;                                                                                                          \
        -: 8319:      }                                                                                                                    \
        -: 8320:    }                                                                                                                      \
        -: 8321:    _r;                                                                                                                    \
        -: 8322:  })
        -: 8323:
    #####: 8324:  int ub_store_idx = -1;
        -: 8325:
    #####: 8326:  for (int i = 0; i < n; i++)
        -: 8327:  {
    #####: 8328:    IRQuadCompact *q = &ir->compact_instructions[i];
    #####: 8329:    if (q->op == TCCIR_OP_NOP)
    #####: 8330:      continue;
        -: 8331:
        -: 8332:    /* Check STORE through known-NULL pointer (before applying any writes
        -: 8333:     * from this instruction — STORE's "dest" is the address it reads). */
    #####: 8334:    if (q->op == TCCIR_OP_STORE)
        -: 8335:    {
    #####: 8336:      IROperand dest = tcc_ir_op_get_dest(ir, q);
    #####: 8337:      if (dest.is_lval && !dest.is_local)
        -: 8338:      {
        -: 8339:        /* Direct immediate NULL address operand. */
    #####: 8340:        if (irop_is_immediate(dest) && irop_get_imm64_ex(ir, dest) == 0)
        -: 8341:        {
    #####: 8342:          ub_store_idx = i;
    #####: 8343:          break;
        -: 8344:        }
        -: 8345:        /* Vreg currently known to be zero. */
    #####: 8346:        int32_t vr = irop_get_vreg(dest);
    #####: 8347:        if (vr >= 0)
        -: 8348:        {
    #####: 8349:          int t = TCCIR_DECODE_VREG_TYPE(vr);
    #####: 8350:          int p = TCCIR_DECODE_VREG_POSITION(vr);
    #####: 8351:          if (t == TCCIR_VREG_TYPE_TEMP && p >= 0 && p < NSDR_MAX_TEMP)
        -: 8352:          {
    #####: 8353:            if (temp_zero[p >> 3] & (uint8_t)(1u << (p & 7)))
        -: 8354:            {
    #####: 8355:              ub_store_idx = i;
    #####: 8356:              break;
        -: 8357:            }
        -: 8358:          }
    #####: 8359:          else if (t == TCCIR_VREG_TYPE_VAR && p >= 0 && p < NSDR_MAX_VAR &&
    #####: 8360:                   !(var_addr_taken[p >> 3] & (uint8_t)(1u << (p & 7))))
        -: 8361:          {
    #####: 8362:            if (var_zero[p >> 3] & (uint8_t)(1u << (p & 7)))
        -: 8363:            {
    #####: 8364:              ub_store_idx = i;
    #####: 8365:              break;
        -: 8366:            }
        -: 8367:          }
        -: 8368:        }
        -: 8369:      }
        -: 8370:    }
        -: 8371:
        -: 8372:    /* Apply the write effect of this instruction to known-zero tracking. */
    #####: 8373:    if (irop_config[q->op].has_dest)
        -: 8374:    {
    #####: 8375:      IROperand dst = tcc_ir_op_get_dest(ir, q);
        -: 8376:      /* is_lval (deref) or is_local (stack address) destinations don't
        -: 8377:       * define a vreg in the value sense. */
    #####: 8378:      if (!dst.is_lval && !dst.is_local)
        -: 8379:      {
    #####: 8380:        int32_t dvr = irop_get_vreg(dst);
    #####: 8381:        if (dvr >= 0)
        -: 8382:        {
    #####: 8383:          int dtype = TCCIR_DECODE_VREG_TYPE(dvr);
    #####: 8384:          int dpos = TCCIR_DECODE_VREG_POSITION(dvr);
        -: 8385:
    #####: 8386:          int makes_zero = 0;
    #####: 8387:          if (q->op == TCCIR_OP_ASSIGN && irop_config[q->op].has_src1)
        -: 8388:          {
    #####: 8389:            IROperand src1 = tcc_ir_op_get_src1(ir, q);
    #####: 8390:            if (irop_is_immediate(src1) && irop_get_imm64_ex(ir, src1) == 0)
    #####: 8391:              makes_zero = 1;
    #####: 8392:            else if (VREG_IS_KNOWN_ZERO(src1))
    #####: 8393:              makes_zero = 1;
        -: 8394:          }
        -: 8395:
    #####: 8396:          if (dtype == TCCIR_VREG_TYPE_TEMP && dpos >= 0 && dpos < NSDR_MAX_TEMP)
        -: 8397:          {
    #####: 8398:            if (makes_zero)
    #####: 8399:              temp_zero[dpos >> 3] |= (uint8_t)(1u << (dpos & 7));
        -: 8400:            else
    #####: 8401:              temp_zero[dpos >> 3] &= (uint8_t)~(1u << (dpos & 7));
        -: 8402:          }
    #####: 8403:          else if (dtype == TCCIR_VREG_TYPE_VAR && dpos >= 0 && dpos < NSDR_MAX_VAR)
        -: 8404:          {
    #####: 8405:            if (makes_zero)
    #####: 8406:              var_zero[dpos >> 3] |= (uint8_t)(1u << (dpos & 7));
        -: 8407:            else
    #####: 8408:              var_zero[dpos >> 3] &= (uint8_t)~(1u << (dpos & 7));
        -: 8409:          }
        -: 8410:        }
        -: 8411:      }
        -: 8412:    }
        -: 8413:
        -: 8414:    /* Stop conditions: any op that ends linear forward flow.  An unconditional
        -: 8415:     * JUMP makes subsequent linear-order instructions unreachable from this
        -: 8416:     * point (they'd need to be entered via a jump target with possibly
        -: 8417:     * different state, which we can't track here).  Other terminators have
        -: 8418:     * similar semantics. */
    #####: 8419:    if (q->op == TCCIR_OP_JUMP)
    #####: 8420:      break;
    #####: 8421:    if (q->op == TCCIR_OP_RETURNVOID || q->op == TCCIR_OP_RETURNVALUE)
        -: 8422:      break;
    #####: 8423:    if (q->op == TCCIR_OP_FUNCCALLVAL || q->op == TCCIR_OP_FUNCCALLVOID)
        -: 8424:      break;
    #####: 8425:    if (q->op == TCCIR_OP_SWITCH_TABLE)
    #####: 8426:      break;
        -: 8427:  }
        -: 8428:
        -: 8429:#undef VREG_IS_KNOWN_ZERO
        -: 8430:#undef NSDR_MAX_TEMP
        -: 8431:#undef NSDR_MAX_VAR
        -: 8432:
    #####: 8433:  if (ub_store_idx < 0)
    #####: 8434:    return 0;
        -: 8435:
        -: 8436:  /* Verify the UB STORE's block dominates every function exit.  An "exit" is
        -: 8437:   * either an explicit RETURNVOID or a CFG-leaf block (no successors — fall
        -: 8438:   * off the end of the function, which TCC's codegen handles by appending a
        -: 8439:   * bx lr). */
    #####: 8440:  IRCFG *cfg = tcc_ir_cfg_build(ir);
    #####: 8441:  if (!cfg || cfg->num_blocks == 0)
        -: 8442:  {
    #####: 8443:    if (cfg)
    #####: 8444:      tcc_ir_cfg_free(cfg);
    #####: 8445:    return 0;
        -: 8446:  }
    #####: 8447:  tcc_ir_cfg_compute_dominators(cfg);
        -: 8448:
    #####: 8449:  int store_block = cfg->instr_to_block[ub_store_idx];
    #####: 8450:  int ok = 1;
        -: 8451:  /* Check explicit RETURNVOIDs. */
    #####: 8452:  for (int i = 0; i < n && ok; i++)
        -: 8453:  {
    #####: 8454:    TccIrOp op = ir->compact_instructions[i].op;
    #####: 8455:    if (op != TCCIR_OP_RETURNVOID)
    #####: 8456:      continue;
    #####: 8457:    int ret_block = cfg->instr_to_block[i];
    #####: 8458:    if (store_block == ret_block)
        -: 8459:    {
    #####: 8460:      if (ub_store_idx >= i)
    #####: 8461:        ok = 0;
        -: 8462:    }
    #####: 8463:    else if (!tcc_ir_cfg_dominates(cfg, store_block, ret_block))
        -: 8464:    {
    #####: 8465:      ok = 0;
        -: 8466:    }
        -: 8467:  }
        -: 8468:  /* Check CFG-leaf blocks (implicit fall-off exits). */
    #####: 8469:  for (int b = 0; b < cfg->num_blocks && ok; b++)
        -: 8470:  {
    #####: 8471:    if (cfg->blocks[b].num_succs != 0)
    #####: 8472:      continue;
    #####: 8473:    if (b == store_block)
    #####: 8474:      continue; /* same block: STORE comes before the implicit exit by construction */
    #####: 8475:    if (!tcc_ir_cfg_dominates(cfg, store_block, b))
    #####: 8476:      ok = 0;
        -: 8477:  }
    #####: 8478:  tcc_ir_cfg_free(cfg);
        -: 8479:
    #####: 8480:  if (!ok)
    #####: 8481:    return 0;
        -: 8482:
        -: 8483:  LOG_IR_GEN("NULL-STORE-DOM-RETURN: collapsing function body to bx lr "
        -: 8484:             "(STORE at i=%d through compile-time NULL dominates all RETURNVOIDs)", ub_store_idx);
        -: 8485:
        -: 8486:  /* NOP everything — codegen will emit bare prologue + bx lr.  Mirrors
        -: 8487:   * ub_only_body_elide's bookkeeping. */
    #####: 8488:  for (int i = 0; i < n; i++)
        -: 8489:  {
    #####: 8490:    ir->compact_instructions[i].op = TCCIR_OP_NOP;
    #####: 8491:    ir->compact_instructions[i].is_jump_target = 0;
        -: 8492:  }
        -: 8493:
    #####: 8494:  ir->ls.dirty_registers = 0;
    #####: 8495:  ir->ls.dirty_float_registers = 0;
    #####: 8496:  if (ir->ls.live_regs_by_instruction && ir->ls.live_regs_by_instruction_size > 0)
    #####: 8497:    memset(ir->ls.live_regs_by_instruction, 0,
    #####: 8498:           ir->ls.live_regs_by_instruction_size * sizeof(ir->ls.live_regs_by_instruction[0]));
    #####: 8499:  ir->leaffunc = 1;
        -: 8500:
    #####: 8501:  return 1;
        -: 8502:}
        -: 8503:
    #####: 8504:int tcc_ir_opt_null_store_dom_return_ex(IROptCtx *ctx) { return tcc_ir_opt_null_store_dom_return(ctx->ir); }
