        -:    0:Source:/home/mateusz/repos/tinycc/tccelf.c
        -:    0:Graph:tests/unit/arm/armv8m/build_tccelf/tccelf.gcno
        -:    0:Data:tests/unit/arm/armv8m/build_tccelf/tccelf.gcda
        -:    0:Runs:1
        -:    1:/*
        -:    2: *  ELF file handling for TCC
        -:    3: *
        -:    4: *  Copyright (c) 2001-2004 Fabrice Bellard
        -:    5: *
        -:    6: * This library is free software; you can redistribute it and/or
        -:    7: * modify it under the terms of the GNU Lesser General Public
        -:    8: * License as published by the Free Software Foundation; either
        -:    9: * version 2 of the License, or (at your option) any later version.
        -:   10: *
        -:   11: * This library is distributed in the hope that it will be useful,
        -:   12: * but WITHOUT ANY WARRANTY; without even the implied warranty of
        -:   13: * MERCHANTABILITY or FITNESS FOR A PARTICULAR PURPOSE.  See the GNU
        -:   14: * Lesser General Public License for more details.
        -:   15: *
        -:   16: * You should have received a copy of the GNU Lesser General Public
        -:   17: * License along with this library; if not, write to the Free Software
        -:   18: * Foundation, Inc., 59 Temple Place, Suite 330, Boston, MA  02111-1307  USA
        -:   19: */
        -:   20:
        -:   21:#include "tcc.h"
        -:   22:#include "tccld.h"
        -:   23:#include "tccyaff.h"
        -:   24:
        -:   25:/********************************************************/
        -:   26:/* global variables */
        -:   27:
        -:   28:/* elf version information */
        -:   29:struct sym_version
        -:   30:{
        -:   31:  char *lib;
        -:   32:  char *version;
        -:   33:  int out_index;
        -:   34:  int prev_same_lib;
        -:   35:};
        -:   36:
        -:   37:#define nb_sym_versions s1->nb_sym_versions
        -:   38:#define sym_versions s1->sym_versions
        -:   39:#define nb_sym_to_version s1->nb_sym_to_version
        -:   40:#define sym_to_version s1->sym_to_version
        -:   41:#define dt_verneednum s1->dt_verneednum
        -:   42:#define versym_section s1->versym_section
        -:   43:#define verneed_section s1->verneed_section
        -:   44:
        -:   45:/* special flag to indicate that the section should not be linked to the other
        -:   46: * ones */
        -:   47:#define SHF_PRIVATE 0x80000000
        -:   48:/* section is dynsymtab_section */
        -:   49:#define SHF_DYNSYM 0x40000000
        -:   50:/* Larger initial ELF hash tables reduce rebuild churn without changing lookup semantics. */
        -:   51:#define SYMTAB_INITIAL_HASH_BUCKETS 512
        -:   52:
        -:   53:#if defined(TCC_TARGET_PE)
        -:   54:#define shf_RELRO SHF_ALLOC
        -:   55:static const char rdata[] = ".rdata";
        -:   56:#elif defined(TCC_TARGET_ARM_THUMB)
        -:   57:#define shf_RELRO SHF_ALLOC
        -:   58:static const char rdata[] = ".rodata";
        -:   59:#else
        -:   60:#define shf_RELRO SHF_ALLOC /* eventually made SHF_WRITE in sort_sections() */
        -:   61:static const char rdata[] = ".data.ro";
        -:   62:#endif
        -:   63:
        -:   64:/* ------------------------------------------------------------------------- */
        -:   65:
       57:   66:ST_FUNC void tccelf_new(TCCState *s)
        -:   67:{
       57:   68:  TCCState *s1 = s;
        -:   69:
        -:   70:  /* no section zero */
       57:   71:  dynarray_add(&s->sections, &s->nb_sections, NULL);
        -:   72:
        -:   73:  /* create standard sections */
       57:   74:  text_section = new_section(s, ".text", SHT_PROGBITS, SHF_ALLOC | SHF_EXECINSTR);
       57:   75:  data_section = new_section(s, ".data", SHT_PROGBITS, SHF_ALLOC | SHF_WRITE);
        -:   76:  /* create ro data section (make ro after relocation done with GNU_RELRO) */
       57:   77:  rodata_section = new_section(s, rdata, SHT_PROGBITS, shf_RELRO);
       57:   78:  bss_section = new_section(s, ".bss", SHT_NOBITS, SHF_ALLOC | SHF_WRITE);
       57:   79:  common_section = new_section(s, ".common", SHT_NOBITS, SHF_PRIVATE);
       57:   80:  common_section->sh_num = SHN_COMMON;
        -:   81:
        -:   82:  /* symbols are always generated for linking stage */
       57:   83:  symtab_section = new_symtab(s, ".symtab", SHT_SYMTAB, 0, ".strtab", ".hashtab", SHF_PRIVATE);
        -:   84:
        -:   85:  /* private symbol table for dynamic symbols */
       57:   86:  s->dynsymtab_section =
       57:   87:      new_symtab(s, ".dynsymtab", SHT_SYMTAB, SHF_PRIVATE | SHF_DYNSYM, ".dynstrtab", ".dynhashtab", SHF_PRIVATE);
       57:   88:  get_sym_attr(s, 0, 1);
        -:   89:
       57:   90:  if (s->do_debug)
        -:   91:  {
        -:   92:    /* add debug sections */
        1:   93:    tcc_debug_new(s);
        -:   94:  }
        -:   95:
        -:   96:#if TCC_EH_FRAME
        -:   97:  if (s->output_format != TCC_OUTPUT_FORMAT_ELF)
        -:   98:    s->unwind_tables = 0;
        -:   99:  tcc_eh_frame_start(s);
        -:  100:#endif
        -:  101:
        -:  102:#ifdef CONFIG_TCC_BCHECK
       57:  103:  if (s->do_bounds_check)
        -:  104:  {
        -:  105:    /* if bound checking, then add corresponding sections */
        -:  106:    /* (make ro after relocation done with GNU_RELRO) */
        2:  107:    bounds_section = new_section(s, ".bounds", SHT_PROGBITS, shf_RELRO);
        2:  108:    lbounds_section = new_section(s, ".lbounds", SHT_PROGBITS, shf_RELRO);
        -:  109:  }
        -:  110:#endif
        -:  111:
        -:  112:#ifdef TCC_TARGET_PE
        -:  113:  /* to make sure that -ltcc1 -Wl,-e,_start will grab the startup code
        -:  114:     from libtcc1.a (unless _start defined) */
        -:  115:  if (s->elf_entryname)
        -:  116:    set_global_sym(s, s->elf_entryname, NULL, 0); /* SHN_UNDEF */
        -:  117:#endif
       57:  118:}
        -:  119:
        -:  120:/* -------------------------------------------------- */
        -:  121:/* Lazy section loading support */
        -:  122:
        -:  123:/* Check if section should use lazy loading.
        -:  124:   Only defer debug sections — deferring everything else adds
        -:  125:   overhead (malloc + strdup + re-open) that exceeds the savings
        -:  126:   when most sections will be needed for linking anyway. */
    #####:  127:static int should_defer_section(const char *name, int sh_type)
        -:  128:{
        -:  129:  (void)sh_type;
        -:  130:  /* Defer DWARF debug sections */
    #####:  131:  if (name[0] == '.' && name[1] == 'd' && strncmp(name, ".debug_", 7) == 0)
    #####:  132:    return 1;
        -:  133:  /* Defer stab sections */
    #####:  134:  if (name[0] == '.' && name[1] == 's' && strncmp(name, ".stab", 5) == 0)
    #####:  135:    return 1;
        -:  136:  /* Load everything else immediately */
    #####:  137:  return 0;
        -:  138:}
        -:  139:
        -:  140:/* Forward declarations for lazy loading functions */
        -:  141:static void free_reloc_patches(Section *s);
        -:  142:static void apply_reloc_patches(Section *sec, unsigned char *data, size_t size);
        -:  143:static void sort_patches_by_offset(Section *sec);
        -:  144:static void add_reloc_patch(Section *s, uint32_t offset, uint32_t value);
        -:  145:
        -:  146:/* Free all deferred chunks for a section */
      766:  147:static void free_deferred_chunks(Section *sec)
        -:  148:{
      766:  149:  DeferredChunk *c = sec->deferred_head;
      774:  150:  while (c)
        -:  151:  {
        8:  152:    DeferredChunk *next = c->next;
        -:  153:    /* source_path is now duplicated, so free it */
        8:  154:    if (c->source_path)
        8:  155:      tcc_free((void *)c->source_path);
        8:  156:    tcc_free(c);
        8:  157:    c = next;
        -:  158:  }
      766:  159:  sec->deferred_head = sec->deferred_tail = NULL;
      766:  160:}
        -:  161:
        -:  162:/* Add a deferred chunk to a section */
    #####:  163:static void section_add_deferred(TCCState *s1, Section *sec, const char *path, unsigned long file_off,
        -:  164:                                 unsigned long size, unsigned long dest_off)
        -:  165:{
    #####:  166:  DeferredChunk *chunk = tcc_mallocz(sizeof(DeferredChunk));
        -:  167:  /* Duplicate the path string so it survives after loading context changes */
    #####:  168:  chunk->source_path = path ? tcc_strdup(path) : NULL;
        -:  169:  /* For archives, the file_offset is already relative to the member start */
    #####:  170:  chunk->file_offset = (uint32_t)file_off;
    #####:  171:  chunk->size = (uint32_t)size;
    #####:  172:  chunk->dest_offset = (uint32_t)dest_off;
    #####:  173:  chunk->materialized = 0;
        -:  174:
    #####:  175:  if (sec->deferred_tail)
        -:  176:  {
    #####:  177:    sec->deferred_tail->next = chunk;
        -:  178:  }
        -:  179:  else
        -:  180:  {
    #####:  181:    sec->deferred_head = chunk;
        -:  182:  }
    #####:  183:  sec->deferred_tail = chunk;
    #####:  184:  sec->lazy = 1;
    #####:  185:  sec->has_deferred_chunks = 1;
        -:  186:
        -:  187:  (void)path; /* silence warning when debug disabled */
    #####:  188:}
        -:  189:
        -:  190:/* Load all deferred data for a section */
        8:  191:ST_FUNC void section_materialize(TCCState *s1, Section *sec)
        -:  192:{
        -:  193:  DeferredChunk *c;
        -:  194:  int fd;
        -:  195:
        -:  196:  /* section_materialize */
        -:  197:
        8:  198:  if (!sec->lazy || sec->materialized)
        1:  199:    return;
        -:  200:
        -:  201:  /* Allocate buffer for full section */
        7:  202:  if (sec->sh_type != SHT_NOBITS)
        -:  203:  {
        -:  204:    /* Reallocating section for materialization */
        7:  205:    section_realloc(sec, sec->data_offset);
        -:  206:  }
        -:  207:
        -:  208:  /* Load each deferred chunk - file_offset is absolute for regular files,
        -:  209:   * relative to archive member for archive files (handled by caller) */
       14:  210:  for (c = sec->deferred_head; c; c = c->next)
        -:  211:  {
        7:  212:    if (c->materialized)
        -:  213:    {
        -:  214:      /* Chunk already materialized */
        1:  215:      continue;
        -:  216:    }
        -:  217:    /* Loading chunk */
        6:  218:    fd = open(c->source_path, O_RDONLY | O_BINARY);
        6:  219:    if (fd < 0)
        -:  220:    {
        1:  221:      fprintf(stderr, "tcc: cannot reopen '%s' for lazy loading\n", c->source_path);
        1:  222:      continue;
        -:  223:    }
        5:  224:    lseek(fd, c->file_offset, SEEK_SET);
        -:  225:
        5:  226:    if (full_read(fd, sec->data + c->dest_offset, c->size) != c->size)
        -:  227:    {
        1:  228:      fprintf(stderr, "tcc: short read from '%s'\n", c->source_path);
        -:  229:    }
        -:  230:    else
        -:  231:    {
        4:  232:      c->materialized = 1;
        -:  233:      /* Successfully loaded */
        -:  234:    }
        5:  235:    close(fd);
        -:  236:  }
        -:  237:
        -:  238:  /* Apply any relocation patches */
        7:  239:  if (sec->nb_reloc_patches > 0)
        -:  240:  {
        -:  241:    /* Applying relocation patches */
        1:  242:    apply_reloc_patches(sec, sec->data, sec->data_offset);
        -:  243:  }
        -:  244:
        -:  245:  /* Free deferred chunk metadata to save memory */
        7:  246:  free_deferred_chunks(sec);
        7:  247:  sec->lazy = 0;
        -:  248:
        -:  249:  /* Materialized section */
        7:  250:  sec->materialized = 1;
        -:  251:}
        -:  252:
        -:  253:/* Ensure section data is available (call before accessing sec->data) */
        2:  254:ST_FUNC void section_ensure_loaded(TCCState *s1, Section *sec)
        -:  255:{
        -:  256:  /* section_ensure_loaded */
        -:  257:  /* Skip if section was garbage collected (zeroed by GC) */
        2:  258:  if (sec->data_offset == 0)
        -:  259:  {
        -:  260:    /* Free any deferred chunks since we won't need them */
        1:  261:    if (sec->lazy && sec->has_deferred_chunks)
        -:  262:    {
        1:  263:      free_deferred_chunks(sec);
        1:  264:      sec->lazy = 0;
        1:  265:      sec->has_deferred_chunks = 0;
        -:  266:    }
        1:  267:    return;
        -:  268:  }
        1:  269:  if (sec->lazy && !sec->materialized)
        1:  270:    section_materialize(s1, sec);
        -:  271:}
        -:  272:
        -:  273:/* Sort patches by offset using simple insertion sort.
        -:  274: * Returns new head of sorted list. */
        -:  275:/* Sort patches by offset using insertion sort (efficient for small arrays) */
    #####:  276:static void sort_patches_by_offset(Section *sec)
        -:  277:{
        -:  278:  int i, j;
    #####:  279:  int n = sec->nb_reloc_patches;
    #####:  280:  uint32_t *offsets = sec->reloc_patch_offsets;
    #####:  281:  uint32_t *values = sec->reloc_patch_values;
        -:  282:
    #####:  283:  for (i = 1; i < n; i++)
        -:  284:  {
    #####:  285:    uint32_t key_offset = offsets[i];
    #####:  286:    uint32_t key_value = values[i];
    #####:  287:    j = i - 1;
    #####:  288:    while (j >= 0 && offsets[j] > key_offset)
        -:  289:    {
    #####:  290:      offsets[j + 1] = offsets[j];
    #####:  291:      values[j + 1] = values[j];
    #####:  292:      j--;
        -:  293:    }
    #####:  294:    offsets[j + 1] = key_offset;
    #####:  295:    values[j + 1] = key_value;
        -:  296:  }
    #####:  297:}
        -:  298:
        -:  299:/* Apply relocation patches to a memory buffer */
        1:  300:static void apply_reloc_patches(Section *sec, unsigned char *data, size_t size)
        -:  301:{
        -:  302:  int i;
        3:  303:  for (i = 0; i < sec->nb_reloc_patches; i++)
        -:  304:  {
        2:  305:    uint32_t offset = sec->reloc_patch_offsets[i];
        2:  306:    if (offset + 4 <= size)
        -:  307:    {
        2:  308:      add32le(data + offset, sec->reloc_patch_values[i]);
        -:  309:    }
        -:  310:  }
        1:  311:}
        -:  312:
        -:  313:/* Apply patches to a buffer during streaming.
        -:  314: * Applies all patches in [buf_start, buf_end) range starting from patch_idx.
        -:  315: * Returns the number of patches applied and updates patch_idx. */
    #####:  316:static int apply_patches_to_buffer(Section *sec, int *patch_idx, uint32_t buf_start, uint32_t buf_end,
        -:  317:                                   unsigned char *buffer, size_t buf_size)
        -:  318:{
    #####:  319:  int applied = 0;
    #####:  320:  int i = *patch_idx;
        -:  321:
    #####:  322:  while (i < sec->nb_reloc_patches && sec->reloc_patch_offsets[i] < buf_end)
        -:  323:  {
    #####:  324:    uint32_t offset = sec->reloc_patch_offsets[i];
    #####:  325:    if (offset >= buf_start)
        -:  326:    {
    #####:  327:      uint32_t buf_offset = offset - buf_start;
    #####:  328:      if (buf_offset + 4 <= buf_size)
        -:  329:      {
    #####:  330:        add32le(buffer + buf_offset, sec->reloc_patch_values[i]);
    #####:  331:        applied++;
        -:  332:      }
        -:  333:    }
    #####:  334:    i++;
        -:  335:  }
        -:  336:
    #####:  337:  *patch_idx = i; /* Update to first unapplied patch */
    #####:  338:  return applied;
        -:  339:}
        -:  340:
        -:  341:/* Write a lazy section directly to output file without materializing to memory.
        -:  342: * This avoids the memory allocation for sections that are only written to output.
        -:  343: * Applies relocation patches inline during streaming if present.
        -:  344: * Returns 0 on success, -1 on error. */
    #####:  345:static int section_write_streaming(TCCState *s1, Section *sec, FILE *f)
        -:  346:{
        -:  347:  DeferredChunk *c;
        -:  348:  int fd;
        -:  349:  unsigned char buffer[1024];
        -:  350:  size_t to_read, n;
    #####:  351:  int patch_idx = 0;
    #####:  352:  size_t output_pos = 0; /* Track bytes written within this section */
        -:  353:
    #####:  354:  if (!sec->lazy || sec->materialized)
        -:  355:  {
        -:  356:    /* Already materialized, use regular write */
    #####:  357:    if (sec->data && sec->data_offset > 0)
        -:  358:    {
    #####:  359:      fwrite(sec->data, 1, sec->data_offset, f);
        -:  360:    }
    #####:  361:    return 0;
        -:  362:  }
        -:  363:
        -:  364:  /* If there are relocation patches, sort them by offset for efficient streaming */
    #####:  365:  if (sec->nb_reloc_patches > 0)
        -:  366:  {
    #####:  367:    sort_patches_by_offset(sec);
        -:  368:  }
        -:  369:
        -:  370:  /* Stream each chunk directly from source file to output */
    #####:  371:  for (c = sec->deferred_head; c; c = c->next)
        -:  372:  {
        -:  373:
        -:  374:    /* Fill alignment gap before this chunk */
    #####:  375:    if (c->dest_offset > output_pos)
        -:  376:    {
    #####:  377:      size_t gap = c->dest_offset - output_pos;
        -:  378:
        -:  379:      /* Write from sec->data if it covers part of this gap (e.g. data from
        -:  380:         inline-assembled .S files written directly to the section buffer) */
    #####:  381:      if (sec->data && output_pos < sec->data_allocated)
        -:  382:      {
    #####:  383:        size_t from_data = sec->data_allocated - output_pos;
    #####:  384:        if (from_data > gap)
    #####:  385:          from_data = gap;
    #####:  386:        fwrite(sec->data + output_pos, 1, from_data, f);
    #####:  387:        output_pos += from_data;
    #####:  388:        gap -= from_data;
        -:  389:      }
        -:  390:
        -:  391:      /* Fill remaining gap with zeros */
    #####:  392:      while (gap > 0)
        -:  393:      {
    #####:  394:        n = gap < sizeof(buffer) ? gap : sizeof(buffer);
    #####:  395:        memset(buffer, 0, n);
    #####:  396:        fwrite(buffer, 1, n, f);
    #####:  397:        gap -= n;
        -:  398:      }
    #####:  399:      output_pos = c->dest_offset;
        -:  400:    }
        -:  401:
    #####:  402:    fd = open(c->source_path, O_RDONLY | O_BINARY);
    #####:  403:    if (fd < 0)
        -:  404:    {
    #####:  405:      fprintf(stderr, "tcc: cannot reopen '%s' for lazy loading\n", c->source_path);
    #####:  406:      continue;
        -:  407:    }
    #####:  408:    lseek(fd, c->file_offset, SEEK_SET);
        -:  409:
        -:  410:    /* Stream data in chunks to avoid large buffers */
    #####:  411:    to_read = c->size;
    #####:  412:    uint32_t chunk_written = 0;
        -:  413:
    #####:  414:    while (to_read > 0)
        -:  415:    {
    #####:  416:      n = to_read < sizeof(buffer) ? to_read : sizeof(buffer);
    #####:  417:      if (read(fd, buffer, n) != n)
        -:  418:      {
    #####:  419:        fprintf(stderr, "tcc: short read from '%s'\n", c->source_path);
    #####:  420:        break;
        -:  421:      }
        -:  422:
        -:  423:      /* Apply any patches that fall within this buffer */
    #####:  424:      if (patch_idx < sec->nb_reloc_patches)
        -:  425:      {
    #####:  426:        uint32_t buf_start = c->dest_offset + chunk_written;
    #####:  427:        uint32_t buf_end = buf_start + n;
    #####:  428:        apply_patches_to_buffer(sec, &patch_idx, buf_start, buf_end, buffer, n);
        -:  429:      }
        -:  430:
    #####:  431:      fwrite(buffer, 1, n, f);
    #####:  432:      chunk_written += n;
    #####:  433:      to_read -= n;
        -:  434:    }
    #####:  435:    output_pos += c->size;
    #####:  436:    close(fd);
        -:  437:  }
        -:  438:
        -:  439:  /* Fill trailing gap to reach sh_size */
    #####:  440:  if (output_pos < sec->sh_size)
        -:  441:  {
    #####:  442:    size_t gap = sec->sh_size - output_pos;
        -:  443:
    #####:  444:    while (gap > 0)
        -:  445:    {
    #####:  446:      n = gap < sizeof(buffer) ? gap : sizeof(buffer);
    #####:  447:      memset(buffer, 0, n);
    #####:  448:      fwrite(buffer, 1, n, f);
    #####:  449:      gap -= n;
        -:  450:    }
        -:  451:  }
    #####:  452:  return 0;
        -:  453:}
        -:  454:
        -:  455:/* -------------------------------------------------- */
        -:  456:/* Phase 2: Garbage Collection During Loading */
        -:  457:/* -------------------------------------------------- */
        -:  458:
        -:  459:/* Free a LazyObjectFile and all its resources */
        2:  460:static void free_lazy_objfile(LazyObjectFile *obj)
        -:  461:{
        -:  462:  int i;
        2:  463:  if (!obj)
    #####:  464:    return;
        -:  465:
       10:  466:  for (i = 0; i < obj->nb_sections; i++)
        -:  467:  {
        8:  468:    tcc_free(obj->sections[i].name);
        -:  469:  }
        2:  470:  tcc_free(obj->sections);
        2:  471:  tcc_free(obj->shdr);
        2:  472:  tcc_free(obj->strsec);
        2:  473:  tcc_free(obj->symtab);
        2:  474:  tcc_free(obj->strtab);
        2:  475:  tcc_free(obj->old_to_new_syms);
        2:  476:  tcc_free(obj->filename);
        -:  477:
        -:  478:  /* Don't close fd here - it's managed by caller */
        2:  479:  tcc_free(obj);
        -:  480:}
        -:  481:
        -:  482:/* Free all lazy object files in TCCState */
        2:  483:ST_FUNC void tcc_free_lazy_objfiles(TCCState *s1)
        -:  484:{
        -:  485:  int i;
        2:  486:  if (!s1->lazy_objfiles)
    #####:  487:    return;
        -:  488:
        4:  489:  for (i = 0; i < s1->nb_lazy_objfiles; i++)
        -:  490:  {
        2:  491:    free_lazy_objfile(s1->lazy_objfiles[i]);
        -:  492:  }
        2:  493:  tcc_free(s1->lazy_objfiles);
        2:  494:  s1->lazy_objfiles = NULL;
        2:  495:  s1->nb_lazy_objfiles = 0;
        -:  496:}
        -:  497:
        -:  498:/* Check if section name indicates it should always be loaded (not subject to GC) */
        6:  499:static int section_is_mandatory(const char *name)
        -:  500:{
        -:  501:  /* These sections are always needed for linking */
        6:  502:  if (strcmp(name, ".text") == 0 || strncmp(name, ".text.", 6) == 0)
    #####:  503:    return 1;
        6:  504:  if (strcmp(name, ".data") == 0 || strncmp(name, ".data.", 6) == 0)
    #####:  505:    return 1;
        6:  506:  if (strcmp(name, ".rodata") == 0 || strncmp(name, ".rodata.", 8) == 0)
    #####:  507:    return 1;
        6:  508:  if (strcmp(name, ".bss") == 0 || strncmp(name, ".bss.", 5) == 0)
    #####:  509:    return 1;
        6:  510:  if (strcmp(name, ".init") == 0 || strcmp(name, ".fini") == 0)
    #####:  511:    return 1;
        6:  512:  if (strncmp(name, ".init_array", 11) == 0 || strncmp(name, ".fini_array", 11) == 0)
    #####:  513:    return 1;
        6:  514:  if (strncmp(name, ".preinit_array", 14) == 0)
    #####:  515:    return 1;
        6:  516:  return 0;
        -:  517:}
        -:  518:
        -:  519:/* Load an object file with lazy section loading (Phase 2)
        -:  520: * This loads symbols immediately but defers section data until GC phase.
        -:  521: * Returns 0 on success, -1 on error. */
        2:  522:ST_FUNC int tcc_load_object_file_lazy(TCCState *s1, int fd, unsigned long file_offset)
        -:  523:{
        -:  524:  LazyObjectFile *obj;
        -:  525:  ElfW(Ehdr) ehdr;
        -:  526:  ElfW(Shdr) * shdr, *sh;
        -:  527:  char *strsec, *sh_name;
        -:  528:  int i, nb_syms, sym_index;
        -:  529:  ElfW(Sym) * sym, *symtab;
        -:  530:  char *strtab;
        -:  531:
        2:  532:  lseek(fd, file_offset, SEEK_SET);
        -:  533:
        -:  534:  /* Verify object file type */
        2:  535:  if (tcc_object_type(fd, &ehdr) != AFF_BINTYPE_REL)
        -:  536:  {
    #####:  537:    return tcc_error_noabort("invalid object file");
        -:  538:  }
        -:  539:
        2:  540:  if (ehdr.e_ident[5] != ELFDATA2LSB || ehdr.e_machine != EM_TCC_TARGET)
        -:  541:  {
    #####:  542:    return tcc_error_noabort("invalid object file");
        -:  543:  }
        -:  544:
        -:  545:  /* Allocate LazyObjectFile */
        2:  546:  obj = tcc_mallocz(sizeof(LazyObjectFile));
        2:  547:  obj->ehdr = ehdr;
       2*:  548:  obj->filename = tcc_strdup(s1->current_filename ? s1->current_filename : "<unknown>");
        -:  549:  /* Duplicate fd so it survives after caller closes the original */
        2:  550:  obj->fd = dup(fd);
        2:  551:  if (obj->fd < 0)
        -:  552:  {
    #####:  553:    tcc_free(obj);
    #####:  554:    return tcc_error_noabort("cannot duplicate file descriptor for lazy loading");
        -:  555:  }
        2:  556:  obj->file_offset = file_offset;
        -:  557:
        -:  558:  /* Read section headers */
        2:  559:  shdr = load_data(fd, file_offset + obj->ehdr.e_shoff, sizeof(ElfW(Shdr)) * obj->ehdr.e_shnum);
        2:  560:  obj->shdr = shdr;
        -:  561:
        -:  562:  /* Load section name string table */
        2:  563:  sh = &shdr[obj->ehdr.e_shstrndx];
        2:  564:  strsec = load_data(fd, file_offset + sh->sh_offset, sh->sh_size);
        2:  565:  obj->strsec = strsec;
        -:  566:
        -:  567:  /* First pass: find symtab and strtab, count sections we care about */
        2:  568:  nb_syms = 0;
        2:  569:  symtab = NULL;
        2:  570:  strtab = NULL;
        -:  571:
        8:  572:  for (i = 1; i < obj->ehdr.e_shnum; i++)
        -:  573:  {
        6:  574:    sh = &shdr[i];
        6:  575:    if (sh->sh_type == SHT_SYMTAB)
        -:  576:    {
        2:  577:      if (symtab)
        -:  578:      {
    #####:  579:        tcc_error_noabort("object must contain only one symtab");
    #####:  580:        goto fail;
        -:  581:      }
        2:  582:      nb_syms = sh->sh_size / sizeof(ElfW(Sym));
        2:  583:      symtab = load_data(fd, file_offset + sh->sh_offset, sh->sh_size);
        2:  584:      obj->symtab = symtab;
        -:  585:
        -:  586:      /* Load associated string table */
        2:  587:      sh = &shdr[sh->sh_link];
        2:  588:      strtab = load_data(fd, file_offset + sh->sh_offset, sh->sh_size);
        2:  589:      obj->strtab = strtab;
        -:  590:    }
        -:  591:  }
        2:  592:  obj->nb_syms = nb_syms;
        -:  593:
        -:  594:  /* Allocate sections array */
        2:  595:  obj->sections = tcc_mallocz(sizeof(LazySectionInfo) * obj->ehdr.e_shnum);
        2:  596:  obj->nb_sections = obj->ehdr.e_shnum;
        -:  597:
        -:  598:  /* Fill in section info */
        8:  599:  for (i = 1; i < obj->ehdr.e_shnum; i++)
        -:  600:  {
        6:  601:    sh = &shdr[i];
        6:  602:    sh_name = strsec + sh->sh_name;
        -:  603:
        6:  604:    obj->sections[i].name = tcc_strdup(sh_name);
        6:  605:    obj->sections[i].size = sh->sh_size;
        6:  606:    obj->sections[i].file_offset = sh->sh_offset;
        6:  607:    obj->sections[i].archive_offset = s1->current_archive_offset;
        6:  608:    obj->sections[i].sh_type = sh->sh_type;
        6:  609:    obj->sections[i].sh_flags = sh->sh_flags;
        6:  610:    obj->sections[i].sh_addralign = sh->sh_addralign;
        6:  611:    obj->sections[i].section = NULL;
        6:  612:    obj->sections[i].referenced = section_is_mandatory(sh_name);
        -:  613:
        -:  614:    /* Track relocation section association */
        6:  615:    if (sh->sh_type == SHT_RELX)
        -:  616:    {
    #####:  617:      int target_idx = sh->sh_info;
    #####:  618:      if (target_idx > 0 && target_idx < obj->ehdr.e_shnum)
        -:  619:      {
    #####:  620:        obj->sections[target_idx].reloc_index = i;
        -:  621:      }
        -:  622:    }
        -:  623:  }
        -:  624:
        -:  625:  /* Free section name string table - names are now stored in sections array */
        2:  626:  tcc_free(strsec);
        2:  627:  obj->strsec = NULL;
        -:  628:
        -:  629:  /* Allocate symbol mapping array */
        2:  630:  obj->old_to_new_syms = tcc_mallocz(nb_syms * sizeof(int));
        -:  631:
        -:  632:  /* Add symbols to global symbol table immediately */
        2:  633:  sym = symtab + 1;
        4:  634:  for (i = 1; i < nb_syms; i++, sym++)
        -:  635:  {
        2:  636:    const char *name = strtab + sym->st_name;
        2:  637:    int shndx = sym->st_shndx;
        -:  638:
        2:  639:    if (shndx != SHN_UNDEF && shndx < SHN_LORESERVE)
        -:  640:    {
        -:  641:      /* Defined symbol - mark its section as referenced */
        2:  642:      if (shndx < obj->ehdr.e_shnum)
        -:  643:      {
        2:  644:        obj->sections[shndx].referenced = 1;
        -:  645:      }
        -:  646:    }
        -:  647:
        -:  648:    /* Add symbol to global symbol table */
        2:  649:    sym_index = set_elf_sym(symtab_section, sym->st_value, sym->st_size, sym->st_info, sym->st_other, shndx, name);
        2:  650:    obj->old_to_new_syms[i] = sym_index;
        -:  651:  }
        -:  652:
        -:  653:  /* Add to lazy object file list */
        2:  654:  dynarray_add(&s1->lazy_objfiles, &s1->nb_lazy_objfiles, obj);
        -:  655:
        2:  656:  return 0;
        -:  657:
    #####:  658:fail:
    #####:  659:  free_lazy_objfile(obj);
    #####:  660:  return -1;
        -:  661:}
        -:  662:
        -:  663:/* Recursively mark a symbol and all sections it references */
        3:  664:static void mark_symbol_recursive(TCCState *s1, const char *name)
        -:  665:{
        -:  666:  int sym_index;
        -:  667:  ElfW(Sym) * sym;
        -:  668:  int i, j, r;
        -:  669:  LazyObjectFile *obj;
        -:  670:
        3:  671:  if (!name || !name[0])
        1:  672:    return;
        -:  673:
        -:  674:  /* Find symbol in global symbol table */
        2:  675:  sym_index = find_elf_sym(symtab_section, name);
        2:  676:  if (!sym_index)
        1:  677:    return;
        -:  678:
        1:  679:  sym = &((ElfW(Sym) *)symtab_section->data)[sym_index];
        -:  680:
        -:  681:  /* If symbol is undefined, can't mark anything */
        1:  682:  if (sym->st_shndx == SHN_UNDEF)
    #####:  683:    return;
        -:  684:
        -:  685:  /* Mark all sections in all lazy object files that contain this symbol */
        2:  686:  for (i = 0; i < s1->nb_lazy_objfiles; i++)
        -:  687:  {
        1:  688:    obj = s1->lazy_objfiles[i];
       1*:  689:    for (j = 1; j < obj->nb_syms; j++)
        -:  690:    {
        1:  691:      if (obj->old_to_new_syms[j] == sym_index)
        -:  692:      {
        1:  693:        int shndx = obj->symtab[j].st_shndx;
        1:  694:        if (shndx > 0 && shndx < obj->nb_sections)
        -:  695:        {
        1:  696:          if (!obj->sections[shndx].referenced)
        -:  697:          {
    #####:  698:            obj->sections[shndx].referenced = 1;
        -:  699:            /* Recursively process relocations in this section */
    #####:  700:            if (obj->sections[shndx].reloc_index)
        -:  701:            {
    #####:  702:              int reloc_idx = obj->sections[shndx].reloc_index;
    #####:  703:              ElfW(Shdr) *rel_sh = &obj->shdr[reloc_idx];
        -:  704:              ElfW(Rel) * rel;
    #####:  705:              int nb_relocs = rel_sh->sh_size / sizeof(ElfW(Rel));
        -:  706:
        -:  707:              /* Load and process relocations */
    #####:  708:              rel = load_data(obj->fd, obj->file_offset + rel_sh->sh_offset, rel_sh->sh_size);
    #####:  709:              for (r = 0; r < nb_relocs; r++)
        -:  710:              {
    #####:  711:                int sym_idx = ELFW(R_SYM)(rel[r].r_info);
    #####:  712:                if (sym_idx > 0 && sym_idx < obj->nb_syms)
        -:  713:                {
    #####:  714:                  const char *ref_name = obj->strtab + obj->symtab[sym_idx].st_name;
    #####:  715:                  mark_symbol_recursive(s1, ref_name);
        -:  716:                }
        -:  717:              }
    #####:  718:              tcc_free(rel);
        -:  719:            }
        -:  720:          }
        -:  721:        }
        1:  722:        break;
        -:  723:      }
        -:  724:    }
        -:  725:  }
        -:  726:}
        -:  727:
        -:  728:/* GC Mark Phase: Mark all reachable sections starting from entry points */
        1:  729:ST_FUNC void tcc_gc_mark_phase(TCCState *s1)
        -:  730:{
        -:  731:  int changed, i, j;
        -:  732:
        1:  733:  if (!s1->gc_sections_aggressive || s1->nb_lazy_objfiles == 0)
    #####:  734:    return;
        -:  735:
        -:  736:  /* Start with root symbols */
        1:  737:  mark_symbol_recursive(s1, "_start");
        1:  738:  mark_symbol_recursive(s1, "main");
        1:  739:  mark_symbol_recursive(s1, s1->elf_entryname);
        -:  740:
        -:  741:  /* Iteratively mark until no more changes */
        -:  742:  do
        -:  743:  {
        1:  744:    changed = 0;
        -:  745:
        2:  746:    for (i = 0; i < s1->nb_lazy_objfiles; i++)
        -:  747:    {
        1:  748:      LazyObjectFile *obj = s1->lazy_objfiles[i];
        -:  749:
        4:  750:      for (j = 1; j < obj->nb_sections; j++)
        -:  751:      {
        3:  752:        LazySectionInfo *sec = &obj->sections[j];
        -:  753:
        3:  754:        if (!sec->referenced)
        2:  755:          continue;
        -:  756:
        -:  757:        /* If section has relocations, mark all target symbols */
        1:  758:        if (sec->reloc_index)
        -:  759:        {
    #####:  760:          int reloc_idx = sec->reloc_index;
    #####:  761:          ElfW(Shdr) *rel_sh = &obj->shdr[reloc_idx];
        -:  762:          ElfW(Rel) * rel;
    #####:  763:          int nb_relocs = rel_sh->sh_size / sizeof(ElfW(Rel));
        -:  764:          int r;
        -:  765:
    #####:  766:          rel = load_data(obj->fd, obj->file_offset + rel_sh->sh_offset, rel_sh->sh_size);
    #####:  767:          for (r = 0; r < nb_relocs; r++)
        -:  768:          {
    #####:  769:            int sym_idx = ELFW(R_SYM)(rel[r].r_info);
    #####:  770:            if (sym_idx > 0 && sym_idx < obj->nb_syms)
        -:  771:            {
    #####:  772:              int target_shndx = obj->symtab[sym_idx].st_shndx;
    #####:  773:              if (target_shndx > 0 && target_shndx < obj->nb_sections)
        -:  774:              {
    #####:  775:                if (!obj->sections[target_shndx].referenced)
        -:  776:                {
    #####:  777:                  obj->sections[target_shndx].referenced = 1;
    #####:  778:                  changed = 1;
        -:  779:                }
        -:  780:              }
        -:  781:            }
        -:  782:          }
    #####:  783:          tcc_free(rel);
        -:  784:        }
        -:  785:      }
        -:  786:    }
        1:  787:  } while (changed);
        -:  788:}
        -:  789:
        -:  790:/* Load all referenced sections from lazy object files */
        1:  791:ST_FUNC void tcc_load_referenced_sections(TCCState *s1)
        -:  792:{
        -:  793:  int i, j;
        -:  794:
        1:  795:  if (!s1->gc_sections_aggressive || s1->nb_lazy_objfiles == 0)
    #####:  796:    return;
        -:  797:
        2:  798:  for (i = 0; i < s1->nb_lazy_objfiles; i++)
        -:  799:  {
        1:  800:    LazyObjectFile *obj = s1->lazy_objfiles[i];
        -:  801:
        4:  802:    for (j = 1; j < obj->nb_sections; j++)
        -:  803:    {
        3:  804:      LazySectionInfo *ls = &obj->sections[j];
        -:  805:
        -:  806:      /* Skip if not referenced */
        3:  807:      if (!ls->referenced)
        2:  808:        continue;
        -:  809:
        -:  810:      /* Skip if already loaded */
       1*:  811:      if (ls->section)
    #####:  812:        continue;
        -:  813:
        -:  814:      /* Skip symbol table sections - already processed */
       1*:  815:      if (ls->sh_type == SHT_SYMTAB || ls->sh_type == SHT_STRTAB)
    #####:  816:        continue;
        -:  817:
        -:  818:      /* Skip relocation sections - we'll process them separately */
       1*:  819:      if (ls->sh_type == SHT_RELX)
    #####:  820:        continue;
        -:  821:
        -:  822:      /* Skip section name string table */
       1*:  823:      if (j == obj->ehdr.e_shstrndx)
    #####:  824:        continue;
        -:  825:
        -:  826:      /* Create the section */
        1:  827:      ls->section = new_section(s1, ls->name, ls->sh_type, ls->sh_flags & ~SHF_GROUP);
        1:  828:      ls->section->sh_addralign = ls->sh_addralign;
        -:  829:
        -:  830:      /* Load the data */
        1:  831:      if (ls->sh_type != SHT_NOBITS && ls->size > 0)
        -:  832:      {
        -:  833:        unsigned char *ptr;
        1:  834:        unsigned long abs_offset = obj->file_offset + ls->file_offset;
        -:  835:
        1:  836:        lseek(obj->fd, abs_offset, SEEK_SET);
        1:  837:        ptr = section_ptr_add(ls->section, ls->size);
        1:  838:        full_read(obj->fd, ptr, ls->size);
        -:  839:      }
        -:  840:
        -:  841:      /* Update section offset in lazy info */
        1:  842:      ls->section->data_offset = ls->size;
        -:  843:    }
        -:  844:
        -:  845:    /* Second pass: handle relocations */
        4:  846:    for (j = 1; j < obj->nb_sections; j++)
        -:  847:    {
        3:  848:      LazySectionInfo *ls = &obj->sections[j];
        -:  849:
        3:  850:      if (ls->sh_type != SHT_RELX)
        3:  851:        continue;
        -:  852:
        -:  853:      /* Only load relocations if target section is referenced */
    #####:  854:      int target_idx = obj->shdr[j].sh_info;
    #####:  855:      if (target_idx <= 0 || target_idx >= obj->nb_sections)
    #####:  856:        continue;
        -:  857:
    #####:  858:      LazySectionInfo *target_ls = &obj->sections[target_idx];
    #####:  859:      if (!target_ls->referenced || !target_ls->section)
    #####:  860:        continue;
        -:  861:
        -:  862:      /* Create relocation section */
    #####:  863:      Section *rel_sec = new_section(s1, ls->name, SHT_RELX, ls->sh_flags);
    #####:  864:      rel_sec->sh_info = target_ls->section->sh_num;
    #####:  865:      rel_sec->link = symtab_section;
    #####:  866:      target_ls->section->reloc = rel_sec;
        -:  867:
        -:  868:      /* Load and process relocations */
        -:  869:      ElfW(Rel) * rel;
    #####:  870:      int nb_relocs = ls->size / sizeof(ElfW(Rel));
        -:  871:      int r;
        -:  872:
    #####:  873:      rel = load_data(obj->fd, obj->file_offset + ls->file_offset, ls->size);
        -:  874:
    #####:  875:      for (r = 0; r < nb_relocs; r++)
        -:  876:      {
    #####:  877:        int type = ELFW(R_TYPE)(rel[r].r_info);
    #####:  878:        int old_sym = ELFW(R_SYM)(rel[r].r_info);
    #####:  879:        int new_sym = 0;
        -:  880:
    #####:  881:        if (old_sym > 0 && old_sym < obj->nb_syms)
        -:  882:        {
    #####:  883:          new_sym = obj->old_to_new_syms[old_sym];
        -:  884:        }
        -:  885:
        -:  886:        /* Add relocation to section */
    #####:  887:        ElfW(Rel) *new_rel = section_ptr_add(rel_sec, sizeof(ElfW(Rel)));
    #####:  888:        new_rel->r_offset = rel[r].r_offset;
    #####:  889:        new_rel->r_info = ELFW(R_INFO)(new_sym, type);
        -:  890:      }
        -:  891:
    #####:  892:      tcc_free(rel);
        -:  893:    }
        -:  894:
        -:  895:    /* Close file descriptor for this object */
        1:  896:    if (obj->fd >= 0)
        -:  897:    {
        1:  898:      close(obj->fd);
        1:  899:      obj->fd = -1;
        -:  900:    }
        -:  901:  }
        -:  902:}
        -:  903:
        -:  904:/* -------------------------------------------------- */
        -:  905:
      759:  906:ST_FUNC void free_section(Section *s)
        -:  907:{
      759:  908:  if (!s)
        1:  909:    return;
      758:  910:  free_deferred_chunks(s);     /* Clean up lazy loading metadata */
      758:  911:  free_reloc_patches(s);       /* Clean up relocation patches */
      758:  912:  tcc_free(s->str_hash);       /* Clean up string hash table */
      758:  913:  tcc_free(s->hash_val_cache); /* Clean up hash value cache */
      758:  914:  tcc_free(s->data);
      758:  915:  s->data = NULL;
      758:  916:  s->data_allocated = s->data_offset = 0;
      758:  917:  s->str_hash = NULL;
      758:  918:  s->str_hash_size = 0;
      758:  919:  s->str_hash_count = 0;
      758:  920:  s->hash_val_cache = NULL;
      758:  921:  s->hash_val_alloc = 0;
      758:  922:  s->nb_reloc_patches = 0;
      758:  923:  s->alloc_reloc_patches = 0;
        -:  924:}
        -:  925:
       83:  926:ST_FUNC void tccelf_delete(TCCState *s1)
        -:  927:{
        -:  928:  int i;
        -:  929:
        -:  930:#ifndef ELF_OBJ_ONLY
        -:  931:  /* free symbol versions */
      83*:  932:  for (i = 0; i < nb_sym_versions; i++)
        -:  933:  {
    #####:  934:    tcc_free(sym_versions[i].version);
    #####:  935:    tcc_free(sym_versions[i].lib);
        -:  936:  }
       83:  937:  tcc_free(sym_versions);
       83:  938:  tcc_free(sym_to_version);
        -:  939:#endif
        -:  940:
        -:  941:  /* free all sections */
      546:  942:  for (i = 1; i < s1->nb_sections; i++)
      463:  943:    free_section(s1->sections[i]);
       83:  944:  dynarray_reset(&s1->sections, &s1->nb_sections);
       83:  945:  tcc_free(s1->section_ht);
       83:  946:  s1->section_ht = NULL;
       83:  947:  s1->section_ht_mask = 0;
       83:  948:  s1->section_ht_count = 0;
        -:  949:
       83:  950:  tcc_free(s1->undef_sym_list);
       83:  951:  s1->undef_sym_list = NULL;
       83:  952:  s1->nb_undef_syms = 0;
       83:  953:  s1->undef_sym_alloc = 0;
        -:  954:
      378:  955:  for (i = 0; i < s1->nb_priv_sections; i++)
      295:  956:    free_section(s1->priv_sections[i]);
       83:  957:  dynarray_reset(&s1->priv_sections, &s1->nb_priv_sections);
        -:  958:
       83:  959:  tcc_free(s1->sym_attrs);
       83:  960:  symtab_section = NULL; /* for tccrun.c:rt_printline() */
       83:  961:}
        -:  962:
        -:  963:/* save section data state */
        4:  964:ST_FUNC void tccelf_begin_file(TCCState *s1)
        -:  965:{
        -:  966:  Section *s;
        -:  967:  int i;
       28:  968:  for (i = 1; i < s1->nb_sections; i++)
        -:  969:  {
       24:  970:    s = s1->sections[i];
       24:  971:    s->sh_offset = s->data_offset;
        -:  972:  }
        -:  973:  /* disable symbol hashing during compilation */
        4:  974:  s = s1->symtab, s->reloc = s->hash, s->hash = NULL;
        -:  975:#if defined TCC_TARGET_X86_64 && defined TCC_TARGET_PE
        -:  976:  s1->uw_sym = 0;
        -:  977:  s1->uw_offs = 0;
        -:  978:#endif
        4:  979:}
        -:  980:
        -:  981:static void update_relocs(TCCState *s1, Section *s, int *old_to_new_syms, int first_sym);
        -:  982:
        -:  983:/* At the end of compilation, convert any UNDEF syms to global, and merge
        -:  984:   with previously existing symbols */
        3:  985:ST_FUNC void tccelf_end_file(TCCState *s1)
        -:  986:{
        3:  987:  Section *s = s1->symtab;
        -:  988:  int first_sym, nb_syms, *tr, i;
        -:  989:
        3:  990:  first_sym = s->sh_offset / sizeof(ElfSym);
        3:  991:  nb_syms = s->data_offset / sizeof(ElfSym) - first_sym;
        3:  992:  s->data_offset = s->sh_offset;
        3:  993:  s->link->data_offset = s->link->sh_offset;
        3:  994:  s->hash = s->reloc, s->reloc = NULL;
        3:  995:  tr = tcc_mallocz(nb_syms * sizeof *tr);
        -:  996:
        6:  997:  for (i = 0; i < nb_syms; ++i)
        -:  998:  {
        3:  999:    ElfSym *sym = (ElfSym *)s->data + first_sym + i;
        3: 1000:    if (sym->st_shndx == SHN_UNDEF)
        -: 1001:    {
        2: 1002:      int sym_bind = ELFW(ST_BIND)(sym->st_info);
        2: 1003:      int sym_type = ELFW(ST_TYPE)(sym->st_info);
        2: 1004:      if (sym_bind == STB_LOCAL)
        2: 1005:        sym_bind = STB_GLOBAL;
        -: 1006:#ifndef TCC_TARGET_PE
        2: 1007:      if (sym_bind == STB_GLOBAL && s1->output_type == TCC_OUTPUT_OBJ)
        -: 1008:      {
        -: 1009:        /* undefined symbols with STT_FUNC are confusing gnu ld when
        -: 1010:           linking statically to STT_GNU_IFUNC */
        1: 1011:        sym_type = STT_NOTYPE;
        -: 1012:      }
        -: 1013:#endif
        2: 1014:      sym->st_info = ELFW(ST_INFO)(sym_bind, sym_type);
        -: 1015:    }
        3: 1016:    tr[i] = set_elf_sym(s, sym->st_value, sym->st_size, sym->st_info, sym->st_other, sym->st_shndx,
        3: 1017:                        (char *)s->link->data + sym->st_name);
        -: 1018:  }
        -: 1019:  /* now update relocations */
        3: 1020:  update_relocs(s1, s, tr, first_sym);
        3: 1021:  tcc_free(tr);
        -: 1022:  /* record text/data/bss output for -bench info */
       15: 1023:  for (i = 0; i < 4; ++i)
        -: 1024:  {
       12: 1025:    s = s1->sections[i + 1];
       12: 1026:    s1->total_output[i] += s->data_offset - s->sh_offset;
        -: 1027:  }
        3: 1028:}
        -: 1029:
        -: 1030:/* ---- Global section name hash table ---- */
        -: 1031:
      559: 1032:static unsigned int section_name_hash(const char *name)
        -: 1033:{
      559: 1034:  unsigned int h = 5381;
      559: 1035:  const unsigned char *p = (const unsigned char *)name;
     4268: 1036:  while (*p)
     3709: 1037:    h = ((h << 5) + h) ^ *p++;
      559: 1038:  return h;
        -: 1039:}
        -: 1040:
       82: 1041:static void section_ht_grow(TCCState *s1)
        -: 1042:{
       82: 1043:  unsigned int new_size = s1->section_ht_mask ? (s1->section_ht_mask + 1) * 2 : 64;
       82: 1044:  Section **new_ht = tcc_mallocz(new_size * sizeof(Section *));
       82: 1045:  unsigned int new_mask = new_size - 1;
       82: 1046:  if (s1->section_ht)
        -: 1047:  {
        -: 1048:    unsigned int i;
      194: 1049:    for (i = 0; i <= s1->section_ht_mask; i++)
        -: 1050:    {
      192: 1051:      Section *s = s1->section_ht[i];
      192: 1052:      if (s)
        -: 1053:      {
       96: 1054:        unsigned int idx = section_name_hash(s->name) & new_mask;
       96: 1055:        while (new_ht[idx])
    #####: 1056:          idx = (idx + 1) & new_mask;
       96: 1057:        new_ht[idx] = s;
        -: 1058:      }
        -: 1059:    }
        2: 1060:    tcc_free(s1->section_ht);
        -: 1061:  }
       82: 1062:  s1->section_ht = new_ht;
       82: 1063:  s1->section_ht_mask = new_mask;
       82: 1064:}
        -: 1065:
      463: 1066:static void section_ht_insert(TCCState *s1, Section *sec)
        -: 1067:{
        -: 1068:  unsigned int idx;
      463: 1069:  if (s1->section_ht_count * 2 >= s1->section_ht_mask)
       82: 1070:    section_ht_grow(s1);
      463: 1071:  idx = section_name_hash(sec->name) & s1->section_ht_mask;
      779: 1072:  while (s1->section_ht[idx])
      316: 1073:    idx = (idx + 1) & s1->section_ht_mask;
      463: 1074:  s1->section_ht[idx] = sec;
      463: 1075:  s1->section_ht_count++;
      463: 1076:}
        -: 1077:
    #####: 1078:static Section *section_ht_find(TCCState *s1, const char *name)
        -: 1079:{
        -: 1080:  unsigned int idx;
        -: 1081:  Section *s;
    #####: 1082:  if (!s1->section_ht)
    #####: 1083:    return NULL;
    #####: 1084:  idx = section_name_hash(name) & s1->section_ht_mask;
    #####: 1085:  while ((s = s1->section_ht[idx]) != NULL)
        -: 1086:  {
    #####: 1087:    if (!strcmp(s->name, name))
    #####: 1088:      return s;
    #####: 1089:    idx = (idx + 1) & s1->section_ht_mask;
        -: 1090:  }
    #####: 1091:  return NULL;
        -: 1092:}
        -: 1093:
        -: 1094:/* ---- End section name hash table ---- */
        -: 1095:
      758: 1096:ST_FUNC Section *new_section(TCCState *s1, const char *name, int sh_type, int sh_flags)
        -: 1097:{
        -: 1098:  Section *sec;
        -: 1099:
      758: 1100:  sec = tcc_mallocz(sizeof(Section) + strlen(name));
      758: 1101:  sec->s1 = s1;
      758: 1102:  strcpy(sec->name, name);
      758: 1103:  sec->sh_type = sh_type;
      758: 1104:  sec->sh_flags = sh_flags;
      758: 1105:  switch (sh_type)
        -: 1106:  {
        1: 1107:  case SHT_GNU_versym:
        1: 1108:    sec->sh_addralign = 2;
        1: 1109:    break;
      244: 1110:  case SHT_HASH:
        -: 1111:  case SHT_GNU_HASH:
        -: 1112:  case SHT_REL:
        -: 1113:  case SHT_RELA:
        -: 1114:  case SHT_DYNSYM:
        -: 1115:  case SHT_SYMTAB:
        -: 1116:  case SHT_DYNAMIC:
        -: 1117:  case SHT_GNU_verneed:
        -: 1118:  case SHT_GNU_verdef:
      244: 1119:    sec->sh_addralign = 8; // PTR_SIZE;
      244: 1120:    break;
      122: 1121:  case SHT_STRTAB:
      122: 1122:    sec->sh_addralign = 1;
      122: 1123:    break;
      391: 1124:  default:
      391: 1125:    sec->sh_addralign = 8; // PTR_SIZE; /* gcc/pcc default alignment */
      391: 1126:    break;
        -: 1127:  }
        -: 1128:
      758: 1129:  if (sh_flags & SHF_PRIVATE)
        -: 1130:  {
      295: 1131:    dynarray_add(&s1->priv_sections, &s1->nb_priv_sections, sec);
        -: 1132:  }
        -: 1133:  else
        -: 1134:  {
      463: 1135:    sec->sh_num = s1->nb_sections;
      463: 1136:    dynarray_add(&s1->sections, &s1->nb_sections, sec);
      463: 1137:    section_ht_insert(s1, sec);
        -: 1138:  }
        -: 1139:
      758: 1140:  return sec;
        -: 1141:}
        -: 1142:
      119: 1143:ST_FUNC void init_symtab(Section *s)
        -: 1144:{
      119: 1145:  int *ptr, nb_buckets = SYMTAB_INITIAL_HASH_BUCKETS;
      119: 1146:  put_elf_str(s->link, "");
      119: 1147:  section_ptr_add(s, sizeof(ElfW(Sym)));
      119: 1148:  ptr = section_ptr_add(s->hash, (2 + nb_buckets + 1) * sizeof(int));
      119: 1149:  ptr[0] = nb_buckets;
      119: 1150:  ptr[1] = 1;
      119: 1151:  memset(ptr + 2, 0, (nb_buckets + 1) * sizeof(int));
      119: 1152:}
        -: 1153:
      119: 1154:ST_FUNC Section *new_symtab(TCCState *s1, const char *symtab_name, int sh_type, int sh_flags, const char *strtab_name,
        -: 1155:                            const char *hash_name, int hash_sh_flags)
        -: 1156:{
        -: 1157:  Section *symtab, *strtab, *hash;
      119: 1158:  symtab = new_section(s1, symtab_name, sh_type, sh_flags);
      119: 1159:  symtab->sh_entsize = sizeof(ElfW(Sym));
      119: 1160:  strtab = new_section(s1, strtab_name, SHT_STRTAB, sh_flags);
      119: 1161:  symtab->link = strtab;
      119: 1162:  hash = new_section(s1, hash_name, SHT_HASH, hash_sh_flags);
      119: 1163:  hash->sh_entsize = sizeof(int);
      119: 1164:  symtab->hash = hash;
      119: 1165:  hash->link = symtab;
      119: 1166:  init_symtab(symtab);
      119: 1167:  return symtab;
        -: 1168:}
        -: 1169:
        -: 1170:/* realloc section and set its content to zero */
      424: 1171:ST_FUNC void section_realloc(Section *sec, unsigned long new_size)
        -: 1172:{
        -: 1173:  unsigned long size;
        -: 1174:  unsigned char *data;
        -: 1175:
      424: 1176:  size = sec->data_allocated;
      424: 1177:  if (size == 0)
        -: 1178:  {
        -: 1179:    /* First allocation: round up to power of 2 with minimum 256 bytes
        -: 1180:       to reduce future reallocations */
      386: 1181:    size = 256;
      863: 1182:    while (size < new_size)
      477: 1183:      size = size * 2;
        -: 1184:  }
        -: 1185:  else
        -: 1186:  {
       75: 1187:    while (size < new_size)
       37: 1188:      size = size * 2;
        -: 1189:  }
      424: 1190:  data = tcc_realloc(sec->data, size);
      424: 1191:  memset(data + sec->data_allocated, 0, size - sec->data_allocated);
      424: 1192:  sec->data = data;
      424: 1193:  sec->data_allocated = size;
      424: 1194:}
        -: 1195:
        -: 1196:/* reserve at least 'size' bytes aligned per 'align' in section
        -: 1197:   'sec' from current offset, and return the aligned offset */
     7417: 1198:ST_FUNC size_t section_add(Section *sec, addr_t size, int align)
        -: 1199:{
        -: 1200:  size_t offset, offset1;
        -: 1201:
     7417: 1202:  offset = (sec->data_offset + align - 1) & -align;
     7417: 1203:  offset1 = offset + size;
     7417: 1204:  if (sec->sh_type != SHT_NOBITS && offset1 > sec->data_allocated)
      412: 1205:    section_realloc(sec, offset1);
     7417: 1206:  sec->data_offset = offset1;
     7417: 1207:  if (align > sec->sh_addralign)
        1: 1208:    sec->sh_addralign = align;
     7417: 1209:  return offset;
        -: 1210:}
        -: 1211:
        -: 1212:/* reserve at least 'size' bytes in section 'sec' from
        -: 1213:   sec->data_offset. */
     7409: 1214:ST_FUNC void *section_ptr_add(Section *sec, addr_t size)
        -: 1215:{
     7409: 1216:  size_t offset = section_add(sec, size, 1);
     7409: 1217:  return sec->data + offset;
        -: 1218:}
        -: 1219:
        -: 1220:/* Pre-allocate section capacity without changing data_offset.
        -: 1221:   Use this when you know the total size needed to avoid multiple reallocations. */
        1: 1222:ST_FUNC void section_prealloc(Section *sec, unsigned long size)
        -: 1223:{
        1: 1224:  unsigned long needed = sec->data_offset + size;
        1: 1225:  if (needed > sec->data_allocated)
        1: 1226:    section_realloc(sec, needed);
        1: 1227:}
        -: 1228:
        -: 1229:#ifndef ELF_OBJ_ONLY
        -: 1230:/* reserve at least 'size' bytes from section start */
        1: 1231:static void section_reserve(Section *sec, unsigned long size)
        -: 1232:{
        1: 1233:  if (size > sec->data_allocated)
        1: 1234:    section_realloc(sec, size);
        1: 1235:  if (size > sec->data_offset)
        1: 1236:    sec->data_offset = size;
        1: 1237:}
        -: 1238:#endif
        -: 1239:
       93: 1240:static Section *have_section(TCCState *s1, const char *name)
        -: 1241:{
        -: 1242:  Section *sec;
        -: 1243:  int i;
     3324: 1244:  for (i = 1; i < s1->nb_sections; i++)
        -: 1245:  {
     3314: 1246:    sec = s1->sections[i];
     3314: 1247:    if (!strcmp(name, sec->name))
       83: 1248:      return sec;
        -: 1249:  }
       10: 1250:  return NULL;
        -: 1251:}
        -: 1252:
        -: 1253:/* return a reference to a section, and create it if it does not
        -: 1254:   exists */
       84: 1255:ST_FUNC Section *find_section(TCCState *s1, const char *name)
        -: 1256:{
       84: 1257:  Section *sec = have_section(s1, name);
       84: 1258:  if (sec)
       82: 1259:    return sec;
        -: 1260:  /* sections are created as PROGBITS */
        2: 1261:  return new_section(s1, name, SHT_PROGBITS, SHF_ALLOC);
        -: 1262:}
        -: 1263:
     2466: 1264:ST_FUNC int put_elf_str(Section *s, const char *sym)
        -: 1265:{
        -: 1266:  int offset, len;
        -: 1267:  char *ptr;
        -: 1268:
     2466: 1269:  if (!sym)
        1: 1270:    sym = "";
     2466: 1271:  len = strlen(sym) + 1;
     2466: 1272:  offset = s->data_offset;
     2466: 1273:  ptr = section_ptr_add(s, len);
     2466: 1274:  memmove(ptr, sym, len);
     2466: 1275:  return offset;
        -: 1276:}
        -: 1277:
        -: 1278:/* elf symbol hashing function */
     6799: 1279:static ElfW(Word) elf_hash(const unsigned char *name)
        -: 1280:{
     6799: 1281:  ElfW(Word) h = 0, g;
        -: 1282:
    97427: 1283:  while (*name)
        -: 1284:  {
    90628: 1285:    h = (h << 4) + *name++;
    90628: 1286:    g = h & 0xf0000000;
    90628: 1287:    if (g)
    46605: 1288:      h ^= g >> 24;
    90628: 1289:    h &= ~g;
        -: 1290:  }
     6799: 1291:  return h;
        -: 1292:}
        -: 1293:
        -: 1294:/* rebuild hash table of section s */
        -: 1295:/* NOTE: we do factorize the hash table code to go faster */
        2: 1296:static void rebuild_hash(Section *s, unsigned int nb_buckets)
        -: 1297:{
        -: 1298:  ElfW(Sym) * sym;
        -: 1299:  int *ptr, *hash, nb_syms, sym_index, h;
        -: 1300:  unsigned char *strtab;
        -: 1301:  unsigned int full_hash;
        -: 1302:  unsigned int *hcache;
        -: 1303:
        2: 1304:  strtab = s->link->data;
        2: 1305:  nb_syms = s->data_offset / sizeof(ElfW(Sym));
        -: 1306:
        2: 1307:  if (!nb_buckets)
    #####: 1308:    nb_buckets = ((int *)s->hash->data)[0];
        -: 1309:
        2: 1310:  s->hash->data_offset = 0;
        2: 1311:  ptr = section_ptr_add(s->hash, (2 + nb_buckets + nb_syms) * sizeof(int));
        2: 1312:  ptr[0] = nb_buckets;
        2: 1313:  ptr[1] = nb_syms;
        2: 1314:  ptr += 2;
        2: 1315:  hash = ptr;
        2: 1316:  memset(hash, 0, (nb_buckets + 1) * sizeof(int));
        2: 1317:  ptr += nb_buckets + 1;
        -: 1318:
        -: 1319:  /* Rebuild hash value cache */
        2: 1320:  s->hash->hash_val_cache = tcc_realloc(s->hash->hash_val_cache, nb_syms * sizeof(unsigned int));
        2: 1321:  s->hash->hash_val_alloc = nb_syms;
        2: 1322:  hcache = s->hash->hash_val_cache;
        2: 1323:  hcache[0] = 0;
        -: 1324:
        2: 1325:  sym = (ElfW(Sym) *)s->data + 1;
     2053: 1326:  for (sym_index = 1; sym_index < nb_syms; sym_index++)
        -: 1327:  {
     2051: 1328:    if (ELFW(ST_BIND)(sym->st_info) != STB_LOCAL)
        -: 1329:    {
     2050: 1330:      full_hash = elf_hash(strtab + sym->st_name);
     2050: 1331:      h = full_hash % nb_buckets;
     2050: 1332:      *ptr = hash[h];
     2050: 1333:      hash[h] = sym_index;
     2050: 1334:      hcache[sym_index] = full_hash;
        -: 1335:    }
        -: 1336:    else
        -: 1337:    {
        1: 1338:      *ptr = 0;
        1: 1339:      hcache[sym_index] = 0;
        -: 1340:    }
     2051: 1341:    ptr++;
     2051: 1342:    sym++;
        -: 1343:  }
        2: 1344:}
        -: 1345:
        -: 1346:/* return the symbol number */
     2345: 1347:ST_FUNC int put_elf_sym(Section *s, addr_t value, unsigned long size, int info, int other, int shndx, const char *name)
        -: 1348:{
        -: 1349:  int name_offset, sym_index;
        -: 1350:  int nbuckets, h;
        -: 1351:  ElfW(Sym) * sym;
        -: 1352:  Section *hs;
        -: 1353:
        -: 1354:  /* Validate name pointer - catch garbage early.
        -: 1355:     Accept printable ASCII and valid UTF-8 lead bytes (0xC2-0xF4).
        -: 1356:     Reject control characters and bare continuation bytes. */
     2345: 1357:  if (name && name[0])
        -: 1358:  {
     2344: 1359:    unsigned char first = (unsigned char)name[0];
     2344: 1360:    if (first < 0x20 || (first > 0x7e && first < 0xc2) || first > 0xf4)
        -: 1361:    {
        3: 1362:      name = NULL;
        -: 1363:    }
        -: 1364:  }
        -: 1365:
     2345: 1366:  sym = section_ptr_add(s, sizeof(ElfW(Sym)));
     2345: 1367:  if (name && name[0])
     2341: 1368:    name_offset = put_elf_str(s->link, name);
        -: 1369:  else
        4: 1370:    name_offset = 0;
        -: 1371:  /* XXX: endianness */
     2345: 1372:  sym->st_name = name_offset;
     2345: 1373:  sym->st_value = value;
     2345: 1374:  sym->st_size = size;
     2345: 1375:  sym->st_info = info;
     2345: 1376:  sym->st_other = other;
     2345: 1377:  sym->st_shndx = shndx;
     2345: 1378:  sym_index = sym - (ElfW(Sym) *)s->data;
     2345: 1379:  hs = s->hash;
     2345: 1380:  if (hs)
        -: 1381:  {
        -: 1382:    int *ptr, *base;
     2342: 1383:    ptr = section_ptr_add(hs, sizeof(int));
     2342: 1384:    base = (int *)hs->data;
        -: 1385:    /* only add global or weak symbols. */
     2342: 1386:    if (ELFW(ST_BIND)(info) != STB_LOCAL)
        -: 1387:    {
        -: 1388:      /* add another hashing entry */
        -: 1389:      unsigned int full_hash;
     2334: 1390:      nbuckets = base[0];
     2334: 1391:      full_hash = elf_hash((unsigned char *)s->link->data + name_offset);
     2334: 1392:      h = full_hash % nbuckets;
     2334: 1393:      *ptr = base[2 + h];
     2334: 1394:      base[2 + h] = sym_index;
     2334: 1395:      base[1]++;
        -: 1396:      /* we resize the hash table */
     2334: 1397:      hs->nb_hashed_syms++;
     2334: 1398:      if (hs->nb_hashed_syms > 2 * nbuckets)
        -: 1399:      {
        2: 1400:        rebuild_hash(s, 2 * nbuckets);
        -: 1401:      }
        -: 1402:      else
        -: 1403:      {
        -: 1404:        /* Store cached hash value (rebuild_hash handles this when triggered) */
     2332: 1405:        if (sym_index >= hs->hash_val_alloc)
        -: 1406:        {
      188: 1407:          int new_alloc = (sym_index + 16) & ~15;
      188: 1408:          hs->hash_val_cache = tcc_realloc(hs->hash_val_cache, new_alloc * sizeof(unsigned int));
      188: 1409:          memset(hs->hash_val_cache + hs->hash_val_alloc, 0, (new_alloc - hs->hash_val_alloc) * sizeof(unsigned int));
      188: 1410:          hs->hash_val_alloc = new_alloc;
        -: 1411:        }
     2332: 1412:        hs->hash_val_cache[sym_index] = full_hash;
        -: 1413:      }
        -: 1414:    }
        -: 1415:    else
        -: 1416:    {
        8: 1417:      *ptr = 0;
        8: 1418:      base[1]++;
        -: 1419:    }
        -: 1420:  }
        -: 1421:
        -: 1422:  /* Track non-local UNDEF symbols in symtab for fast alacarte lookup */
     2345: 1423:  if (shndx == SHN_UNDEF && ELFW(ST_BIND)(info) != STB_LOCAL)
        -: 1424:  {
       11: 1425:    TCCState *ts = s->s1;
       11: 1426:    if (s == ts->symtab)
        -: 1427:    {
       11: 1428:      if (ts->nb_undef_syms >= ts->undef_sym_alloc)
        -: 1429:      {
      11*: 1430:        ts->undef_sym_alloc = ts->undef_sym_alloc ? ts->undef_sym_alloc * 2 : 64;
       11: 1431:        ts->undef_sym_list = tcc_realloc(ts->undef_sym_list, ts->undef_sym_alloc * sizeof(int));
        -: 1432:      }
       11: 1433:      ts->undef_sym_list[ts->nb_undef_syms++] = sym_index;
        -: 1434:    }
        -: 1435:  }
        -: 1436:
     2345: 1437:  return sym_index;
        -: 1438:}
        -: 1439:
     2415: 1440:static int find_elf_sym_with_hash(Section *s, const char *name, unsigned int full_hash)
        -: 1441:{
        -: 1442:  ElfW(Sym) * sym;
        -: 1443:  Section *hs;
        -: 1444:  int nbuckets, sym_index;
        -: 1445:  const char *name1;
        -: 1446:  unsigned int *hcache;
        -: 1447:
     2415: 1448:  hs = s->hash;
     2415: 1449:  if (!hs)
    #####: 1450:    return 0;
     2415: 1451:  nbuckets = ((int *)hs->data)[0];
     2415: 1452:  sym_index = ((int *)hs->data)[2 + full_hash % nbuckets];
     2415: 1453:  hcache = hs->hash_val_cache;
        -: 1454:
     4658: 1455:  while (sym_index != 0)
        -: 1456:  {
        -: 1457:    /* Compare cached hash value first to avoid expensive strcmp */
     4497: 1458:    if (!hcache || hcache[sym_index] == full_hash)
        -: 1459:    {
     2254: 1460:      sym = &((ElfW(Sym) *)s->data)[sym_index];
     2254: 1461:      name1 = (char *)s->link->data + sym->st_name;
     2254: 1462:      if (!strcmp(name, name1))
     2254: 1463:        return sym_index;
        -: 1464:    }
     2243: 1465:    sym_index = ((int *)hs->data)[2 + nbuckets + sym_index];
        -: 1466:  }
      161: 1467:  return 0;
        -: 1468:}
        -: 1469:
     2277: 1470:ST_FUNC int find_elf_sym(Section *s, const char *name)
        -: 1471:{
     2277: 1472:  return find_elf_sym_with_hash(s, name, elf_hash((unsigned char *)name));
        -: 1473:}
        -: 1474:
        -: 1475:/* Resolve `name` against loaded libraries: first the already-interned
        -: 1476:   dynsymtab_section, then (on miss) the loaded YAFF libraries' on-disk hash
        -: 1477:   tables (tcc_yaff_resolve), which interns a hit into dynsymtab_section.
        -: 1478:   Returns the dynsymtab index, or 0 if no loaded library provides it. */
        2: 1479:ST_FUNC int tcc_dynsym_find(TCCState *s1, const char *name)
        -: 1480:{
        2: 1481:  int idx = find_elf_sym(s1->dynsymtab_section, name);
        2: 1482:  if (idx)
        1: 1483:    return idx;
        1: 1484:  return tcc_yaff_resolve(s1, name);
        -: 1485:}
        -: 1486:
        -: 1487:/* return elf symbol value, signal error if 'err' is nonzero, decorate
        -: 1488:   name if FORC */
        6: 1489:ST_FUNC addr_t get_sym_addr(TCCState *s1, const char *name, int err, int forc)
        -: 1490:{
        -: 1491:  int sym_index;
        -: 1492:  ElfW(Sym) * sym;
        -: 1493:  char buf[256];
        6: 1494:  if (forc &&
        3: 1495:      s1->leading_underscore
        -: 1496:#ifdef TCC_TARGET_PE
        -: 1497:      /* win32-32bit stdcall symbols always have _ already */
        -: 1498:      && !strchr(name, '@')
        -: 1499:#endif
        -: 1500:  )
        -: 1501:  {
        1: 1502:    buf[0] = '_';
        1: 1503:    pstrcpy(buf + 1, sizeof(buf) - 1, name);
        1: 1504:    name = buf;
        -: 1505:  }
        6: 1506:  sym_index = find_elf_sym(s1->symtab, name);
        6: 1507:  sym = &((ElfW(Sym) *)s1->symtab->data)[sym_index];
        6: 1508:  if (!sym_index || sym->st_shndx == SHN_UNDEF)
        -: 1509:  {
        3: 1510:    if (err)
        1: 1511:      tcc_error_noabort("%s not defined", name);
        3: 1512:    return (addr_t)-1;
        -: 1513:  }
        3: 1514:  return sym->st_value;
        -: 1515:}
        -: 1516:
        -: 1517:/* return elf symbol value */
        2: 1518:LIBTCCAPI void *tcc_get_symbol(TCCState *s, const char *name)
        -: 1519:{
        2: 1520:  addr_t addr = get_sym_addr(s, name, 0, 1);
        2: 1521:  return addr == -1 ? NULL : (void *)(uintptr_t)addr;
        -: 1522:}
        -: 1523:
        -: 1524:/* list elf symbol names and values */
        2: 1525:ST_FUNC void list_elf_symbols(TCCState *s, void *ctx, void (*symbol_cb)(void *ctx, const char *name, const void *val))
        -: 1526:{
        -: 1527:  ElfW(Sym) * sym;
        -: 1528:  Section *symtab;
        -: 1529:  int sym_index, end_sym;
        -: 1530:  const char *name;
        -: 1531:  unsigned char sym_vis, sym_bind;
        -: 1532:
        2: 1533:  symtab = s->symtab;
        2: 1534:  end_sym = symtab->data_offset / sizeof(ElfSym);
        9: 1535:  for (sym_index = 0; sym_index < end_sym; ++sym_index)
        -: 1536:  {
        7: 1537:    sym = &((ElfW(Sym) *)symtab->data)[sym_index];
        7: 1538:    if (sym->st_value)
        -: 1539:    {
        4: 1540:      name = (char *)symtab->link->data + sym->st_name;
        4: 1541:      sym_bind = ELFW(ST_BIND)(sym->st_info);
        4: 1542:      sym_vis = ELFW(ST_VISIBILITY)(sym->st_other);
        4: 1543:      if (sym_bind == STB_GLOBAL && sym_vis == STV_DEFAULT)
        2: 1544:        symbol_cb(ctx, name, (void *)(uintptr_t)sym->st_value);
        -: 1545:    }
        -: 1546:  }
        2: 1547:}
        -: 1548:
        -: 1549:/* list elf symbol names and values */
        1: 1550:LIBTCCAPI void tcc_list_symbols(TCCState *s, void *ctx, void (*symbol_cb)(void *ctx, const char *name, const void *val))
        -: 1551:{
        1: 1552:  list_elf_symbols(s, ctx, symbol_cb);
        1: 1553:}
        -: 1554:
        -: 1555:#ifndef ELF_OBJ_ONLY
    #####: 1556:static void version_add(TCCState *s1)
        -: 1557:{
        -: 1558:  int i;
        -: 1559:  ElfW(Sym) * sym;
    #####: 1560:  ElfW(Verneed) *vn = NULL;
        -: 1561:  Section *symtab;
    #####: 1562:  int sym_index, end_sym, nb_versions = 2, nb_entries = 0;
        -: 1563:  ElfW(Half) * versym;
        -: 1564:  const char *name;
        -: 1565:
    #####: 1566:  if (0 == nb_sym_versions)
    #####: 1567:    return;
    #####: 1568:  versym_section = new_section(s1, ".gnu.version", SHT_GNU_versym, SHF_ALLOC);
    #####: 1569:  versym_section->sh_entsize = sizeof(ElfW(Half));
    #####: 1570:  versym_section->link = s1->dynsym;
        -: 1571:
        -: 1572:  /* add needed symbols */
    #####: 1573:  symtab = s1->dynsym;
    #####: 1574:  end_sym = symtab->data_offset / sizeof(ElfSym);
    #####: 1575:  versym = section_ptr_add(versym_section, end_sym * sizeof(ElfW(Half)));
    #####: 1576:  for (sym_index = 1; sym_index < end_sym; ++sym_index)
        -: 1577:  {
        -: 1578:    int dllindex, verndx;
    #####: 1579:    sym = &((ElfW(Sym) *)symtab->data)[sym_index];
    #####: 1580:    name = (char *)symtab->link->data + sym->st_name;
    #####: 1581:    dllindex = tcc_dynsym_find(s1, name);
    #####: 1582:    verndx = (dllindex && dllindex < nb_sym_to_version) ? sym_to_version[dllindex] : -1;
    #####: 1583:    if (verndx >= 0
        -: 1584:        /* XXX: on android, clang refuses to link with a libtcc.so made by tcc
        -: 1585:           when defined symbols have a version > 1 or when the version is '0'.
        -: 1586:           Whereas version '1' for example for 'signal' in an exe defeats
        -: 1587:           bcheck's signal_redir. */
    #####: 1588:        && (sym->st_shndx == SHN_UNDEF || (s1->output_type & TCC_OUTPUT_EXE)))
        -: 1589:    {
    #####: 1590:      if (!sym_versions[verndx].out_index)
    #####: 1591:        sym_versions[verndx].out_index = nb_versions++;
    #####: 1592:      versym[sym_index] = sym_versions[verndx].out_index;
        -: 1593:    }
        -: 1594:    else
        -: 1595:    {
    #####: 1596:      versym[sym_index] = 1; /* (*global*) */
        -: 1597:    }
        -: 1598:    // printf("SYM %d %s\n", versym[sym_index], name);
        -: 1599:  }
        -: 1600:  /* generate verneed section, but not when it will be empty.  Some
        -: 1601:     dynamic linkers look at their contents even when DTVERNEEDNUM and
        -: 1602:     section size is zero.  */
    #####: 1603:  if (nb_versions > 2)
        -: 1604:  {
    #####: 1605:    verneed_section = new_section(s1, ".gnu.version_r", SHT_GNU_verneed, SHF_ALLOC);
    #####: 1606:    verneed_section->link = s1->dynsym->link;
    #####: 1607:    for (i = nb_sym_versions; i-- > 0;)
        -: 1608:    {
    #####: 1609:      struct sym_version *sv = &sym_versions[i];
    #####: 1610:      int n_same_libs = 0, prev;
        -: 1611:      size_t vnofs;
    #####: 1612:      ElfW(Vernaux) *vna = 0;
    #####: 1613:      if (sv->out_index < 1)
    #####: 1614:        continue;
        -: 1615:
        -: 1616:      /* make sure that a DT_NEEDED tag is put */
        -: 1617:      /* abitest-tcc fails on older i386-linux with "ld-linux.so.2" DT_NEEDED
        -: 1618:         ret_int_test... Inconsistency detected by ld.so: dl-minimal.c: 148:
        -: 1619:         realloc: Assertion `ptr == alloc_last_block' failed! */
    #####: 1620:      if (strcmp(sv->lib, "ld-linux.so.2"))
    #####: 1621:        tcc_add_dllref(s1, sv->lib, 0);
        -: 1622:
    #####: 1623:      vnofs = section_add(verneed_section, sizeof(*vn), 1);
    #####: 1624:      vn = (ElfW(Verneed) *)(verneed_section->data + vnofs);
    #####: 1625:      vn->vn_version = 1;
    #####: 1626:      vn->vn_file = put_elf_str(verneed_section->link, sv->lib);
    #####: 1627:      vn->vn_aux = sizeof(*vn);
        -: 1628:      do
        -: 1629:      {
    #####: 1630:        prev = sv->prev_same_lib;
    #####: 1631:        if (sv->out_index > 0)
        -: 1632:        {
    #####: 1633:          vna = section_ptr_add(verneed_section, sizeof(*vna));
    #####: 1634:          vna->vna_hash = elf_hash((const unsigned char *)sv->version);
    #####: 1635:          vna->vna_flags = 0;
    #####: 1636:          vna->vna_other = sv->out_index;
    #####: 1637:          sv->out_index = -2;
    #####: 1638:          vna->vna_name = put_elf_str(verneed_section->link, sv->version);
    #####: 1639:          vna->vna_next = sizeof(*vna);
        -: 1640:          // printf("LIB %d %s %s\n", vna->vna_other, sv->lib,
        -: 1641:          // verneed_section->link->data + vna->vna_name);
    #####: 1642:          n_same_libs++;
        -: 1643:        }
    #####: 1644:        if (prev >= 0)
    #####: 1645:          sv = &sym_versions[prev];
    #####: 1646:      } while (prev >= 0);
    #####: 1647:      vna->vna_next = 0;
    #####: 1648:      vn = (ElfW(Verneed) *)(verneed_section->data + vnofs);
    #####: 1649:      vn->vn_cnt = n_same_libs;
    #####: 1650:      vn->vn_next = sizeof(*vn) + n_same_libs * sizeof(*vna);
    #####: 1651:      nb_entries++;
        -: 1652:    }
    #####: 1653:    if (vn)
    #####: 1654:      vn->vn_next = 0;
    #####: 1655:    verneed_section->sh_info = nb_entries;
        -: 1656:  }
    #####: 1657:  dt_verneednum = nb_entries;
        -: 1658:}
        -: 1659:#endif /* ndef ELF_OBJ_ONLY */
        -: 1660:
        -: 1661:/* add an elf symbol : check if it is already defined and patch
        -: 1662:   it. Return symbol index. NOTE that sh_num can be SHN_UNDEF. */
      143: 1663:ST_FUNC int set_elf_sym(Section *s, addr_t value, unsigned long size, int info, int other, int shndx, const char *name)
        -: 1664:{
      143: 1665:  TCCState *s1 = s->s1;
        -: 1666:  ElfW(Sym) * esym;
        -: 1667:  int sym_bind, sym_index, sym_type, esym_bind;
        -: 1668:  unsigned char sym_vis, esym_vis, new_vis;
        -: 1669:
      143: 1670:  sym_bind = ELFW(ST_BIND)(info);
      143: 1671:  sym_type = ELFW(ST_TYPE)(info);
      143: 1672:  sym_vis = ELFW(ST_VISIBILITY)(other);
        -: 1673:
      143: 1674:  if (sym_bind != STB_LOCAL)
        -: 1675:  {
        -: 1676:    /* we search global or weak symbols */
      138: 1677:    sym_index = find_elf_sym_with_hash(s, name, elf_hash((const unsigned char *)name));
      138: 1678:    if (!sym_index)
      124: 1679:      goto do_def;
       14: 1680:    esym = &((ElfW(Sym) *)s->data)[sym_index];
       14: 1681:    if (esym->st_value == value && esym->st_size == size && esym->st_info == info && esym->st_other == other &&
        1: 1682:        esym->st_shndx == shndx)
        1: 1683:      return sym_index;
       13: 1684:    if (esym->st_shndx != SHN_UNDEF)
        -: 1685:    {
       12: 1686:      esym_bind = ELFW(ST_BIND)(esym->st_info);
        -: 1687:      /* propagate the most constraining visibility */
        -: 1688:      /* STV_DEFAULT(0)<STV_PROTECTED(3)<STV_HIDDEN(2)<STV_INTERNAL(1) */
       12: 1689:      esym_vis = ELFW(ST_VISIBILITY)(esym->st_other);
       12: 1690:      if (esym_vis == STV_DEFAULT)
        -: 1691:      {
       10: 1692:        new_vis = sym_vis;
        -: 1693:      }
        2: 1694:      else if (sym_vis == STV_DEFAULT)
        -: 1695:      {
        1: 1696:        new_vis = esym_vis;
        -: 1697:      }
        -: 1698:      else
        -: 1699:      {
        1: 1700:        new_vis = (esym_vis < sym_vis) ? esym_vis : sym_vis;
        -: 1701:      }
       12: 1702:      esym->st_other = (esym->st_other & ~ELFW(ST_VISIBILITY)(-1)) | new_vis;
       12: 1703:      if (shndx == SHN_UNDEF)
        -: 1704:      {
        -: 1705:        /* ignore adding of undefined symbol if the
        -: 1706:           corresponding symbol is already defined */
        -: 1707:      }
       12: 1708:      else if (sym_bind == STB_GLOBAL && esym_bind == STB_WEAK)
        -: 1709:      {
        -: 1710:        /* global overrides weak, so patch */
        4: 1711:        goto do_patch;
        -: 1712:      }
        8: 1713:      else if (sym_bind == STB_WEAK && esym_bind == STB_GLOBAL)
        -: 1714:      {
        -: 1715:        /* weak is ignored if already global */
        -: 1716:      }
        7: 1717:      else if (sym_bind == STB_WEAK && esym_bind == STB_WEAK)
        -: 1718:      {
        -: 1719:        /* keep first-found weak definition, ignore subsequents */
        -: 1720:      }
        6: 1721:      else if (sym_vis == STV_HIDDEN || sym_vis == STV_INTERNAL)
        -: 1722:      {
        -: 1723:        /* ignore hidden symbols after */
        -: 1724:      }
        5: 1725:      else if ((esym->st_shndx == SHN_COMMON || esym->st_shndx == bss_section->sh_num) &&
        2: 1726:               (shndx < SHN_LORESERVE && shndx != bss_section->sh_num))
        -: 1727:      {
        -: 1728:        /* data symbol gets precedence over common/bss */
        2: 1729:        goto do_patch;
        -: 1730:      }
        3: 1731:      else if (shndx == SHN_COMMON || shndx == bss_section->sh_num)
        -: 1732:      {
        -: 1733:        /* data symbol keeps precedence over common/bss */
        -: 1734:      }
        2: 1735:      else if (s->sh_flags & SHF_DYNSYM)
        -: 1736:      {
        -: 1737:        /* we accept that two DLL define the same symbol */
        -: 1738:      }
        2: 1739:      else if (esym->st_other & ST_ASM_SET)
        -: 1740:      {
        -: 1741:        /* If the existing symbol came from an asm .set
        -: 1742:           we can override.  */
        1: 1743:        goto do_patch;
        -: 1744:      }
        -: 1745:      else
        -: 1746:      {
        -: 1747:#if 0
        -: 1748:                printf("new_bind=%x new_shndx=%x new_vis=%x old_bind=%x old_shndx=%x old_vis=%x\n",
        -: 1749:                       sym_bind, shndx, new_vis, esym_bind, esym->st_shndx, esym_vis);
        -: 1750:#endif
        1: 1751:        tcc_error_noabort("'%s' defined twice", name);
        -: 1752:      }
        -: 1753:    }
        -: 1754:    else
        -: 1755:    {
        1: 1756:      esym->st_other = other;
        8: 1757:    do_patch:
        8: 1758:      esym->st_info = ELFW(ST_INFO)(sym_bind, sym_type);
        8: 1759:      esym->st_shndx = shndx;
        8: 1760:      esym->st_value = value;
        8: 1761:      esym->st_size = size;
        -: 1762:    }
        -: 1763:  }
        -: 1764:  else
        -: 1765:  {
        5: 1766:  do_def:
      129: 1767:    sym_index = put_elf_sym(s, value, size, ELFW(ST_INFO)(sym_bind, sym_type), other, shndx, name);
        -: 1768:    /* Signal the --start-group rescan loop only when a genuinely NEW
        -: 1769:       undefined symbol appears.  Resolving an existing undef (do_patch)
        -: 1770:       does not create new work for other archives. */
      129: 1771:    if (shndx == SHN_UNDEF)
        9: 1772:      s1->new_undef_sym = 1;
        -: 1773:  }
[...]
        -: 6527:      {
    #####: 6528:        if (sym_idx)
        -: 6529:        {
    #####: 6530:          ElfW(Sym) *esym = &((ElfW(Sym) *)s1->symtab->data)[sym_idx];
    #####: 6531:          if (esym->st_shndx != SHN_UNDEF)
    #####: 6532:            continue; /* Already defined, skip */
        -: 6533:        }
        -: 6534:      }
        -: 6535:
        -: 6536:      /* Update existing symbol, or create new */
    #####: 6537:      if (sym_idx)
        -: 6538:      {
    #####: 6539:        ElfW(Sym) *esym = &((ElfW(Sym) *)s1->symtab->data)[sym_idx];
    #####: 6540:        esym->st_value = sym->value;
    #####: 6541:        esym->st_shndx = SHN_ABS;
        -: 6542:      }
        -: 6543:      else
        -: 6544:      {
        -: 6545:        /* Use set_elf_sym directly with SHN_ABS to ensure symbols with value 0
        -: 6546:         * are still defined as absolute (set_global_sym treats value 0 as
        -: 6547:         * UNDEF)
        -: 6548:         */
    #####: 6549:        set_elf_sym(s1->symtab, sym->value, 0, ELFW(ST_INFO)(STB_GLOBAL, STT_NOTYPE), vis, SHN_ABS, sym->name);
        -: 6550:      }
        -: 6551:
        -: 6552:      /* Also update in dynsym if it exists there */
    #####: 6553:      if (s1->dynsym)
        -: 6554:      {
    #####: 6555:        sym_idx = find_elf_sym(s1->dynsym, sym->name);
    #####: 6556:        if (sym_idx)
        -: 6557:        {
    #####: 6558:          ElfW(Sym) *esym = &((ElfW(Sym) *)s1->dynsym->data)[sym_idx];
    #####: 6559:          esym->st_value = sym->value;
    #####: 6560:          esym->st_shndx = SHN_ABS;
        -: 6561:        }
        -: 6562:      }
        -: 6563:    }
        -: 6564:  }
    #####: 6565:}
        -: 6566:
        -: 6567:/* Update linker script symbol values based on actual section layout */
    #####: 6568:static void ld_update_symbol_values(TCCState *s1, LDScript *ld)
        -: 6569:{
        -: 6570:  Section *s;
    #####: 6571:  addr_t bss_start = 0, bss_end = 0;
    #####: 6572:  addr_t data_start = 0, data_end = 0;
    #####: 6573:  addr_t text_start = 0, text_end = 0;
    #####: 6574:  addr_t rodata_start = 0, rodata_end = 0;
    #####: 6575:  addr_t end_addr = 0;
        -: 6576:  addr_t sec_end;
        -: 6577:  int i, j;
    #####: 6578:  addr_t output_section_addrs[LD_MAX_OUTPUT_SECTIONS] = {0};
    #####: 6579:  int output_section_has_addr[LD_MAX_OUTPUT_SECTIONS] = {0};
    #####: 6580:  addr_t output_section_loadaddrs[LD_MAX_OUTPUT_SECTIONS] = {0};
    #####: 6581:  addr_t output_section_sizes[LD_MAX_OUTPUT_SECTIONS] = {0};
    #####: 6582:  addr_t output_section_align[LD_MAX_OUTPUT_SECTIONS] = {0};
    #####: 6583:  addr_t output_section_vma_end[LD_MAX_OUTPUT_SECTIONS] = {0};
        -: 6584:
        -: 6585:  /* Find section addresses and map output sections to actual addresses */
    #####: 6586:  for (i = 1; i < s1->nb_sections; i++)
        -: 6587:  {
    #####: 6588:    s = s1->sections[i];
    #####: 6589:    if (!s->sh_addr)
    #####: 6590:      continue;
        -: 6591:
    #####: 6592:    sec_end = s->sh_addr + s->sh_size;
    #####: 6593:    if (sec_end > end_addr)
    #####: 6594:      end_addr = sec_end;
        -: 6595:
        -: 6596:    /* Match .bss and .bss.* sections */
    #####: 6597:    if (!strcmp(s->name, ".bss") || !strncmp(s->name, ".bss.", 5))
        -: 6598:    {
    #####: 6599:      if (bss_start == 0 || s->sh_addr < bss_start)
    #####: 6600:        bss_start = s->sh_addr;
    #####: 6601:      if (sec_end > bss_end)
    #####: 6602:        bss_end = sec_end;
        -: 6603:    }
        -: 6604:    /* Match .data and .data.* sections */
    #####: 6605:    else if (!strcmp(s->name, ".data") || !strncmp(s->name, ".data.", 6))
        -: 6606:    {
    #####: 6607:      if (data_start == 0 || s->sh_addr < data_start)
    #####: 6608:        data_start = s->sh_addr;
    #####: 6609:      if (sec_end > data_end)
    #####: 6610:        data_end = sec_end;
        -: 6611:    }
        -: 6612:    /* Match .text and .text.* sections */
    #####: 6613:    else if (!strcmp(s->name, ".text") || !strncmp(s->name, ".text.", 6))
        -: 6614:    {
    #####: 6615:      if (text_start == 0 || s->sh_addr < text_start)
    #####: 6616:        text_start = s->sh_addr;
    #####: 6617:      if (sec_end > text_end)
    #####: 6618:        text_end = sec_end;
        -: 6619:    }
        -: 6620:    /* Match .rodata and .rodata.* sections */
    #####: 6621:    else if (!strcmp(s->name, ".rodata") || !strncmp(s->name, ".rodata.", 8))
        -: 6622:    {
    #####: 6623:      if (rodata_start == 0 || s->sh_addr < rodata_start)
    #####: 6624:        rodata_start = s->sh_addr;
    #####: 6625:      if (sec_end > rodata_end)
    #####: 6626:        rodata_end = sec_end;
        -: 6627:    }
        -: 6628:
        -: 6629:    /* Map output section names to addresses */
    #####: 6630:    for (j = 0; j < ld->nb_output_sections; j++)
        -: 6631:    {
    #####: 6632:      if (!strcmp(s->name, ld->output_sections[j].name))
        -: 6633:      {
    #####: 6634:        output_section_addrs[j] = s->sh_addr;
    #####: 6635:        output_section_has_addr[j] = 1;
    #####: 6636:        break;
        -: 6637:      }
        -: 6638:    }
        -: 6639:
        -: 6640:    /* Accumulate sizes/alignments for load address computation */
    #####: 6641:    if (ld)
        -: 6642:    {
    #####: 6643:      int pat_idx = -1;
    #####: 6644:      int ld_idx = ld_find_output_section_idx(s1, s->name, &pat_idx);
    #####: 6645:      if (ld_idx >= 0 && ld_idx < ld->nb_output_sections)
        -: 6646:      {
    #####: 6647:        addr_t align = s->sh_addralign ? s->sh_addralign : 1;
    #####: 6648:        if (align > output_section_align[ld_idx])
    #####: 6649:          output_section_align[ld_idx] = align;
    #####: 6650:        if (s->sh_type != SHT_NOBITS)
    #####: 6651:          output_section_sizes[ld_idx] += s->sh_size;
        -: 6652:        /* Track VMA end address (includes alignment between sections) */
    #####: 6653:        if (s->sh_addr + s->sh_size > output_section_vma_end[ld_idx])
    #####: 6654:          output_section_vma_end[ld_idx] = s->sh_addr + s->sh_size;
        -: 6655:      }
        -: 6656:    }
        -: 6657:  }
        -: 6658:
        -: 6659:  /* Compute output section load addresses (LMA) */
    #####: 6660:  if (ld)
        -: 6661:  {
    #####: 6662:    addr_t lma_cur[LD_MAX_MEMORY_REGIONS] = {0};
    #####: 6663:    if (ld->nb_memory_regions > 0)
        -: 6664:    {
    #####: 6665:      for (i = 0; i < ld->nb_memory_regions; i++)
    #####: 6666:        lma_cur[i] = ld->memory_regions[i].origin;
    #####: 6667:      for (j = 0; j < ld->nb_output_sections; j++)
        -: 6668:      {
    #####: 6669:        int load_mr = ld->output_sections[j].load_memory_region_idx;
    #####: 6670:        int vma_mr = ld->output_sections[j].memory_region_idx;
    #####: 6671:        int mr = (load_mr >= 0) ? load_mr : vma_mr;
    #####: 6672:        if (mr < 0)
    #####: 6673:          mr = 0;
    #####: 6674:        if (mr >= 0 && mr < ld->nb_memory_regions)
        -: 6675:        {
    #####: 6676:          addr_t align = output_section_align[j] ? output_section_align[j] : 1;
    #####: 6677:          addr_t cur = lma_cur[mr];
    #####: 6678:          addr_t lma_start = (cur + align - 1) & ~(align - 1);
    #####: 6679:          output_section_loadaddrs[j] = lma_start;
        -: 6680:          /* For sections where VMA region == LMA region (no AT > directive),
        -: 6681:             use the actual VMA end address which includes alignment padding
        -: 6682:             between input sections. Otherwise use the raw content size. */
    #####: 6683:          if (load_mr < 0 && output_section_vma_end[j] > lma_start)
    #####: 6684:            lma_cur[mr] = output_section_vma_end[j];
        -: 6685:          else
    #####: 6686:            lma_cur[mr] = lma_start + output_section_sizes[j];
        -: 6687:        }
        -: 6688:      }
        -: 6689:    }
        -: 6690:    else
        -: 6691:    {
    #####: 6692:      for (j = 0; j < ld->nb_output_sections; j++)
    #####: 6693:        output_section_loadaddrs[j] = output_section_addrs[j];
        -: 6694:    }
        -: 6695:
        -: 6696:    /* Save computed LMA values in LDScript for p_paddr fixup */
    #####: 6697:    for (j = 0; j < ld->nb_output_sections; j++)
    #####: 6698:      ld->output_section_loadaddrs[j] = output_section_loadaddrs[j];
    #####: 6699:    ld->has_loadaddrs = 1;
        -: 6700:  }
        -: 6701:
        -: 6702:  /* For NOLOAD sections (like .heap, .stack) that don't have actual ELF
        -: 6703:   * sections, compute their addresses based on the memory region they're
        -: 6704:   * assigned to in the linker script. Track per-region end addresses. */
    #####: 6705:  addr_t mr_end[LD_MAX_MEMORY_REGIONS] = {0};
        -: 6706:
        -: 6707:  /* Initialize memory region end addresses from laid-out sections */
    #####: 6708:  for (j = 0; j < ld->nb_output_sections; j++)
        -: 6709:  {
    #####: 6710:    if (output_section_has_addr[j])
        -: 6711:    {
    #####: 6712:      int mr = ld->output_sections[j].memory_region_idx;
    #####: 6713:      if (mr < 0)
    #####: 6714:        mr = 0;
    #####: 6715:      if (mr >= 0 && mr < ld->nb_memory_regions)
        -: 6716:      {
    #####: 6717:        addr_t sec_end_addr = output_section_addrs[j] + ld->output_sections[j].current_offset;
    #####: 6718:        if (sec_end_addr > mr_end[mr])
    #####: 6719:          mr_end[mr] = sec_end_addr;
        -: 6720:      }
        -: 6721:    }
        -: 6722:  }
        -: 6723:
        -: 6724:  /* For regions with no sections, start from their origin */
    #####: 6725:  for (i = 0; i < ld->nb_memory_regions; i++)
        -: 6726:  {
    #####: 6727:    if (mr_end[i] == 0)
    #####: 6728:      mr_end[i] = ld->memory_regions[i].origin;
        -: 6729:  }
        -: 6730:
        -: 6731:  /* Place NOLOAD sections in their assigned memory regions */
    #####: 6732:  for (j = 0; j < ld->nb_output_sections; j++)
        -: 6733:  {
    #####: 6734:    if (output_section_addrs[j] == 0)
        -: 6735:    {
        -: 6736:      /* This output section has no matching ELF section (NOLOAD) */
    #####: 6737:      int mr = ld->output_sections[j].memory_region_idx;
    #####: 6738:      if (mr < 0)
    #####: 6739:        mr = 0;
    #####: 6740:      if (mr >= 0 && mr < ld->nb_memory_regions)
        -: 6741:      {
    #####: 6742:        output_section_addrs[j] = mr_end[mr];
    #####: 6743:        output_section_has_addr[j] = 1;
    #####: 6744:        mr_end[mr] += ld->output_sections[j].current_offset;
        -: 6745:      }
        -: 6746:    }
        -: 6747:  }
        -: 6748:
        -: 6749:  /* First pass: update symbols that are defined in output sections using
        -: 6750:   * section_offset. This handles all symbols generically. */
    #####: 6751:  for (j = 0; j < ld->nb_symbols; j++)
        -: 6752:  {
    #####: 6753:    LDSymbol *sym = &ld->symbols[j];
    #####: 6754:    if (sym->defined && sym->section_idx >= 0 && sym->section_idx < ld->nb_output_sections)
        -: 6755:    {
    #####: 6756:      addr_t section_addr = output_section_addrs[sym->section_idx];
    #####: 6757:      if (output_section_has_addr[sym->section_idx])
        -: 6758:      {
        -: 6759:        /* Symbol value = section base address + offset within section */
    #####: 6760:        sym->value = section_addr + sym->section_offset;
        -: 6761:      }
        -: 6762:    }
        -: 6763:  }
        -: 6764:
        -: 6765:  /* Resolve LOADADDR() symbols using computed LMA addresses */
    #####: 6766:  for (j = 0; j < ld->nb_symbols; j++)
        -: 6767:  {
    #####: 6768:    LDSymbol *sym = &ld->symbols[j];
    #####: 6769:    if (sym->has_loadaddr && sym->loadaddr_section_idx >= 0 && sym->loadaddr_section_idx < ld->nb_output_sections)
        -: 6770:    {
    #####: 6771:      addr_t lma = output_section_loadaddrs[sym->loadaddr_section_idx];
    #####: 6772:      sym->value = lma;
    #####: 6773:      sym->defined = 1;
        -: 6774:    }
        -: 6775:  }
        -: 6776:
        -: 6777:  /* Second pass: update standard section boundary symbols.
        -: 6778:   * For boundary symbols like __data_start__/__data_end__, always use
        -: 6779:   * the computed values based on actual section layout, because the
        -: 6780:   * linker script values are only relative offsets that don't account
        -: 6781:   * for all input sections. */
    #####: 6782:  for (j = 0; j < ld->nb_symbols; j++)
        -: 6783:  {
    #####: 6784:    LDSymbol *sym = &ld->symbols[j];
        -: 6785:
        -: 6786:    /* Update standard section symbols - these ALWAYS use computed values */
    #####: 6787:    if (!strcmp(sym->name, "__bss_start__") || !strcmp(sym->name, "__bss_start"))
        -: 6788:    {
    #####: 6789:      sym->value = bss_start;
    #####: 6790:      sym->defined = 1;
        -: 6791:    }
    #####: 6792:    else if (!strcmp(sym->name, "__bss_end__") || !strcmp(sym->name, "_bss_end__"))
        -: 6793:    {
    #####: 6794:      sym->value = bss_end;
    #####: 6795:      sym->defined = 1;
        -: 6796:    }
    #####: 6797:    else if (!strcmp(sym->name, "__data_start__"))
        -: 6798:    {
    #####: 6799:      sym->value = data_start;
    #####: 6800:      sym->defined = 1;
        -: 6801:    }
    #####: 6802:    else if (!strcmp(sym->name, "__data_end__") || !strcmp(sym->name, "_edata"))
        -: 6803:    {
    #####: 6804:      sym->value = data_end;
    #####: 6805:      sym->defined = 1;
        -: 6806:    }
    #####: 6807:    else if (!strcmp(sym->name, "__text_start__") || !strcmp(sym->name, "_stext"))
        -: 6808:    {
    #####: 6809:      sym->value = text_start;
    #####: 6810:      sym->defined = 1;
        -: 6811:    }
    #####: 6812:    else if (!strcmp(sym->name, "__text_end__") || !strcmp(sym->name, "_etext"))
        -: 6813:    {
    #####: 6814:      sym->value = text_end;
    #####: 6815:      sym->defined = 1;
        -: 6816:    }
    #####: 6817:    else if (!strcmp(sym->name, "__rodata_start__"))
        -: 6818:    {
    #####: 6819:      sym->value = rodata_start;
    #####: 6820:      sym->defined = 1;
        -: 6821:    }
    #####: 6822:    else if (!strcmp(sym->name, "__rodata_end__"))
        -: 6823:    {
    #####: 6824:      sym->value = rodata_end;
    #####: 6825:      sym->defined = 1;
        -: 6826:    }
    #####: 6827:    else if (!strcmp(sym->name, "__end__") || !strcmp(sym->name, "_end") || !strcmp(sym->name, "end"))
        -: 6828:    {
    #####: 6829:      sym->value = end_addr;
    #####: 6830:      sym->defined = 1;
        -: 6831:    }
        -: 6832:  }
    #####: 6833:}
        -: 6834:
        -: 6835:/* Set or update a global symbol. If the symbol already exists, update its value
        -: 6836:   instead of trying to add it again (which would trigger "defined twice" error). */
       45: 6837:static void set_or_update_global_sym(TCCState *s1, const char *name, addr_t value)
        -: 6838:{
       45: 6839:  int sym_index = find_elf_sym(symtab_section, name);
       45: 6840:  if (sym_index)
        -: 6841:  {
       15: 6842:    ElfW(Sym) *esym = &((ElfW(Sym) *)symtab_section->data)[sym_index];
       15: 6843:    if (esym->st_shndx != SHN_UNDEF)
        -: 6844:    {
        -: 6845:      /* Symbol already defined - update its value */
       15: 6846:      esym->st_value = value;
       15: 6847:      esym->st_shndx = SHN_ABS;
       15: 6848:      return;
        -: 6849:    }
        -: 6850:  }
       30: 6851:  set_global_sym(s1, name, NULL, value);
        -: 6852:}
        -: 6853:
        -: 6854:/* Export standard end/heap symbols based on section layout */
        3: 6855:ST_FUNC void ld_export_standard_symbols(TCCState *s1)
        -: 6856:{
        -: 6857:  Section *s;
        3: 6858:  addr_t bss_start = 0, bss_end = 0;
        3: 6859:  addr_t data_start = 0, data_end = 0;
        3: 6860:  addr_t text_start = 0, text_end = 0;
        3: 6861:  addr_t end_addr = 0;
        -: 6862:  addr_t sec_end;
        -: 6863:  int i;
        -: 6864:
        -: 6865:  /* Find section addresses */
       21: 6866:  for (i = 1; i < s1->nb_sections; i++)
        -: 6867:  {
       18: 6868:    s = s1->sections[i];
       18: 6869:    if (!s->sh_addr)
        9: 6870:      continue;
        -: 6871:
        9: 6872:    sec_end = s->sh_addr + s->sh_size;
        9: 6873:    if (sec_end > end_addr)
        9: 6874:      end_addr = sec_end;
        -: 6875:
        -: 6876:    /* Match .bss and .bss.* sections */
        9: 6877:    if (!strcmp(s->name, ".bss") || !strncmp(s->name, ".bss.", 5))
        -: 6878:    {
       3*: 6879:      if (bss_start == 0 || s->sh_addr < bss_start)
        3: 6880:        bss_start = s->sh_addr;
        3: 6881:      if (sec_end > bss_end)
        3: 6882:        bss_end = sec_end;
        -: 6883:    }
        -: 6884:    /* Match .data and .data.* sections */
        6: 6885:    else if (!strcmp(s->name, ".data") || !strncmp(s->name, ".data.", 6))
        -: 6886:    {
       3*: 6887:      if (data_start == 0 || s->sh_addr < data_start)
        3: 6888:        data_start = s->sh_addr;
        3: 6889:      if (sec_end > data_end)
        3: 6890:        data_end = sec_end;
        -: 6891:    }
        -: 6892:    /* Match .text and .text.* sections */
       3*: 6893:    else if (!strcmp(s->name, ".text") || !strncmp(s->name, ".text.", 6))
        -: 6894:    {
       3*: 6895:      if (text_start == 0 || s->sh_addr < text_start)
        3: 6896:        text_start = s->sh_addr;
        3: 6897:      if (sec_end > text_end)
        3: 6898:        text_end = sec_end;
        -: 6899:    }
        -: 6900:  }
        -: 6901:
        -: 6902:  /* Set standard symbols, updating existing ones if already defined
        -: 6903:     (e.g. by tcc_add_linker_symbols) */
        3: 6904:  if (bss_start)
        -: 6905:  {
        3: 6906:    set_or_update_global_sym(s1, "__bss_start__", bss_start);
        3: 6907:    set_or_update_global_sym(s1, "__bss_start", bss_start);
        -: 6908:  }
        3: 6909:  if (bss_end)
        -: 6910:  {
        3: 6911:    set_or_update_global_sym(s1, "__bss_end__", bss_end);
        3: 6912:    set_or_update_global_sym(s1, "_bss_end__", bss_end);
        -: 6913:  }
        3: 6914:  if (data_start)
        -: 6915:  {
        3: 6916:    set_or_update_global_sym(s1, "__data_start__", data_start);
        -: 6917:  }
        3: 6918:  if (data_end)
        -: 6919:  {
        3: 6920:    set_or_update_global_sym(s1, "_edata", data_end);
        3: 6921:    set_or_update_global_sym(s1, "__data_end__", data_end);
        -: 6922:  }
        3: 6923:  if (text_start)
        -: 6924:  {
        3: 6925:    set_or_update_global_sym(s1, "__text_start__", text_start);
        3: 6926:    set_or_update_global_sym(s1, "_stext", text_start);
        -: 6927:  }
        3: 6928:  if (text_end)
        -: 6929:  {
        3: 6930:    set_or_update_global_sym(s1, "_etext", text_end);
        3: 6931:    set_or_update_global_sym(s1, "__text_end__", text_end);
        -: 6932:  }
        3: 6933:  if (end_addr)
        -: 6934:  {
        3: 6935:    set_or_update_global_sym(s1, "__end__", end_addr);
        3: 6936:    set_or_update_global_sym(s1, "_end", end_addr);
        3: 6937:    set_or_update_global_sym(s1, "end", end_addr);
        -: 6938:    /* Heap typically starts at end */
        3: 6939:    set_or_update_global_sym(s1, "__heap_start__", end_addr);
        -: 6940:  }
        3: 6941:}
        -: 6942:
        -: 6943:#endif /* !ELF_OBJ_ONLY */
